[2023-06-12T18:02:02.801+0700] {taskinstance.py:1083} INFO - Dependencies all met for <TaskInstance: ETL_psql_redshift_dag.Transform_product_df scheduled__2023-06-10T00:00:00+00:00 [queued]>
[2023-06-12T18:02:02.807+0700] {taskinstance.py:1083} INFO - Dependencies all met for <TaskInstance: ETL_psql_redshift_dag.Transform_product_df scheduled__2023-06-10T00:00:00+00:00 [queued]>
[2023-06-12T18:02:02.807+0700] {taskinstance.py:1279} INFO - 
--------------------------------------------------------------------------------
[2023-06-12T18:02:02.807+0700] {taskinstance.py:1280} INFO - Starting attempt 1 of 3
[2023-06-12T18:02:02.807+0700] {taskinstance.py:1281} INFO - 
--------------------------------------------------------------------------------
[2023-06-12T18:02:02.814+0700] {taskinstance.py:1300} INFO - Executing <Task(PythonOperator): Transform_product_df> on 2023-06-10 00:00:00+00:00
[2023-06-12T18:02:02.817+0700] {standard_task_runner.py:55} INFO - Started process 12956 to run task
[2023-06-12T18:02:02.821+0700] {standard_task_runner.py:82} INFO - Running: ['airflow', 'tasks', 'run', 'ETL_psql_redshift_dag', 'Transform_product_df', 'scheduled__2023-06-10T00:00:00+00:00', '--job-id', '25', '--raw', '--subdir', 'DAGS_FOLDER/dags_setup.py', '--cfg-path', '/var/folders/13/nw165ws91y30x7r8_6b34m_m0000gn/T/tmpf53x19yj']
[2023-06-12T18:02:02.823+0700] {standard_task_runner.py:83} INFO - Job 25: Subtask Transform_product_df
[2023-06-12T18:02:02.869+0700] {task_command.py:388} INFO - Running <TaskInstance: ETL_psql_redshift_dag.Transform_product_df scheduled__2023-06-10T00:00:00+00:00 [running]> on host vus-macbook-pro.local
[2023-06-12T18:02:02.916+0700] {taskinstance.py:1507} INFO - Exporting the following env vars:
AIRFLOW_CTX_DAG_OWNER=vupham
AIRFLOW_CTX_DAG_ID=ETL_psql_redshift_dag
AIRFLOW_CTX_TASK_ID=Transform_product_df
AIRFLOW_CTX_EXECUTION_DATE=2023-06-10T00:00:00+00:00
AIRFLOW_CTX_TRY_NUMBER=1
AIRFLOW_CTX_DAG_RUN_ID=scheduled__2023-06-10T00:00:00+00:00
[2023-06-12T18:02:05.463+0700] {python.py:177} INFO - Done. Returned value was: None
[2023-06-12T18:02:05.480+0700] {taskinstance.py:1318} INFO - Marking task as SUCCESS. dag_id=ETL_psql_redshift_dag, task_id=Transform_product_df, execution_date=20230610T000000, start_date=20230612T110202, end_date=20230612T110205
[2023-06-12T18:02:05.550+0700] {local_task_job.py:208} INFO - Task exited with return code 0
[2023-06-12T18:02:05.577+0700] {taskinstance.py:2578} INFO - 0 downstream tasks scheduled from follow-on schedule check
[2023-06-12T18:15:17.597+0700] {taskinstance.py:1083} INFO - Dependencies all met for <TaskInstance: ETL_psql_redshift_dag.Transform_product_df scheduled__2023-06-10T00:00:00+00:00 [queued]>
[2023-06-12T18:15:17.603+0700] {taskinstance.py:1083} INFO - Dependencies all met for <TaskInstance: ETL_psql_redshift_dag.Transform_product_df scheduled__2023-06-10T00:00:00+00:00 [queued]>
[2023-06-12T18:15:17.603+0700] {taskinstance.py:1279} INFO - 
--------------------------------------------------------------------------------
[2023-06-12T18:15:17.603+0700] {taskinstance.py:1280} INFO - Starting attempt 1 of 3
[2023-06-12T18:15:17.603+0700] {taskinstance.py:1281} INFO - 
--------------------------------------------------------------------------------
[2023-06-12T18:15:17.609+0700] {taskinstance.py:1300} INFO - Executing <Task(PythonOperator): Transform_product_df> on 2023-06-10 00:00:00+00:00
[2023-06-12T18:15:17.612+0700] {standard_task_runner.py:55} INFO - Started process 15303 to run task
[2023-06-12T18:15:17.615+0700] {standard_task_runner.py:82} INFO - Running: ['airflow', 'tasks', 'run', 'ETL_psql_redshift_dag', 'Transform_product_df', 'scheduled__2023-06-10T00:00:00+00:00', '--job-id', '45', '--raw', '--subdir', 'DAGS_FOLDER/dags_setup.py', '--cfg-path', '/var/folders/13/nw165ws91y30x7r8_6b34m_m0000gn/T/tmpnzhrz5zp']
[2023-06-12T18:15:17.617+0700] {standard_task_runner.py:83} INFO - Job 45: Subtask Transform_product_df
[2023-06-12T18:15:17.672+0700] {task_command.py:388} INFO - Running <TaskInstance: ETL_psql_redshift_dag.Transform_product_df scheduled__2023-06-10T00:00:00+00:00 [running]> on host vus-macbook-pro.local
[2023-06-12T18:15:17.724+0700] {taskinstance.py:1507} INFO - Exporting the following env vars:
AIRFLOW_CTX_DAG_OWNER=vupham
AIRFLOW_CTX_DAG_ID=ETL_psql_redshift_dag
AIRFLOW_CTX_TASK_ID=Transform_product_df
AIRFLOW_CTX_EXECUTION_DATE=2023-06-10T00:00:00+00:00
AIRFLOW_CTX_TRY_NUMBER=1
AIRFLOW_CTX_DAG_RUN_ID=scheduled__2023-06-10T00:00:00+00:00
[2023-06-12T18:15:20.380+0700] {python.py:177} INFO - Done. Returned value was: None
[2023-06-12T18:15:20.391+0700] {taskinstance.py:1318} INFO - Marking task as SUCCESS. dag_id=ETL_psql_redshift_dag, task_id=Transform_product_df, execution_date=20230610T000000, start_date=20230612T111517, end_date=20230612T111520
[2023-06-12T18:15:20.434+0700] {local_task_job.py:208} INFO - Task exited with return code 0
[2023-06-12T18:15:20.454+0700] {taskinstance.py:2578} INFO - 0 downstream tasks scheduled from follow-on schedule check
