[2023-06-13T14:56:15.721+0000] {taskinstance.py:1083} INFO - Dependencies all met for <TaskInstance: ETL_psql_redshift_dag.Load_to_psql manual__2023-06-13T14:55:56.120360+00:00 [queued]>
[2023-06-13T14:56:15.728+0000] {taskinstance.py:1083} INFO - Dependencies all met for <TaskInstance: ETL_psql_redshift_dag.Load_to_psql manual__2023-06-13T14:55:56.120360+00:00 [queued]>
[2023-06-13T14:56:15.728+0000] {taskinstance.py:1279} INFO - 
--------------------------------------------------------------------------------
[2023-06-13T14:56:15.728+0000] {taskinstance.py:1280} INFO - Starting attempt 1 of 3
[2023-06-13T14:56:15.729+0000] {taskinstance.py:1281} INFO - 
--------------------------------------------------------------------------------
[2023-06-13T14:56:15.736+0000] {taskinstance.py:1300} INFO - Executing <Task(PythonOperator): Load_to_psql> on 2023-06-13 14:55:56.120360+00:00
[2023-06-13T14:56:15.741+0000] {standard_task_runner.py:55} INFO - Started process 480 to run task
[2023-06-13T14:56:15.745+0000] {standard_task_runner.py:82} INFO - Running: ['***', 'tasks', 'run', 'ETL_psql_redshift_dag', 'Load_to_psql', 'manual__2023-06-13T14:55:56.120360+00:00', '--job-id', '25', '--raw', '--subdir', 'DAGS_FOLDER/dags_setup.py', '--cfg-path', '/tmp/tmpor7m63lh']
[2023-06-13T14:56:15.747+0000] {standard_task_runner.py:83} INFO - Job 25: Subtask Load_to_psql
[2023-06-13T14:56:15.800+0000] {task_command.py:388} INFO - Running <TaskInstance: ETL_psql_redshift_dag.Load_to_psql manual__2023-06-13T14:55:56.120360+00:00 [running]> on host 63f0fed3274d
[2023-06-13T14:56:15.845+0000] {taskinstance.py:1509} INFO - Exporting the following env vars:
AIRFLOW_CTX_DAG_OWNER=vupham
AIRFLOW_CTX_DAG_ID=ETL_psql_redshift_dag
AIRFLOW_CTX_TASK_ID=Load_to_psql
AIRFLOW_CTX_EXECUTION_DATE=2023-06-13T14:55:56.120360+00:00
AIRFLOW_CTX_TRY_NUMBER=1
AIRFLOW_CTX_DAG_RUN_ID=manual__2023-06-13T14:55:56.120360+00:00
[2023-06-13T14:56:30.522+0000] {logging_mixin.py:137} INFO - Successfully insert data to table Sale_schema.locations
[2023-06-13T14:56:50.111+0000] {logging_mixin.py:137} INFO - Successfully insert data to table Sale_schema.customers
[2023-06-13T14:58:33.773+0000] {logging_mixin.py:137} INFO - Successfully insert data to table Sale_schema.products
[2023-06-13T14:59:43.425+0000] {logging_mixin.py:137} INFO - Successfully insert data to table Sale_schema.sales
[2023-06-13T15:00:50.532+0000] {logging_mixin.py:137} INFO - Successfully insert data to table Sale_schema.shipments
[2023-06-13T15:00:50.763+0000] {python.py:177} INFO - Done. Returned value was: None
[2023-06-13T15:00:50.785+0000] {taskinstance.py:1323} INFO - Marking task as SUCCESS. dag_id=ETL_psql_redshift_dag, task_id=Load_to_psql, execution_date=20230613T145556, start_date=20230613T145615, end_date=20230613T150050
[2023-06-13T15:00:50.882+0000] {local_task_job.py:208} INFO - Task exited with return code 0
[2023-06-13T15:00:50.912+0000] {taskinstance.py:2578} INFO - 1 downstream tasks scheduled from follow-on schedule check
