[2023-06-13T11:46:38.339+0700] {taskinstance.py:1083} INFO - Dependencies all met for <TaskInstance: ETL_psql_redshift_dag.Load_s3_redshift manual__2023-06-13T04:41:58.394184+00:00 [queued]>
[2023-06-13T11:46:38.344+0700] {taskinstance.py:1083} INFO - Dependencies all met for <TaskInstance: ETL_psql_redshift_dag.Load_s3_redshift manual__2023-06-13T04:41:58.394184+00:00 [queued]>
[2023-06-13T11:46:38.345+0700] {taskinstance.py:1279} INFO - 
--------------------------------------------------------------------------------
[2023-06-13T11:46:38.345+0700] {taskinstance.py:1280} INFO - Starting attempt 1 of 3
[2023-06-13T11:46:38.345+0700] {taskinstance.py:1281} INFO - 
--------------------------------------------------------------------------------
[2023-06-13T11:46:38.352+0700] {taskinstance.py:1300} INFO - Executing <Task(PythonOperator): Load_s3_redshift> on 2023-06-13 04:41:58.394184+00:00
[2023-06-13T11:46:38.354+0700] {standard_task_runner.py:55} INFO - Started process 23411 to run task
[2023-06-13T11:46:38.356+0700] {standard_task_runner.py:82} INFO - Running: ['airflow', 'tasks', 'run', 'ETL_psql_redshift_dag', 'Load_s3_redshift', 'manual__2023-06-13T04:41:58.394184+00:00', '--job-id', '87', '--raw', '--subdir', 'DAGS_FOLDER/dags_setup.py', '--cfg-path', '/var/folders/13/nw165ws91y30x7r8_6b34m_m0000gn/T/tmp6dw71q6b']
[2023-06-13T11:46:38.358+0700] {standard_task_runner.py:83} INFO - Job 87: Subtask Load_s3_redshift
[2023-06-13T11:46:38.411+0700] {task_command.py:388} INFO - Running <TaskInstance: ETL_psql_redshift_dag.Load_s3_redshift manual__2023-06-13T04:41:58.394184+00:00 [running]> on host vus-macbook-pro.local
[2023-06-13T11:46:38.467+0700] {taskinstance.py:1507} INFO - Exporting the following env vars:
AIRFLOW_CTX_DAG_OWNER=vupham
AIRFLOW_CTX_DAG_ID=ETL_psql_redshift_dag
AIRFLOW_CTX_TASK_ID=Load_s3_redshift
AIRFLOW_CTX_EXECUTION_DATE=2023-06-13T04:41:58.394184+00:00
AIRFLOW_CTX_TRY_NUMBER=1
AIRFLOW_CTX_DAG_RUN_ID=manual__2023-06-13T04:41:58.394184+00:00
[2023-06-13T11:46:51.854+0700] {python.py:177} INFO - Done. Returned value was: None
[2023-06-13T11:46:51.868+0700] {taskinstance.py:1318} INFO - Marking task as SUCCESS. dag_id=ETL_psql_redshift_dag, task_id=Load_s3_redshift, execution_date=20230613T044158, start_date=20230613T044638, end_date=20230613T044651
[2023-06-13T11:46:51.913+0700] {local_task_job.py:208} INFO - Task exited with return code 0
[2023-06-13T11:46:51.930+0700] {taskinstance.py:2578} INFO - 0 downstream tasks scheduled from follow-on schedule check
