[2023-06-12T18:02:22.857+0700] {taskinstance.py:1083} INFO - Dependencies all met for <TaskInstance: ETL_psql_redshift_dag.Transform_customer_df scheduled__2023-06-11T00:00:00+00:00 [queued]>
[2023-06-12T18:02:22.862+0700] {taskinstance.py:1083} INFO - Dependencies all met for <TaskInstance: ETL_psql_redshift_dag.Transform_customer_df scheduled__2023-06-11T00:00:00+00:00 [queued]>
[2023-06-12T18:02:22.863+0700] {taskinstance.py:1279} INFO - 
--------------------------------------------------------------------------------
[2023-06-12T18:02:22.863+0700] {taskinstance.py:1280} INFO - Starting attempt 1 of 3
[2023-06-12T18:02:22.863+0700] {taskinstance.py:1281} INFO - 
--------------------------------------------------------------------------------
[2023-06-12T18:02:22.869+0700] {taskinstance.py:1300} INFO - Executing <Task(PythonOperator): Transform_customer_df> on 2023-06-11 00:00:00+00:00
[2023-06-12T18:02:22.870+0700] {standard_task_runner.py:55} INFO - Started process 13062 to run task
[2023-06-12T18:02:22.873+0700] {standard_task_runner.py:82} INFO - Running: ['airflow', 'tasks', 'run', 'ETL_psql_redshift_dag', 'Transform_customer_df', 'scheduled__2023-06-11T00:00:00+00:00', '--job-id', '28', '--raw', '--subdir', 'DAGS_FOLDER/dags_setup.py', '--cfg-path', '/var/folders/13/nw165ws91y30x7r8_6b34m_m0000gn/T/tmpmitcuaow']
[2023-06-12T18:02:22.874+0700] {standard_task_runner.py:83} INFO - Job 28: Subtask Transform_customer_df
[2023-06-12T18:02:22.923+0700] {task_command.py:388} INFO - Running <TaskInstance: ETL_psql_redshift_dag.Transform_customer_df scheduled__2023-06-11T00:00:00+00:00 [running]> on host vus-macbook-pro.local
[2023-06-12T18:02:22.974+0700] {taskinstance.py:1507} INFO - Exporting the following env vars:
AIRFLOW_CTX_DAG_OWNER=vupham
AIRFLOW_CTX_DAG_ID=ETL_psql_redshift_dag
AIRFLOW_CTX_TASK_ID=Transform_customer_df
AIRFLOW_CTX_EXECUTION_DATE=2023-06-11T00:00:00+00:00
AIRFLOW_CTX_TRY_NUMBER=1
AIRFLOW_CTX_DAG_RUN_ID=scheduled__2023-06-11T00:00:00+00:00
[2023-06-12T18:02:23.247+0700] {python.py:177} INFO - Done. Returned value was: None
[2023-06-12T18:02:23.257+0700] {taskinstance.py:1318} INFO - Marking task as SUCCESS. dag_id=ETL_psql_redshift_dag, task_id=Transform_customer_df, execution_date=20230611T000000, start_date=20230612T110222, end_date=20230612T110223
[2023-06-12T18:02:23.293+0700] {local_task_job.py:208} INFO - Task exited with return code 0
[2023-06-12T18:02:23.312+0700] {taskinstance.py:2578} INFO - 0 downstream tasks scheduled from follow-on schedule check
[2023-06-12T18:15:46.721+0700] {taskinstance.py:1083} INFO - Dependencies all met for <TaskInstance: ETL_psql_redshift_dag.Transform_customer_df scheduled__2023-06-11T00:00:00+00:00 [queued]>
[2023-06-12T18:15:46.727+0700] {taskinstance.py:1083} INFO - Dependencies all met for <TaskInstance: ETL_psql_redshift_dag.Transform_customer_df scheduled__2023-06-11T00:00:00+00:00 [queued]>
[2023-06-12T18:15:46.727+0700] {taskinstance.py:1279} INFO - 
--------------------------------------------------------------------------------
[2023-06-12T18:15:46.727+0700] {taskinstance.py:1280} INFO - Starting attempt 1 of 3
[2023-06-12T18:15:46.727+0700] {taskinstance.py:1281} INFO - 
--------------------------------------------------------------------------------
[2023-06-12T18:15:46.735+0700] {taskinstance.py:1300} INFO - Executing <Task(PythonOperator): Transform_customer_df> on 2023-06-11 00:00:00+00:00
[2023-06-12T18:15:46.737+0700] {standard_task_runner.py:55} INFO - Started process 15468 to run task
[2023-06-12T18:15:46.740+0700] {standard_task_runner.py:82} INFO - Running: ['airflow', 'tasks', 'run', 'ETL_psql_redshift_dag', 'Transform_customer_df', 'scheduled__2023-06-11T00:00:00+00:00', '--job-id', '50', '--raw', '--subdir', 'DAGS_FOLDER/dags_setup.py', '--cfg-path', '/var/folders/13/nw165ws91y30x7r8_6b34m_m0000gn/T/tmpkk7a7fhl']
[2023-06-12T18:15:46.742+0700] {standard_task_runner.py:83} INFO - Job 50: Subtask Transform_customer_df
[2023-06-12T18:15:46.798+0700] {task_command.py:388} INFO - Running <TaskInstance: ETL_psql_redshift_dag.Transform_customer_df scheduled__2023-06-11T00:00:00+00:00 [running]> on host vus-macbook-pro.local
[2023-06-12T18:15:46.858+0700] {taskinstance.py:1507} INFO - Exporting the following env vars:
AIRFLOW_CTX_DAG_OWNER=vupham
AIRFLOW_CTX_DAG_ID=ETL_psql_redshift_dag
AIRFLOW_CTX_TASK_ID=Transform_customer_df
AIRFLOW_CTX_EXECUTION_DATE=2023-06-11T00:00:00+00:00
AIRFLOW_CTX_TRY_NUMBER=1
AIRFLOW_CTX_DAG_RUN_ID=scheduled__2023-06-11T00:00:00+00:00
[2023-06-12T18:15:47.138+0700] {python.py:177} INFO - Done. Returned value was: None
[2023-06-12T18:15:47.149+0700] {taskinstance.py:1318} INFO - Marking task as SUCCESS. dag_id=ETL_psql_redshift_dag, task_id=Transform_customer_df, execution_date=20230611T000000, start_date=20230612T111546, end_date=20230612T111547
[2023-06-12T18:15:47.162+0700] {local_task_job.py:208} INFO - Task exited with return code 0
[2023-06-12T18:15:47.207+0700] {taskinstance.py:2578} INFO - 0 downstream tasks scheduled from follow-on schedule check
[2023-06-12T18:20:12.116+0700] {taskinstance.py:1083} INFO - Dependencies all met for <TaskInstance: ETL_psql_redshift_dag.Transform_customer_df scheduled__2023-06-11T00:00:00+00:00 [queued]>
[2023-06-12T18:20:12.120+0700] {taskinstance.py:1083} INFO - Dependencies all met for <TaskInstance: ETL_psql_redshift_dag.Transform_customer_df scheduled__2023-06-11T00:00:00+00:00 [queued]>
[2023-06-12T18:20:12.120+0700] {taskinstance.py:1279} INFO - 
--------------------------------------------------------------------------------
[2023-06-12T18:20:12.121+0700] {taskinstance.py:1280} INFO - Starting attempt 1 of 3
[2023-06-12T18:20:12.121+0700] {taskinstance.py:1281} INFO - 
--------------------------------------------------------------------------------
[2023-06-12T18:20:12.127+0700] {taskinstance.py:1300} INFO - Executing <Task(PythonOperator): Transform_customer_df> on 2023-06-11 00:00:00+00:00
[2023-06-12T18:20:12.129+0700] {standard_task_runner.py:55} INFO - Started process 16345 to run task
[2023-06-12T18:20:12.132+0700] {standard_task_runner.py:82} INFO - Running: ['airflow', 'tasks', 'run', 'ETL_psql_redshift_dag', 'Transform_customer_df', 'scheduled__2023-06-11T00:00:00+00:00', '--job-id', '58', '--raw', '--subdir', 'DAGS_FOLDER/dags_setup.py', '--cfg-path', '/var/folders/13/nw165ws91y30x7r8_6b34m_m0000gn/T/tmp3dsck33s']
[2023-06-12T18:20:12.133+0700] {standard_task_runner.py:83} INFO - Job 58: Subtask Transform_customer_df
[2023-06-12T18:20:12.182+0700] {task_command.py:388} INFO - Running <TaskInstance: ETL_psql_redshift_dag.Transform_customer_df scheduled__2023-06-11T00:00:00+00:00 [running]> on host vus-macbook-pro.local
[2023-06-12T18:20:12.234+0700] {taskinstance.py:1507} INFO - Exporting the following env vars:
AIRFLOW_CTX_DAG_OWNER=vupham
AIRFLOW_CTX_DAG_ID=ETL_psql_redshift_dag
AIRFLOW_CTX_TASK_ID=Transform_customer_df
AIRFLOW_CTX_EXECUTION_DATE=2023-06-11T00:00:00+00:00
AIRFLOW_CTX_TRY_NUMBER=1
AIRFLOW_CTX_DAG_RUN_ID=scheduled__2023-06-11T00:00:00+00:00
[2023-06-12T18:20:12.522+0700] {python.py:177} INFO - Done. Returned value was: None
[2023-06-12T18:20:12.532+0700] {taskinstance.py:1318} INFO - Marking task as SUCCESS. dag_id=ETL_psql_redshift_dag, task_id=Transform_customer_df, execution_date=20230611T000000, start_date=20230612T112012, end_date=20230612T112012
[2023-06-12T18:20:12.552+0700] {local_task_job.py:208} INFO - Task exited with return code 0
[2023-06-12T18:20:12.571+0700] {taskinstance.py:2578} INFO - 0 downstream tasks scheduled from follow-on schedule check
