[2023-06-13T11:35:09.849+0700] {taskinstance.py:1083} INFO - Dependencies all met for <TaskInstance: ETL_psql_redshift_dag.Transform_product_df scheduled__2023-06-12T00:00:00+00:00 [queued]>
[2023-06-13T11:35:09.854+0700] {taskinstance.py:1083} INFO - Dependencies all met for <TaskInstance: ETL_psql_redshift_dag.Transform_product_df scheduled__2023-06-12T00:00:00+00:00 [queued]>
[2023-06-13T11:35:09.854+0700] {taskinstance.py:1279} INFO - 
--------------------------------------------------------------------------------
[2023-06-13T11:35:09.854+0700] {taskinstance.py:1280} INFO - Starting attempt 1 of 3
[2023-06-13T11:35:09.854+0700] {taskinstance.py:1281} INFO - 
--------------------------------------------------------------------------------
[2023-06-13T11:35:09.860+0700] {taskinstance.py:1300} INFO - Executing <Task(PythonOperator): Transform_product_df> on 2023-06-12 00:00:00+00:00
[2023-06-13T11:35:09.862+0700] {standard_task_runner.py:55} INFO - Started process 21384 to run task
[2023-06-13T11:35:09.865+0700] {standard_task_runner.py:82} INFO - Running: ['airflow', 'tasks', 'run', 'ETL_psql_redshift_dag', 'Transform_product_df', 'scheduled__2023-06-12T00:00:00+00:00', '--job-id', '69', '--raw', '--subdir', 'DAGS_FOLDER/dags_setup.py', '--cfg-path', '/var/folders/13/nw165ws91y30x7r8_6b34m_m0000gn/T/tmpyclpp8e1']
[2023-06-13T11:35:09.866+0700] {standard_task_runner.py:83} INFO - Job 69: Subtask Transform_product_df
[2023-06-13T11:35:09.918+0700] {task_command.py:388} INFO - Running <TaskInstance: ETL_psql_redshift_dag.Transform_product_df scheduled__2023-06-12T00:00:00+00:00 [running]> on host vus-macbook-pro.local
[2023-06-13T11:35:10.088+0700] {taskinstance.py:1507} INFO - Exporting the following env vars:
AIRFLOW_CTX_DAG_OWNER=vupham
AIRFLOW_CTX_DAG_ID=ETL_psql_redshift_dag
AIRFLOW_CTX_TASK_ID=Transform_product_df
AIRFLOW_CTX_EXECUTION_DATE=2023-06-12T00:00:00+00:00
AIRFLOW_CTX_TRY_NUMBER=1
AIRFLOW_CTX_DAG_RUN_ID=scheduled__2023-06-12T00:00:00+00:00
[2023-06-13T11:35:12.770+0700] {python.py:177} INFO - Done. Returned value was: None
[2023-06-13T11:35:12.782+0700] {taskinstance.py:1318} INFO - Marking task as SUCCESS. dag_id=ETL_psql_redshift_dag, task_id=Transform_product_df, execution_date=20230612T000000, start_date=20230613T043509, end_date=20230613T043512
[2023-06-13T11:35:12.834+0700] {local_task_job.py:208} INFO - Task exited with return code 0
[2023-06-13T11:35:12.856+0700] {taskinstance.py:2578} INFO - 0 downstream tasks scheduled from follow-on schedule check
