[2023-06-13T14:00:02.692+0000] {taskinstance.py:1083} INFO - Dependencies all met for <TaskInstance: ETL_psql_redshift_dag.Transform_shipment_df manual__2023-06-13T13:59:59.205867+00:00 [queued]>
[2023-06-13T14:00:02.704+0000] {taskinstance.py:1083} INFO - Dependencies all met for <TaskInstance: ETL_psql_redshift_dag.Transform_shipment_df manual__2023-06-13T13:59:59.205867+00:00 [queued]>
[2023-06-13T14:00:02.705+0000] {taskinstance.py:1279} INFO - 
--------------------------------------------------------------------------------
[2023-06-13T14:00:02.706+0000] {taskinstance.py:1280} INFO - Starting attempt 1 of 3
[2023-06-13T14:00:02.707+0000] {taskinstance.py:1281} INFO - 
--------------------------------------------------------------------------------
[2023-06-13T14:00:02.732+0000] {taskinstance.py:1300} INFO - Executing <Task(PythonOperator): Transform_shipment_df> on 2023-06-13 13:59:59.205867+00:00
[2023-06-13T14:00:02.745+0000] {standard_task_runner.py:55} INFO - Started process 324 to run task
[2023-06-13T14:00:02.752+0000] {standard_task_runner.py:82} INFO - Running: ['***', 'tasks', 'run', 'ETL_psql_redshift_dag', 'Transform_shipment_df', 'manual__2023-06-13T13:59:59.205867+00:00', '--job-id', '7', '--raw', '--subdir', 'DAGS_FOLDER/dags_setup.py', '--cfg-path', '/tmp/tmp239a9zza']
[2023-06-13T14:00:02.761+0000] {standard_task_runner.py:83} INFO - Job 7: Subtask Transform_shipment_df
[2023-06-13T14:00:02.916+0000] {task_command.py:388} INFO - Running <TaskInstance: ETL_psql_redshift_dag.Transform_shipment_df manual__2023-06-13T13:59:59.205867+00:00 [running]> on host c54fcea5835c
[2023-06-13T14:00:03.044+0000] {taskinstance.py:1509} INFO - Exporting the following env vars:
AIRFLOW_CTX_DAG_OWNER=vupham
AIRFLOW_CTX_DAG_ID=ETL_psql_redshift_dag
AIRFLOW_CTX_TASK_ID=Transform_shipment_df
AIRFLOW_CTX_EXECUTION_DATE=2023-06-13T13:59:59.205867+00:00
AIRFLOW_CTX_TRY_NUMBER=1
AIRFLOW_CTX_DAG_RUN_ID=manual__2023-06-13T13:59:59.205867+00:00
[2023-06-13T14:00:05.456+0000] {taskinstance.py:1768} ERROR - Task failed with exception
Traceback (most recent call last):
  File "/home/airflow/.local/lib/python3.7/site-packages/airflow/operators/python.py", line 175, in execute
    return_value = self.execute_callable()
  File "/home/airflow/.local/lib/python3.7/site-packages/airflow/operators/python.py", line 192, in execute_callable
    return self.python_callable(*self.op_args, **self.op_kwargs)
  File "/opt/airflow/dags/ETL_psql/Transform/Transform_shipments.py", line 18, in Transform_shipments
    shipment = Transform_shipment_df(Name, filePath);
  File "/opt/airflow/dags/ETL_psql/Transform/Transform.py", line 24, in __init__
    self.write_csv();
  File "/opt/airflow/dags/ETL_psql/Transform/Transform.py", line 46, in write_csv
    self.df.to_csv(write_path, index = False);
  File "/home/airflow/.local/lib/python3.7/site-packages/pandas/core/generic.py", line 3482, in to_csv
    storage_options=storage_options,
  File "/home/airflow/.local/lib/python3.7/site-packages/pandas/io/formats/format.py", line 1105, in to_csv
    csv_formatter.save()
  File "/home/airflow/.local/lib/python3.7/site-packages/pandas/io/formats/csvs.py", line 243, in save
    storage_options=self.storage_options,
  File "/home/airflow/.local/lib/python3.7/site-packages/pandas/io/common.py", line 707, in get_handle
    newline="",
FileNotFoundError: [Errno 2] No such file or directory: '/opt/airflow/Transformed_data/shipments.csv'
[2023-06-13T14:00:05.470+0000] {taskinstance.py:1323} INFO - Marking task as UP_FOR_RETRY. dag_id=ETL_psql_redshift_dag, task_id=Transform_shipment_df, execution_date=20230613T135959, start_date=20230613T140002, end_date=20230613T140005
[2023-06-13T14:00:05.483+0000] {standard_task_runner.py:105} ERROR - Failed to execute job 7 for task Transform_shipment_df ([Errno 2] No such file or directory: '/opt/airflow/Transformed_data/shipments.csv'; 324)
[2023-06-13T14:00:05.553+0000] {local_task_job.py:208} INFO - Task exited with return code 1
[2023-06-13T14:00:05.576+0000] {taskinstance.py:2578} INFO - 0 downstream tasks scheduled from follow-on schedule check
