[2023-06-14T14:47:56.251+0000] {taskinstance.py:1083} INFO - Dependencies all met for <TaskInstance: ETL_psql_redshift_dag.Load_to_psql manual__2023-06-14T14:47:09.982216+00:00 [queued]>
[2023-06-14T14:47:56.264+0000] {taskinstance.py:1083} INFO - Dependencies all met for <TaskInstance: ETL_psql_redshift_dag.Load_to_psql manual__2023-06-14T14:47:09.982216+00:00 [queued]>
[2023-06-14T14:47:56.264+0000] {taskinstance.py:1279} INFO - 
--------------------------------------------------------------------------------
[2023-06-14T14:47:56.265+0000] {taskinstance.py:1280} INFO - Starting attempt 1 of 3
[2023-06-14T14:47:56.265+0000] {taskinstance.py:1281} INFO - 
--------------------------------------------------------------------------------
[2023-06-14T14:47:56.275+0000] {taskinstance.py:1300} INFO - Executing <Task(PythonOperator): Load_to_psql> on 2023-06-14 14:47:09.982216+00:00
[2023-06-14T14:47:56.280+0000] {standard_task_runner.py:55} INFO - Started process 1930 to run task
[2023-06-14T14:47:56.283+0000] {standard_task_runner.py:82} INFO - Running: ['***', 'tasks', 'run', 'ETL_psql_redshift_dag', 'Load_to_psql', 'manual__2023-06-14T14:47:09.982216+00:00', '--job-id', '40', '--raw', '--subdir', 'DAGS_FOLDER/dags_setup.py', '--cfg-path', '/tmp/tmphlscabqb']
[2023-06-14T14:47:56.286+0000] {standard_task_runner.py:83} INFO - Job 40: Subtask Load_to_psql
[2023-06-14T14:47:56.352+0000] {task_command.py:388} INFO - Running <TaskInstance: ETL_psql_redshift_dag.Load_to_psql manual__2023-06-14T14:47:09.982216+00:00 [running]> on host 3d4df578486c
[2023-06-14T14:47:56.405+0000] {taskinstance.py:1509} INFO - Exporting the following env vars:
AIRFLOW_CTX_DAG_OWNER=vupham
AIRFLOW_CTX_DAG_ID=ETL_psql_redshift_dag
AIRFLOW_CTX_TASK_ID=Load_to_psql
AIRFLOW_CTX_EXECUTION_DATE=2023-06-14T14:47:09.982216+00:00
AIRFLOW_CTX_TRY_NUMBER=1
AIRFLOW_CTX_DAG_RUN_ID=manual__2023-06-14T14:47:09.982216+00:00
[2023-06-14T14:48:10.745+0000] {logging_mixin.py:137} INFO - Successfully insert data to table Sale_schema.locations
[2023-06-14T14:48:30.388+0000] {logging_mixin.py:137} INFO - Successfully insert data to table Sale_schema.customers
[2023-06-14T14:50:19.142+0000] {logging_mixin.py:137} INFO - Successfully insert data to table Sale_schema.products
[2023-06-14T14:51:29.996+0000] {logging_mixin.py:137} INFO - Successfully insert data to table Sale_schema.sales
[2023-06-14T14:52:44.887+0000] {logging_mixin.py:137} INFO - Successfully insert data to table Sale_schema.shipments
[2023-06-14T14:52:45.114+0000] {python.py:177} INFO - Done. Returned value was: None
[2023-06-14T14:52:45.135+0000] {taskinstance.py:1323} INFO - Marking task as SUCCESS. dag_id=ETL_psql_redshift_dag, task_id=Load_to_psql, execution_date=20230614T144709, start_date=20230614T144756, end_date=20230614T145245
[2023-06-14T14:52:45.241+0000] {local_task_job.py:208} INFO - Task exited with return code 0
[2023-06-14T14:52:45.270+0000] {taskinstance.py:2578} INFO - 1 downstream tasks scheduled from follow-on schedule check
