[2023-06-14T13:03:38.544+0000] {taskinstance.py:1083} INFO - Dependencies all met for <TaskInstance: ETL_psql_redshift_dag.Create_redshift_schema manual__2023-06-14T12:57:33.382865+00:00 [queued]>
[2023-06-14T13:03:38.551+0000] {taskinstance.py:1083} INFO - Dependencies all met for <TaskInstance: ETL_psql_redshift_dag.Create_redshift_schema manual__2023-06-14T12:57:33.382865+00:00 [queued]>
[2023-06-14T13:03:38.551+0000] {taskinstance.py:1279} INFO - 
--------------------------------------------------------------------------------
[2023-06-14T13:03:38.552+0000] {taskinstance.py:1280} INFO - Starting attempt 1 of 3
[2023-06-14T13:03:38.552+0000] {taskinstance.py:1281} INFO - 
--------------------------------------------------------------------------------
[2023-06-14T13:03:38.559+0000] {taskinstance.py:1300} INFO - Executing <Task(PythonOperator): Create_redshift_schema> on 2023-06-14 12:57:33.382865+00:00
[2023-06-14T13:03:38.565+0000] {standard_task_runner.py:55} INFO - Started process 729 to run task
[2023-06-14T13:03:38.568+0000] {standard_task_runner.py:82} INFO - Running: ['***', 'tasks', 'run', 'ETL_psql_redshift_dag', 'Create_redshift_schema', 'manual__2023-06-14T12:57:33.382865+00:00', '--job-id', '31', '--raw', '--subdir', 'DAGS_FOLDER/dags_setup.py', '--cfg-path', '/tmp/tmp8o4et2uf']
[2023-06-14T13:03:38.571+0000] {standard_task_runner.py:83} INFO - Job 31: Subtask Create_redshift_schema
[2023-06-14T13:03:38.630+0000] {task_command.py:388} INFO - Running <TaskInstance: ETL_psql_redshift_dag.Create_redshift_schema manual__2023-06-14T12:57:33.382865+00:00 [running]> on host 3d4df578486c
[2023-06-14T13:03:38.682+0000] {taskinstance.py:1509} INFO - Exporting the following env vars:
AIRFLOW_CTX_DAG_OWNER=vupham
AIRFLOW_CTX_DAG_ID=ETL_psql_redshift_dag
AIRFLOW_CTX_TASK_ID=Create_redshift_schema
AIRFLOW_CTX_EXECUTION_DATE=2023-06-14T12:57:33.382865+00:00
AIRFLOW_CTX_TRY_NUMBER=1
AIRFLOW_CTX_DAG_RUN_ID=manual__2023-06-14T12:57:33.382865+00:00
[2023-06-14T13:03:48.596+0000] {logging_mixin.py:137} INFO - Create redshift schema successfully
[2023-06-14T13:03:48.602+0000] {python.py:177} INFO - Done. Returned value was: None
[2023-06-14T13:03:48.636+0000] {taskinstance.py:1323} INFO - Marking task as SUCCESS. dag_id=ETL_psql_redshift_dag, task_id=Create_redshift_schema, execution_date=20230614T125733, start_date=20230614T130338, end_date=20230614T130348
[2023-06-14T13:03:48.702+0000] {local_task_job.py:208} INFO - Task exited with return code 0
[2023-06-14T13:03:48.719+0000] {taskinstance.py:2578} INFO - 1 downstream tasks scheduled from follow-on schedule check
