[2023-06-12T18:00:24.116+0700] {taskinstance.py:1083} INFO - Dependencies all met for <TaskInstance: ETL_psql_redshift_dag.Create_psql_schema scheduled__2023-06-10T00:00:00+00:00 [queued]>
[2023-06-12T18:00:24.123+0700] {taskinstance.py:1083} INFO - Dependencies all met for <TaskInstance: ETL_psql_redshift_dag.Create_psql_schema scheduled__2023-06-10T00:00:00+00:00 [queued]>
[2023-06-12T18:00:24.123+0700] {taskinstance.py:1279} INFO - 
--------------------------------------------------------------------------------
[2023-06-12T18:00:24.123+0700] {taskinstance.py:1280} INFO - Starting attempt 1 of 3
[2023-06-12T18:00:24.123+0700] {taskinstance.py:1281} INFO - 
--------------------------------------------------------------------------------
[2023-06-12T18:00:24.129+0700] {taskinstance.py:1300} INFO - Executing <Task(PostgresOperator): Create_psql_schema> on 2023-06-10 00:00:00+00:00
[2023-06-12T18:00:24.133+0700] {standard_task_runner.py:55} INFO - Started process 12504 to run task
[2023-06-12T18:00:24.136+0700] {standard_task_runner.py:82} INFO - Running: ['airflow', 'tasks', 'run', 'ETL_psql_redshift_dag', 'Create_psql_schema', 'scheduled__2023-06-10T00:00:00+00:00', '--job-id', '16', '--raw', '--subdir', 'DAGS_FOLDER/dags_setup.py', '--cfg-path', '/var/folders/13/nw165ws91y30x7r8_6b34m_m0000gn/T/tmp3nn99txy']
[2023-06-12T18:00:24.137+0700] {standard_task_runner.py:83} INFO - Job 16: Subtask Create_psql_schema
[2023-06-12T18:00:24.190+0700] {task_command.py:388} INFO - Running <TaskInstance: ETL_psql_redshift_dag.Create_psql_schema scheduled__2023-06-10T00:00:00+00:00 [running]> on host vus-macbook-pro.local
[2023-06-12T18:00:24.242+0700] {taskinstance.py:1507} INFO - Exporting the following env vars:
AIRFLOW_CTX_DAG_OWNER=vupham
AIRFLOW_CTX_DAG_ID=ETL_psql_redshift_dag
AIRFLOW_CTX_TASK_ID=Create_psql_schema
AIRFLOW_CTX_EXECUTION_DATE=2023-06-10T00:00:00+00:00
AIRFLOW_CTX_TRY_NUMBER=1
AIRFLOW_CTX_DAG_RUN_ID=scheduled__2023-06-10T00:00:00+00:00
[2023-06-12T18:00:24.242+0700] {sql.py:262} INFO - Executing: -- Create Schema `Sale_schema` for postgreSQL database

DROP SCHEMA IF EXISTS Sale_schema CASCADE;

CREATE SCHEMA Sale_schema;

CREATE TABLE IF NOT EXISTS Sale_schema.Sales (
    Order_ID VARCHAR(255) PRIMARY KEY,
    Order_date Date,
    Product_ID BIGINT,
    Style VARCHAR(45),
    Size VARCHAR(45),
    Quantity INT,
    Payment_method VARCHAR(255),
    Total_cost DECIMAL,
    Profit DECIMAL,
    Customer_ID VARCHAR(255)
);

CREATE TABLE IF NOT EXISTS Sale_schema.Products (
    Product_ID BIGINT PRIMARY KEY,
    Product_name VARCHAR(255),
    SKU INT,
    Brand VARCHAR(255),
    Category VARCHAR(255),
    Product_size DECIMAL,
    Sell_price DECIMAL,
    Commision_rate DECIMAL,
    Commision DECIMAL
);

CREATE TABLE IF NOT EXISTS Sale_schema.Customers (
    Customer_ID VARCHAR(255) PRIMARY KEY,
    Name VARCHAR(255),
    Phone VARCHAR(255),
    Age INT,
    Address VARCHAR(255),
    Postal_code INT
);

CREATE TABLE IF NOT EXISTS Sale_schema.Shipments (
    Shipment_ID VARCHAR(255) PRIMARY KEY,
    Order_ID VARCHAR(255),
    Shipping_date Date,
    Shipping_mode VARCHAR(255),
    Shipping_address VARCHAR(255),
    Shipping_status VARCHAR(255),
    Shipping_company VARCHAR(255),
    Shipping_cost DECIMAL,
    Shipping_zipcode INT
);

CREATE TABLE Sale_schema.Locations (
    Postal_code INT PRIMARY KEY,
    City VARCHAR(45),
    State VARCHAR(45),
    Country VARCHAR(45)
);

ALTER TABLE Sale_schema.Sales
ADD CONSTRAINT fk_sale_product_prodID FOREIGN KEY (Product_ID)
REFERENCES Sale_schema.Products (Product_ID)
ON DELETE CASCADE ON UPDATE CASCADE;


ALTER TABLE Sale_schema.Sales
ADD CONSTRAINT fk_sale_customer_custID FOREIGN KEY (Customer_ID)
REFERENCES Sale_schema.Customers (Customer_ID)
ON DELETE CASCADE ON UPDATE CASCADE;

ALTER TABLE Sale_schema.Shipments
ADD CONSTRAINT fk_shipment_sale_orderID FOREIGN KEY (Order_ID)
REFERENCES Sale_schema.Sales (Order_ID)
ON DELETE CASCADE ON UPDATE CASCADE;

ALTER TABLE Sale_schema.Shipments
ADD CONSTRAINT fk_shipment_location_zipcode FOREIGN KEY (Shipping_zipcode)
REFERENCES Sale_schema.Locations (Postal_code)
ON DELETE CASCADE ON UPDATE CASCADE;

ALTER TABLE Sale_schema.Customers
ADD CONSTRAINT fk_customer_location_postcode FOREIGN KEY (Postal_code)
REFERENCES Sale_schema.Locations (Postal_code)
ON DELETE CASCADE ON UPDATE CASCADE;
[2023-06-12T18:00:24.252+0700] {base.py:73} INFO - Using connection ID 'postgres_sale_db' for task execution.
[2023-06-12T18:00:24.339+0700] {base.py:73} INFO - Using connection ID 'postgres_sale_db' for task execution.
[2023-06-12T18:00:24.342+0700] {sql.py:375} INFO - Running statement: -- Create Schema `Sale_schema` for postgreSQL database

DROP SCHEMA IF EXISTS Sale_schema CASCADE;

CREATE SCHEMA Sale_schema;

CREATE TABLE IF NOT EXISTS Sale_schema.Sales (
    Order_ID VARCHAR(255) PRIMARY KEY,
    Order_date Date,
    Product_ID BIGINT,
    Style VARCHAR(45),
    Size VARCHAR(45),
    Quantity INT,
    Payment_method VARCHAR(255),
    Total_cost DECIMAL,
    Profit DECIMAL,
    Customer_ID VARCHAR(255)
);

CREATE TABLE IF NOT EXISTS Sale_schema.Products (
    Product_ID BIGINT PRIMARY KEY,
    Product_name VARCHAR(255),
    SKU INT,
    Brand VARCHAR(255),
    Category VARCHAR(255),
    Product_size DECIMAL,
    Sell_price DECIMAL,
    Commision_rate DECIMAL,
    Commision DECIMAL
);

CREATE TABLE IF NOT EXISTS Sale_schema.Customers (
    Customer_ID VARCHAR(255) PRIMARY KEY,
    Name VARCHAR(255),
    Phone VARCHAR(255),
    Age INT,
    Address VARCHAR(255),
    Postal_code INT
);

CREATE TABLE IF NOT EXISTS Sale_schema.Shipments (
    Shipment_ID VARCHAR(255) PRIMARY KEY,
    Order_ID VARCHAR(255),
    Shipping_date Date,
    Shipping_mode VARCHAR(255),
    Shipping_address VARCHAR(255),
    Shipping_status VARCHAR(255),
    Shipping_company VARCHAR(255),
    Shipping_cost DECIMAL,
    Shipping_zipcode INT
);

CREATE TABLE Sale_schema.Locations (
    Postal_code INT PRIMARY KEY,
    City VARCHAR(45),
    State VARCHAR(45),
    Country VARCHAR(45)
);

ALTER TABLE Sale_schema.Sales
ADD CONSTRAINT fk_sale_product_prodID FOREIGN KEY (Product_ID)
REFERENCES Sale_schema.Products (Product_ID)
ON DELETE CASCADE ON UPDATE CASCADE;


ALTER TABLE Sale_schema.Sales
ADD CONSTRAINT fk_sale_customer_custID FOREIGN KEY (Customer_ID)
REFERENCES Sale_schema.Customers (Customer_ID)
ON DELETE CASCADE ON UPDATE CASCADE;

ALTER TABLE Sale_schema.Shipments
ADD CONSTRAINT fk_shipment_sale_orderID FOREIGN KEY (Order_ID)
REFERENCES Sale_schema.Sales (Order_ID)
ON DELETE CASCADE ON UPDATE CASCADE;

ALTER TABLE Sale_schema.Shipments
ADD CONSTRAINT fk_shipment_location_zipcode FOREIGN KEY (Shipping_zipcode)
REFERENCES Sale_schema.Locations (Postal_code)
ON DELETE CASCADE ON UPDATE CASCADE;

ALTER TABLE Sale_schema.Customers
ADD CONSTRAINT fk_customer_location_postcode FOREIGN KEY (Postal_code)
REFERENCES Sale_schema.Locations (Postal_code)
ON DELETE CASCADE ON UPDATE CASCADE;, parameters: None
[2023-06-12T18:00:24.390+0700] {taskinstance.py:1318} INFO - Marking task as SUCCESS. dag_id=ETL_psql_redshift_dag, task_id=Create_psql_schema, execution_date=20230610T000000, start_date=20230612T110024, end_date=20230612T110024
[2023-06-12T18:00:24.423+0700] {local_task_job.py:208} INFO - Task exited with return code 0
[2023-06-12T18:00:24.437+0700] {taskinstance.py:2578} INFO - 0 downstream tasks scheduled from follow-on schedule check
[2023-06-12T18:01:51.260+0700] {taskinstance.py:1083} INFO - Dependencies all met for <TaskInstance: ETL_psql_redshift_dag.Create_psql_schema scheduled__2023-06-10T00:00:00+00:00 [queued]>
[2023-06-12T18:01:51.273+0700] {taskinstance.py:1083} INFO - Dependencies all met for <TaskInstance: ETL_psql_redshift_dag.Create_psql_schema scheduled__2023-06-10T00:00:00+00:00 [queued]>
[2023-06-12T18:01:51.273+0700] {taskinstance.py:1279} INFO - 
--------------------------------------------------------------------------------
[2023-06-12T18:01:51.273+0700] {taskinstance.py:1280} INFO - Starting attempt 1 of 3
[2023-06-12T18:01:51.273+0700] {taskinstance.py:1281} INFO - 
--------------------------------------------------------------------------------
[2023-06-12T18:01:51.286+0700] {taskinstance.py:1300} INFO - Executing <Task(PostgresOperator): Create_psql_schema> on 2023-06-10 00:00:00+00:00
[2023-06-12T18:01:51.292+0700] {standard_task_runner.py:55} INFO - Started process 12847 to run task
[2023-06-12T18:01:51.302+0700] {standard_task_runner.py:82} INFO - Running: ['airflow', 'tasks', 'run', 'ETL_psql_redshift_dag', 'Create_psql_schema', 'scheduled__2023-06-10T00:00:00+00:00', '--job-id', '21', '--raw', '--subdir', 'DAGS_FOLDER/dags_setup.py', '--cfg-path', '/var/folders/13/nw165ws91y30x7r8_6b34m_m0000gn/T/tmpuq_caqej']
[2023-06-12T18:01:51.304+0700] {standard_task_runner.py:83} INFO - Job 21: Subtask Create_psql_schema
[2023-06-12T18:01:51.359+0700] {task_command.py:388} INFO - Running <TaskInstance: ETL_psql_redshift_dag.Create_psql_schema scheduled__2023-06-10T00:00:00+00:00 [running]> on host vus-macbook-pro.local
[2023-06-12T18:01:51.405+0700] {taskinstance.py:1507} INFO - Exporting the following env vars:
AIRFLOW_CTX_DAG_OWNER=vupham
AIRFLOW_CTX_DAG_ID=ETL_psql_redshift_dag
AIRFLOW_CTX_TASK_ID=Create_psql_schema
AIRFLOW_CTX_EXECUTION_DATE=2023-06-10T00:00:00+00:00
AIRFLOW_CTX_TRY_NUMBER=1
AIRFLOW_CTX_DAG_RUN_ID=scheduled__2023-06-10T00:00:00+00:00
[2023-06-12T18:01:51.406+0700] {sql.py:262} INFO - Executing: -- Create Schema `Sale_schema` for postgreSQL database

DROP SCHEMA IF EXISTS Sale_schema CASCADE;

CREATE SCHEMA Sale_schema;

CREATE TABLE IF NOT EXISTS Sale_schema.Sales (
    Order_ID VARCHAR(255) PRIMARY KEY,
    Order_date Date,
    Product_ID BIGINT,
    Style VARCHAR(45),
    Size VARCHAR(45),
    Quantity INT,
    Payment_method VARCHAR(255),
    Total_cost DECIMAL,
    Profit DECIMAL,
    Customer_ID VARCHAR(255)
);

CREATE TABLE IF NOT EXISTS Sale_schema.Products (
    Product_ID BIGINT PRIMARY KEY,
    Product_name VARCHAR(255),
    SKU INT,
    Brand VARCHAR(255),
    Category VARCHAR(255),
    Product_size DECIMAL,
    Sell_price DECIMAL,
    Commision_rate DECIMAL,
    Commision DECIMAL
);

CREATE TABLE IF NOT EXISTS Sale_schema.Customers (
    Customer_ID VARCHAR(255) PRIMARY KEY,
    Name VARCHAR(255),
    Phone VARCHAR(255),
    Age INT,
    Address VARCHAR(255),
    Postal_code INT
);

CREATE TABLE IF NOT EXISTS Sale_schema.Shipments (
    Shipment_ID VARCHAR(255) PRIMARY KEY,
    Order_ID VARCHAR(255),
    Shipping_date Date,
    Shipping_mode VARCHAR(255),
    Shipping_address VARCHAR(255),
    Shipping_status VARCHAR(255),
    Shipping_company VARCHAR(255),
    Shipping_cost DECIMAL,
    Shipping_zipcode INT
);

CREATE TABLE Sale_schema.Locations (
    Postal_code INT PRIMARY KEY,
    City VARCHAR(45),
    State VARCHAR(45),
    Country VARCHAR(45)
);

ALTER TABLE Sale_schema.Sales
ADD CONSTRAINT fk_sale_product_prodID FOREIGN KEY (Product_ID)
REFERENCES Sale_schema.Products (Product_ID)
ON DELETE CASCADE ON UPDATE CASCADE;


ALTER TABLE Sale_schema.Sales
ADD CONSTRAINT fk_sale_customer_custID FOREIGN KEY (Customer_ID)
REFERENCES Sale_schema.Customers (Customer_ID)
ON DELETE CASCADE ON UPDATE CASCADE;

ALTER TABLE Sale_schema.Shipments
ADD CONSTRAINT fk_shipment_sale_orderID FOREIGN KEY (Order_ID)
REFERENCES Sale_schema.Sales (Order_ID)
ON DELETE CASCADE ON UPDATE CASCADE;

ALTER TABLE Sale_schema.Shipments
ADD CONSTRAINT fk_shipment_location_zipcode FOREIGN KEY (Shipping_zipcode)
REFERENCES Sale_schema.Locations (Postal_code)
ON DELETE CASCADE ON UPDATE CASCADE;

ALTER TABLE Sale_schema.Customers
ADD CONSTRAINT fk_customer_location_postcode FOREIGN KEY (Postal_code)
REFERENCES Sale_schema.Locations (Postal_code)
ON DELETE CASCADE ON UPDATE CASCADE;
[2023-06-12T18:01:51.415+0700] {base.py:73} INFO - Using connection ID 'postgres_sale_db' for task execution.
[2023-06-12T18:01:51.526+0700] {base.py:73} INFO - Using connection ID 'postgres_sale_db' for task execution.
[2023-06-12T18:01:51.530+0700] {sql.py:375} INFO - Running statement: -- Create Schema `Sale_schema` for postgreSQL database

DROP SCHEMA IF EXISTS Sale_schema CASCADE;

CREATE SCHEMA Sale_schema;

CREATE TABLE IF NOT EXISTS Sale_schema.Sales (
    Order_ID VARCHAR(255) PRIMARY KEY,
    Order_date Date,
    Product_ID BIGINT,
    Style VARCHAR(45),
    Size VARCHAR(45),
    Quantity INT,
    Payment_method VARCHAR(255),
    Total_cost DECIMAL,
    Profit DECIMAL,
    Customer_ID VARCHAR(255)
);

CREATE TABLE IF NOT EXISTS Sale_schema.Products (
    Product_ID BIGINT PRIMARY KEY,
    Product_name VARCHAR(255),
    SKU INT,
    Brand VARCHAR(255),
    Category VARCHAR(255),
    Product_size DECIMAL,
    Sell_price DECIMAL,
    Commision_rate DECIMAL,
    Commision DECIMAL
);

CREATE TABLE IF NOT EXISTS Sale_schema.Customers (
    Customer_ID VARCHAR(255) PRIMARY KEY,
    Name VARCHAR(255),
    Phone VARCHAR(255),
    Age INT,
    Address VARCHAR(255),
    Postal_code INT
);

CREATE TABLE IF NOT EXISTS Sale_schema.Shipments (
    Shipment_ID VARCHAR(255) PRIMARY KEY,
    Order_ID VARCHAR(255),
    Shipping_date Date,
    Shipping_mode VARCHAR(255),
    Shipping_address VARCHAR(255),
    Shipping_status VARCHAR(255),
    Shipping_company VARCHAR(255),
    Shipping_cost DECIMAL,
    Shipping_zipcode INT
);

CREATE TABLE Sale_schema.Locations (
    Postal_code INT PRIMARY KEY,
    City VARCHAR(45),
    State VARCHAR(45),
    Country VARCHAR(45)
);

ALTER TABLE Sale_schema.Sales
ADD CONSTRAINT fk_sale_product_prodID FOREIGN KEY (Product_ID)
REFERENCES Sale_schema.Products (Product_ID)
ON DELETE CASCADE ON UPDATE CASCADE;


ALTER TABLE Sale_schema.Sales
ADD CONSTRAINT fk_sale_customer_custID FOREIGN KEY (Customer_ID)
REFERENCES Sale_schema.Customers (Customer_ID)
ON DELETE CASCADE ON UPDATE CASCADE;

ALTER TABLE Sale_schema.Shipments
ADD CONSTRAINT fk_shipment_sale_orderID FOREIGN KEY (Order_ID)
REFERENCES Sale_schema.Sales (Order_ID)
ON DELETE CASCADE ON UPDATE CASCADE;

ALTER TABLE Sale_schema.Shipments
ADD CONSTRAINT fk_shipment_location_zipcode FOREIGN KEY (Shipping_zipcode)
REFERENCES Sale_schema.Locations (Postal_code)
ON DELETE CASCADE ON UPDATE CASCADE;

ALTER TABLE Sale_schema.Customers
ADD CONSTRAINT fk_customer_location_postcode FOREIGN KEY (Postal_code)
REFERENCES Sale_schema.Locations (Postal_code)
ON DELETE CASCADE ON UPDATE CASCADE;, parameters: None
[2023-06-12T18:01:51.556+0700] {taskinstance.py:1318} INFO - Marking task as SUCCESS. dag_id=ETL_psql_redshift_dag, task_id=Create_psql_schema, execution_date=20230610T000000, start_date=20230612T110151, end_date=20230612T110151
[2023-06-12T18:01:51.584+0700] {local_task_job.py:208} INFO - Task exited with return code 0
[2023-06-12T18:01:51.603+0700] {taskinstance.py:2578} INFO - 5 downstream tasks scheduled from follow-on schedule check
[2023-06-12T18:15:05.888+0700] {taskinstance.py:1083} INFO - Dependencies all met for <TaskInstance: ETL_psql_redshift_dag.Create_psql_schema scheduled__2023-06-10T00:00:00+00:00 [queued]>
[2023-06-12T18:15:05.893+0700] {taskinstance.py:1083} INFO - Dependencies all met for <TaskInstance: ETL_psql_redshift_dag.Create_psql_schema scheduled__2023-06-10T00:00:00+00:00 [queued]>
[2023-06-12T18:15:05.893+0700] {taskinstance.py:1279} INFO - 
--------------------------------------------------------------------------------
[2023-06-12T18:15:05.893+0700] {taskinstance.py:1280} INFO - Starting attempt 1 of 3
[2023-06-12T18:15:05.893+0700] {taskinstance.py:1281} INFO - 
--------------------------------------------------------------------------------
[2023-06-12T18:15:05.899+0700] {taskinstance.py:1300} INFO - Executing <Task(PostgresOperator): Create_psql_schema> on 2023-06-10 00:00:00+00:00
[2023-06-12T18:15:05.901+0700] {standard_task_runner.py:55} INFO - Started process 15193 to run task
[2023-06-12T18:15:05.904+0700] {standard_task_runner.py:82} INFO - Running: ['airflow', 'tasks', 'run', 'ETL_psql_redshift_dag', 'Create_psql_schema', 'scheduled__2023-06-10T00:00:00+00:00', '--job-id', '41', '--raw', '--subdir', 'DAGS_FOLDER/dags_setup.py', '--cfg-path', '/var/folders/13/nw165ws91y30x7r8_6b34m_m0000gn/T/tmp8k201rk1']
[2023-06-12T18:15:05.905+0700] {standard_task_runner.py:83} INFO - Job 41: Subtask Create_psql_schema
[2023-06-12T18:15:05.953+0700] {task_command.py:388} INFO - Running <TaskInstance: ETL_psql_redshift_dag.Create_psql_schema scheduled__2023-06-10T00:00:00+00:00 [running]> on host vus-macbook-pro.local
[2023-06-12T18:15:05.996+0700] {taskinstance.py:1507} INFO - Exporting the following env vars:
AIRFLOW_CTX_DAG_OWNER=vupham
AIRFLOW_CTX_DAG_ID=ETL_psql_redshift_dag
AIRFLOW_CTX_TASK_ID=Create_psql_schema
AIRFLOW_CTX_EXECUTION_DATE=2023-06-10T00:00:00+00:00
AIRFLOW_CTX_TRY_NUMBER=1
AIRFLOW_CTX_DAG_RUN_ID=scheduled__2023-06-10T00:00:00+00:00
[2023-06-12T18:15:05.997+0700] {sql.py:262} INFO - Executing: -- Create Schema `Sale_schema` for postgreSQL database

DROP SCHEMA IF EXISTS Sale_schema CASCADE;

CREATE SCHEMA Sale_schema;

CREATE TABLE IF NOT EXISTS Sale_schema.Sales (
    Order_ID VARCHAR(255) PRIMARY KEY,
    Order_date Date,
    Product_ID BIGINT,
    Style VARCHAR(45),
    Size VARCHAR(45),
    Quantity INT,
    Payment_method VARCHAR(255),
    Total_cost DECIMAL,
    Profit DECIMAL,
    Customer_ID VARCHAR(255)
);

CREATE TABLE IF NOT EXISTS Sale_schema.Products (
    Product_ID BIGINT PRIMARY KEY,
    Product_name VARCHAR(255),
    SKU INT,
    Brand VARCHAR(255),
    Category VARCHAR(255),
    Product_size DECIMAL,
    Sell_price DECIMAL,
    Commision_rate DECIMAL,
    Commision DECIMAL
);

CREATE TABLE IF NOT EXISTS Sale_schema.Customers (
    Customer_ID VARCHAR(255) PRIMARY KEY,
    Name VARCHAR(255),
    Phone VARCHAR(255),
    Age INT,
    Address VARCHAR(255),
    Postal_code INT
);

CREATE TABLE IF NOT EXISTS Sale_schema.Shipments (
    Shipment_ID VARCHAR(255) PRIMARY KEY,
    Order_ID VARCHAR(255),
    Shipping_date Date,
    Shipping_mode VARCHAR(255),
    Shipping_address VARCHAR(255),
    Shipping_status VARCHAR(255),
    Shipping_company VARCHAR(255),
    Shipping_cost DECIMAL,
    Shipping_zipcode INT
);

CREATE TABLE Sale_schema.Locations (
    Postal_code INT PRIMARY KEY,
    City VARCHAR(45),
    State VARCHAR(45),
    Country VARCHAR(45)
);

ALTER TABLE Sale_schema.Sales
ADD CONSTRAINT fk_sale_product_prodID FOREIGN KEY (Product_ID)
REFERENCES Sale_schema.Products (Product_ID)
ON DELETE CASCADE ON UPDATE CASCADE;


ALTER TABLE Sale_schema.Sales
ADD CONSTRAINT fk_sale_customer_custID FOREIGN KEY (Customer_ID)
REFERENCES Sale_schema.Customers (Customer_ID)
ON DELETE CASCADE ON UPDATE CASCADE;

ALTER TABLE Sale_schema.Shipments
ADD CONSTRAINT fk_shipment_sale_orderID FOREIGN KEY (Order_ID)
REFERENCES Sale_schema.Sales (Order_ID)
ON DELETE CASCADE ON UPDATE CASCADE;

ALTER TABLE Sale_schema.Shipments
ADD CONSTRAINT fk_shipment_location_zipcode FOREIGN KEY (Shipping_zipcode)
REFERENCES Sale_schema.Locations (Postal_code)
ON DELETE CASCADE ON UPDATE CASCADE;

ALTER TABLE Sale_schema.Customers
ADD CONSTRAINT fk_customer_location_postcode FOREIGN KEY (Postal_code)
REFERENCES Sale_schema.Locations (Postal_code)
ON DELETE CASCADE ON UPDATE CASCADE;
[2023-06-12T18:15:06.007+0700] {base.py:73} INFO - Using connection ID 'postgres_sale_db' for task execution.
[2023-06-12T18:15:06.148+0700] {base.py:73} INFO - Using connection ID 'postgres_sale_db' for task execution.
[2023-06-12T18:15:06.177+0700] {sql.py:375} INFO - Running statement: -- Create Schema `Sale_schema` for postgreSQL database

DROP SCHEMA IF EXISTS Sale_schema CASCADE;

CREATE SCHEMA Sale_schema;

CREATE TABLE IF NOT EXISTS Sale_schema.Sales (
    Order_ID VARCHAR(255) PRIMARY KEY,
    Order_date Date,
    Product_ID BIGINT,
    Style VARCHAR(45),
    Size VARCHAR(45),
    Quantity INT,
    Payment_method VARCHAR(255),
    Total_cost DECIMAL,
    Profit DECIMAL,
    Customer_ID VARCHAR(255)
);

CREATE TABLE IF NOT EXISTS Sale_schema.Products (
    Product_ID BIGINT PRIMARY KEY,
    Product_name VARCHAR(255),
    SKU INT,
    Brand VARCHAR(255),
    Category VARCHAR(255),
    Product_size DECIMAL,
    Sell_price DECIMAL,
    Commision_rate DECIMAL,
    Commision DECIMAL
);

CREATE TABLE IF NOT EXISTS Sale_schema.Customers (
    Customer_ID VARCHAR(255) PRIMARY KEY,
    Name VARCHAR(255),
    Phone VARCHAR(255),
    Age INT,
    Address VARCHAR(255),
    Postal_code INT
);

CREATE TABLE IF NOT EXISTS Sale_schema.Shipments (
    Shipment_ID VARCHAR(255) PRIMARY KEY,
    Order_ID VARCHAR(255),
    Shipping_date Date,
    Shipping_mode VARCHAR(255),
    Shipping_address VARCHAR(255),
    Shipping_status VARCHAR(255),
    Shipping_company VARCHAR(255),
    Shipping_cost DECIMAL,
    Shipping_zipcode INT
);

CREATE TABLE Sale_schema.Locations (
    Postal_code INT PRIMARY KEY,
    City VARCHAR(45),
    State VARCHAR(45),
    Country VARCHAR(45)
);

ALTER TABLE Sale_schema.Sales
ADD CONSTRAINT fk_sale_product_prodID FOREIGN KEY (Product_ID)
REFERENCES Sale_schema.Products (Product_ID)
ON DELETE CASCADE ON UPDATE CASCADE;


ALTER TABLE Sale_schema.Sales
ADD CONSTRAINT fk_sale_customer_custID FOREIGN KEY (Customer_ID)
REFERENCES Sale_schema.Customers (Customer_ID)
ON DELETE CASCADE ON UPDATE CASCADE;

ALTER TABLE Sale_schema.Shipments
ADD CONSTRAINT fk_shipment_sale_orderID FOREIGN KEY (Order_ID)
REFERENCES Sale_schema.Sales (Order_ID)
ON DELETE CASCADE ON UPDATE CASCADE;

ALTER TABLE Sale_schema.Shipments
ADD CONSTRAINT fk_shipment_location_zipcode FOREIGN KEY (Shipping_zipcode)
REFERENCES Sale_schema.Locations (Postal_code)
ON DELETE CASCADE ON UPDATE CASCADE;

ALTER TABLE Sale_schema.Customers
ADD CONSTRAINT fk_customer_location_postcode FOREIGN KEY (Postal_code)
REFERENCES Sale_schema.Locations (Postal_code)
ON DELETE CASCADE ON UPDATE CASCADE;, parameters: None
[2023-06-12T18:15:06.353+0700] {taskinstance.py:1318} INFO - Marking task as SUCCESS. dag_id=ETL_psql_redshift_dag, task_id=Create_psql_schema, execution_date=20230610T000000, start_date=20230612T111505, end_date=20230612T111506
[2023-06-12T18:15:06.368+0700] {local_task_job.py:208} INFO - Task exited with return code 0
[2023-06-12T18:15:06.381+0700] {taskinstance.py:2578} INFO - 5 downstream tasks scheduled from follow-on schedule check
[2023-06-13T09:04:31.703+0000] {taskinstance.py:1083} INFO - Dependencies all met for <TaskInstance: ETL_psql_redshift_dag.Create_psql_schema scheduled__2023-06-10T00:00:00+00:00 [queued]>
[2023-06-13T09:04:31.715+0000] {taskinstance.py:1083} INFO - Dependencies all met for <TaskInstance: ETL_psql_redshift_dag.Create_psql_schema scheduled__2023-06-10T00:00:00+00:00 [queued]>
[2023-06-13T09:04:31.716+0000] {taskinstance.py:1279} INFO - 
--------------------------------------------------------------------------------
[2023-06-13T09:04:31.716+0000] {taskinstance.py:1280} INFO - Starting attempt 1 of 3
[2023-06-13T09:04:31.717+0000] {taskinstance.py:1281} INFO - 
--------------------------------------------------------------------------------
[2023-06-13T09:04:31.729+0000] {taskinstance.py:1300} INFO - Executing <Task(PostgresOperator): Create_psql_schema> on 2023-06-10 00:00:00+00:00
[2023-06-13T09:04:31.737+0000] {standard_task_runner.py:55} INFO - Started process 204 to run task
[2023-06-13T09:04:31.747+0000] {standard_task_runner.py:82} INFO - Running: ['***', 'tasks', 'run', 'ETL_psql_redshift_dag', 'Create_psql_schema', 'scheduled__2023-06-10T00:00:00+00:00', '--job-id', '2', '--raw', '--subdir', 'DAGS_FOLDER/dags_setup.py', '--cfg-path', '/tmp/tmpu7gtapcn']
[2023-06-13T09:04:31.751+0000] {standard_task_runner.py:83} INFO - Job 2: Subtask Create_psql_schema
[2023-06-13T09:04:31.841+0000] {task_command.py:388} INFO - Running <TaskInstance: ETL_psql_redshift_dag.Create_psql_schema scheduled__2023-06-10T00:00:00+00:00 [running]> on host 18c8ccfcc77e
[2023-06-13T09:04:31.879+0000] {abstractoperator.py:613} ERROR - Exception rendering Jinja template for task 'Create_psql_schema', field 'sql'. Template: 'create_pgsql_schema.sql'
Traceback (most recent call last):
  File "/home/airflow/.local/lib/python3.7/site-packages/airflow/models/abstractoperator.py", line 606, in _do_render_template_fields
    seen_oids,
  File "/home/airflow/.local/lib/python3.7/site-packages/airflow/models/abstractoperator.py", line 657, in render_template
    template = jinja_env.get_template(value)
  File "/home/airflow/.local/lib/python3.7/site-packages/jinja2/environment.py", line 1010, in get_template
    return self._load_template(name, globals)
  File "/home/airflow/.local/lib/python3.7/site-packages/jinja2/environment.py", line 969, in _load_template
    template = self.loader.load(self, name, self.make_globals(globals))
  File "/home/airflow/.local/lib/python3.7/site-packages/jinja2/loaders.py", line 126, in load
    source, filename, uptodate = self.get_source(environment, name)
  File "/home/airflow/.local/lib/python3.7/site-packages/jinja2/loaders.py", line 218, in get_source
    raise TemplateNotFound(template)
jinja2.exceptions.TemplateNotFound: create_pgsql_schema.sql
[2023-06-13T09:04:31.881+0000] {taskinstance.py:1768} ERROR - Task failed with exception
Traceback (most recent call last):
  File "/home/airflow/.local/lib/python3.7/site-packages/airflow/models/taskinstance.py", line 1374, in _run_raw_task
    self._execute_task_with_callbacks(context, test_mode)
  File "/home/airflow/.local/lib/python3.7/site-packages/airflow/models/taskinstance.py", line 1493, in _execute_task_with_callbacks
    task_orig = self.render_templates(context=context)
  File "/home/airflow/.local/lib/python3.7/site-packages/airflow/models/taskinstance.py", line 2115, in render_templates
    original_task.render_template_fields(context)
  File "/home/airflow/.local/lib/python3.7/site-packages/airflow/models/baseoperator.py", line 1179, in render_template_fields
    self._do_render_template_fields(self, self.template_fields, context, jinja_env, set())
  File "/home/airflow/.local/lib/python3.7/site-packages/airflow/utils/session.py", line 75, in wrapper
    return func(*args, session=session, **kwargs)
  File "/home/airflow/.local/lib/python3.7/site-packages/airflow/models/abstractoperator.py", line 606, in _do_render_template_fields
    seen_oids,
  File "/home/airflow/.local/lib/python3.7/site-packages/airflow/models/abstractoperator.py", line 657, in render_template
    template = jinja_env.get_template(value)
  File "/home/airflow/.local/lib/python3.7/site-packages/jinja2/environment.py", line 1010, in get_template
    return self._load_template(name, globals)
  File "/home/airflow/.local/lib/python3.7/site-packages/jinja2/environment.py", line 969, in _load_template
    template = self.loader.load(self, name, self.make_globals(globals))
  File "/home/airflow/.local/lib/python3.7/site-packages/jinja2/loaders.py", line 126, in load
    source, filename, uptodate = self.get_source(environment, name)
  File "/home/airflow/.local/lib/python3.7/site-packages/jinja2/loaders.py", line 218, in get_source
    raise TemplateNotFound(template)
jinja2.exceptions.TemplateNotFound: create_pgsql_schema.sql
[2023-06-13T09:04:31.891+0000] {taskinstance.py:1323} INFO - Marking task as UP_FOR_RETRY. dag_id=ETL_psql_redshift_dag, task_id=Create_psql_schema, execution_date=20230610T000000, start_date=20230613T090431, end_date=20230613T090431
[2023-06-13T09:04:31.901+0000] {standard_task_runner.py:105} ERROR - Failed to execute job 2 for task Create_psql_schema (create_pgsql_schema.sql; 204)
[2023-06-13T09:04:31.955+0000] {local_task_job.py:208} INFO - Task exited with return code 1
[2023-06-13T09:04:31.981+0000] {taskinstance.py:2578} INFO - 0 downstream tasks scheduled from follow-on schedule check
[2023-06-13T09:51:15.796+0000] {taskinstance.py:1083} INFO - Dependencies all met for <TaskInstance: ETL_psql_redshift_dag.Create_psql_schema scheduled__2023-06-10T00:00:00+00:00 [queued]>
[2023-06-13T09:51:15.805+0000] {taskinstance.py:1083} INFO - Dependencies all met for <TaskInstance: ETL_psql_redshift_dag.Create_psql_schema scheduled__2023-06-10T00:00:00+00:00 [queued]>
[2023-06-13T09:51:15.806+0000] {taskinstance.py:1279} INFO - 
--------------------------------------------------------------------------------
[2023-06-13T09:51:15.806+0000] {taskinstance.py:1280} INFO - Starting attempt 1 of 3
[2023-06-13T09:51:15.807+0000] {taskinstance.py:1281} INFO - 
--------------------------------------------------------------------------------
[2023-06-13T09:51:15.823+0000] {taskinstance.py:1300} INFO - Executing <Task(PostgresOperator): Create_psql_schema> on 2023-06-10 00:00:00+00:00
[2023-06-13T09:51:15.828+0000] {standard_task_runner.py:55} INFO - Started process 191 to run task
[2023-06-13T09:51:15.833+0000] {standard_task_runner.py:82} INFO - Running: ['***', 'tasks', 'run', 'ETL_psql_redshift_dag', 'Create_psql_schema', 'scheduled__2023-06-10T00:00:00+00:00', '--job-id', '3', '--raw', '--subdir', 'DAGS_FOLDER/dags_setup.py', '--cfg-path', '/tmp/tmphsbsp4ev']
[2023-06-13T09:51:15.839+0000] {standard_task_runner.py:83} INFO - Job 3: Subtask Create_psql_schema
[2023-06-13T09:51:15.926+0000] {task_command.py:388} INFO - Running <TaskInstance: ETL_psql_redshift_dag.Create_psql_schema scheduled__2023-06-10T00:00:00+00:00 [running]> on host 3e8a746d7998
[2023-06-13T09:51:15.960+0000] {abstractoperator.py:613} ERROR - Exception rendering Jinja template for task 'Create_psql_schema', field 'sql'. Template: 'create_pgsql_schema.sql'
Traceback (most recent call last):
  File "/home/airflow/.local/lib/python3.7/site-packages/airflow/models/abstractoperator.py", line 606, in _do_render_template_fields
    seen_oids,
  File "/home/airflow/.local/lib/python3.7/site-packages/airflow/models/abstractoperator.py", line 657, in render_template
    template = jinja_env.get_template(value)
  File "/home/airflow/.local/lib/python3.7/site-packages/jinja2/environment.py", line 1010, in get_template
    return self._load_template(name, globals)
  File "/home/airflow/.local/lib/python3.7/site-packages/jinja2/environment.py", line 969, in _load_template
    template = self.loader.load(self, name, self.make_globals(globals))
  File "/home/airflow/.local/lib/python3.7/site-packages/jinja2/loaders.py", line 126, in load
    source, filename, uptodate = self.get_source(environment, name)
  File "/home/airflow/.local/lib/python3.7/site-packages/jinja2/loaders.py", line 218, in get_source
    raise TemplateNotFound(template)
jinja2.exceptions.TemplateNotFound: create_pgsql_schema.sql
[2023-06-13T09:51:15.965+0000] {taskinstance.py:1768} ERROR - Task failed with exception
Traceback (most recent call last):
  File "/home/airflow/.local/lib/python3.7/site-packages/airflow/models/taskinstance.py", line 1374, in _run_raw_task
    self._execute_task_with_callbacks(context, test_mode)
  File "/home/airflow/.local/lib/python3.7/site-packages/airflow/models/taskinstance.py", line 1493, in _execute_task_with_callbacks
    task_orig = self.render_templates(context=context)
  File "/home/airflow/.local/lib/python3.7/site-packages/airflow/models/taskinstance.py", line 2115, in render_templates
    original_task.render_template_fields(context)
  File "/home/airflow/.local/lib/python3.7/site-packages/airflow/models/baseoperator.py", line 1179, in render_template_fields
    self._do_render_template_fields(self, self.template_fields, context, jinja_env, set())
  File "/home/airflow/.local/lib/python3.7/site-packages/airflow/utils/session.py", line 75, in wrapper
    return func(*args, session=session, **kwargs)
  File "/home/airflow/.local/lib/python3.7/site-packages/airflow/models/abstractoperator.py", line 606, in _do_render_template_fields
    seen_oids,
  File "/home/airflow/.local/lib/python3.7/site-packages/airflow/models/abstractoperator.py", line 657, in render_template
    template = jinja_env.get_template(value)
  File "/home/airflow/.local/lib/python3.7/site-packages/jinja2/environment.py", line 1010, in get_template
    return self._load_template(name, globals)
  File "/home/airflow/.local/lib/python3.7/site-packages/jinja2/environment.py", line 969, in _load_template
    template = self.loader.load(self, name, self.make_globals(globals))
  File "/home/airflow/.local/lib/python3.7/site-packages/jinja2/loaders.py", line 126, in load
    source, filename, uptodate = self.get_source(environment, name)
  File "/home/airflow/.local/lib/python3.7/site-packages/jinja2/loaders.py", line 218, in get_source
    raise TemplateNotFound(template)
jinja2.exceptions.TemplateNotFound: create_pgsql_schema.sql
[2023-06-13T09:51:15.977+0000] {taskinstance.py:1323} INFO - Marking task as UP_FOR_RETRY. dag_id=ETL_psql_redshift_dag, task_id=Create_psql_schema, execution_date=20230610T000000, start_date=20230613T095115, end_date=20230613T095115
[2023-06-13T09:51:15.988+0000] {standard_task_runner.py:105} ERROR - Failed to execute job 3 for task Create_psql_schema (create_pgsql_schema.sql; 191)
[2023-06-13T09:51:16.009+0000] {local_task_job.py:208} INFO - Task exited with return code 1
[2023-06-13T09:51:16.037+0000] {taskinstance.py:2578} INFO - 0 downstream tasks scheduled from follow-on schedule check
[2023-06-13T10:03:58.312+0000] {taskinstance.py:1083} INFO - Dependencies all met for <TaskInstance: ETL_psql_redshift_dag.Create_psql_schema scheduled__2023-06-10T00:00:00+00:00 [queued]>
[2023-06-13T10:03:58.322+0000] {taskinstance.py:1083} INFO - Dependencies all met for <TaskInstance: ETL_psql_redshift_dag.Create_psql_schema scheduled__2023-06-10T00:00:00+00:00 [queued]>
[2023-06-13T10:03:58.323+0000] {taskinstance.py:1279} INFO - 
--------------------------------------------------------------------------------
[2023-06-13T10:03:58.324+0000] {taskinstance.py:1280} INFO - Starting attempt 1 of 3
[2023-06-13T10:03:58.324+0000] {taskinstance.py:1281} INFO - 
--------------------------------------------------------------------------------
[2023-06-13T10:03:58.346+0000] {taskinstance.py:1300} INFO - Executing <Task(PostgresOperator): Create_psql_schema> on 2023-06-10 00:00:00+00:00
[2023-06-13T10:03:58.353+0000] {standard_task_runner.py:55} INFO - Started process 207 to run task
[2023-06-13T10:03:58.366+0000] {standard_task_runner.py:82} INFO - Running: ['***', 'tasks', 'run', 'ETL_psql_redshift_dag', 'Create_psql_schema', 'scheduled__2023-06-10T00:00:00+00:00', '--job-id', '8', '--raw', '--subdir', 'DAGS_FOLDER/dags_setup.py', '--cfg-path', '/tmp/tmpk0ly3oxx']
[2023-06-13T10:03:58.369+0000] {standard_task_runner.py:83} INFO - Job 8: Subtask Create_psql_schema
[2023-06-13T10:03:58.475+0000] {task_command.py:388} INFO - Running <TaskInstance: ETL_psql_redshift_dag.Create_psql_schema scheduled__2023-06-10T00:00:00+00:00 [running]> on host 48c6d1f52236
[2023-06-13T10:03:58.584+0000] {taskinstance.py:1509} INFO - Exporting the following env vars:
AIRFLOW_CTX_DAG_OWNER=vupham
AIRFLOW_CTX_DAG_ID=ETL_psql_redshift_dag
AIRFLOW_CTX_TASK_ID=Create_psql_schema
AIRFLOW_CTX_EXECUTION_DATE=2023-06-10T00:00:00+00:00
AIRFLOW_CTX_TRY_NUMBER=1
AIRFLOW_CTX_DAG_RUN_ID=scheduled__2023-06-10T00:00:00+00:00
[2023-06-13T10:03:58.589+0000] {sql.py:254} INFO - Executing: -- Create Schema `Sale_schema` for postgreSQL database

DROP SCHEMA IF EXISTS Sale_schema CASCADE;

CREATE SCHEMA Sale_schema;

CREATE TABLE IF NOT EXISTS Sale_schema.Sales (
    Order_ID VARCHAR(255) PRIMARY KEY,
    Order_date Date,
    Product_ID BIGINT,
    Style VARCHAR(45),
    Size VARCHAR(45),
    Quantity INT,
    Payment_method VARCHAR(255),
    Total_cost DECIMAL,
    Profit DECIMAL,
    Customer_ID VARCHAR(255)
);

CREATE TABLE IF NOT EXISTS Sale_schema.Products (
    Product_ID BIGINT PRIMARY KEY,
    Product_name VARCHAR(255),
    SKU INT,
    Brand VARCHAR(255),
    Category VARCHAR(255),
    Product_size DECIMAL,
    Sell_price DECIMAL,
    Commision_rate DECIMAL,
    Commision DECIMAL
);

CREATE TABLE IF NOT EXISTS Sale_schema.Customers (
    Customer_ID VARCHAR(255) PRIMARY KEY,
    Name VARCHAR(255),
    Phone VARCHAR(255),
    Age INT,
    Address VARCHAR(255),
    Postal_code INT
);

CREATE TABLE IF NOT EXISTS Sale_schema.Shipments (
    Shipment_ID VARCHAR(255) PRIMARY KEY,
    Order_ID VARCHAR(255),
    Shipping_date Date,
    Shipping_mode VARCHAR(255),
    Shipping_address VARCHAR(255),
    Shipping_status VARCHAR(255),
    Shipping_company VARCHAR(255),
    Shipping_cost DECIMAL,
    Shipping_zipcode INT
);

CREATE TABLE Sale_schema.Locations (
    Postal_code INT PRIMARY KEY,
    City VARCHAR(45),
    State VARCHAR(45),
    Country VARCHAR(45)
);

ALTER TABLE Sale_schema.Sales
ADD CONSTRAINT fk_sale_product_prodID FOREIGN KEY (Product_ID)
REFERENCES Sale_schema.Products (Product_ID)
ON DELETE CASCADE ON UPDATE CASCADE;


ALTER TABLE Sale_schema.Sales
ADD CONSTRAINT fk_sale_customer_custID FOREIGN KEY (Customer_ID)
REFERENCES Sale_schema.Customers (Customer_ID)
ON DELETE CASCADE ON UPDATE CASCADE;

ALTER TABLE Sale_schema.Shipments
ADD CONSTRAINT fk_shipment_sale_orderID FOREIGN KEY (Order_ID)
REFERENCES Sale_schema.Sales (Order_ID)
ON DELETE CASCADE ON UPDATE CASCADE;

ALTER TABLE Sale_schema.Shipments
ADD CONSTRAINT fk_shipment_location_zipcode FOREIGN KEY (Shipping_zipcode)
REFERENCES Sale_schema.Locations (Postal_code)
ON DELETE CASCADE ON UPDATE CASCADE;

ALTER TABLE Sale_schema.Customers
ADD CONSTRAINT fk_customer_location_postcode FOREIGN KEY (Postal_code)
REFERENCES Sale_schema.Locations (Postal_code)
ON DELETE CASCADE ON UPDATE CASCADE;
[2023-06-13T10:03:58.623+0000] {taskinstance.py:1768} ERROR - Task failed with exception
Traceback (most recent call last):
  File "/home/airflow/.local/lib/python3.7/site-packages/airflow/providers/common/sql/operators/sql.py", line 255, in execute
    hook = self.get_db_hook()
  File "/home/airflow/.local/lib/python3.7/site-packages/airflow/providers/common/sql/operators/sql.py", line 179, in get_db_hook
    return self._hook
  File "/home/airflow/.local/lib/python3.7/site-packages/cached_property.py", line 36, in __get__
    value = obj.__dict__[self.func.__name__] = self.func(obj)
  File "/home/airflow/.local/lib/python3.7/site-packages/airflow/providers/common/sql/operators/sql.py", line 141, in _hook
    conn = BaseHook.get_connection(self.conn_id)
  File "/home/airflow/.local/lib/python3.7/site-packages/airflow/hooks/base.py", line 72, in get_connection
    conn = Connection.get_connection_from_secrets(conn_id)
  File "/home/airflow/.local/lib/python3.7/site-packages/airflow/models/connection.py", line 435, in get_connection_from_secrets
    raise AirflowNotFoundException(f"The conn_id `{conn_id}` isn't defined")
airflow.exceptions.AirflowNotFoundException: The conn_id `postgres_sale_db` isn't defined
[2023-06-13T10:03:58.629+0000] {taskinstance.py:1323} INFO - Marking task as UP_FOR_RETRY. dag_id=ETL_psql_redshift_dag, task_id=Create_psql_schema, execution_date=20230610T000000, start_date=20230613T100358, end_date=20230613T100358
[2023-06-13T10:03:58.646+0000] {standard_task_runner.py:105} ERROR - Failed to execute job 8 for task Create_psql_schema (The conn_id `postgres_sale_db` isn't defined; 207)
[2023-06-13T10:03:58.692+0000] {local_task_job.py:208} INFO - Task exited with return code 1
[2023-06-13T10:03:58.719+0000] {taskinstance.py:2578} INFO - 0 downstream tasks scheduled from follow-on schedule check
