[2023-06-13T15:04:25.216+0000] {taskinstance.py:1083} INFO - Dependencies all met for <TaskInstance: ETL_psql_redshift_dag.Create_redshift_schema manual__2023-06-13T14:55:56.120360+00:00 [queued]>
[2023-06-13T15:04:25.223+0000] {taskinstance.py:1083} INFO - Dependencies all met for <TaskInstance: ETL_psql_redshift_dag.Create_redshift_schema manual__2023-06-13T14:55:56.120360+00:00 [queued]>
[2023-06-13T15:04:25.223+0000] {taskinstance.py:1279} INFO - 
--------------------------------------------------------------------------------
[2023-06-13T15:04:25.224+0000] {taskinstance.py:1280} INFO - Starting attempt 2 of 4
[2023-06-13T15:04:25.224+0000] {taskinstance.py:1281} INFO - 
--------------------------------------------------------------------------------
[2023-06-13T15:04:25.231+0000] {taskinstance.py:1300} INFO - Executing <Task(PythonOperator): Create_redshift_schema> on 2023-06-13 14:55:56.120360+00:00
[2023-06-13T15:04:25.236+0000] {standard_task_runner.py:55} INFO - Started process 656 to run task
[2023-06-13T15:04:25.240+0000] {standard_task_runner.py:82} INFO - Running: ['***', 'tasks', 'run', 'ETL_psql_redshift_dag', 'Create_redshift_schema', 'manual__2023-06-13T14:55:56.120360+00:00', '--job-id', '29', '--raw', '--subdir', 'DAGS_FOLDER/dags_setup.py', '--cfg-path', '/tmp/tmpnadautjg']
[2023-06-13T15:04:25.242+0000] {standard_task_runner.py:83} INFO - Job 29: Subtask Create_redshift_schema
[2023-06-13T15:04:25.311+0000] {task_command.py:388} INFO - Running <TaskInstance: ETL_psql_redshift_dag.Create_redshift_schema manual__2023-06-13T14:55:56.120360+00:00 [running]> on host 63f0fed3274d
[2023-06-13T15:04:25.364+0000] {taskinstance.py:1509} INFO - Exporting the following env vars:
AIRFLOW_CTX_DAG_OWNER=vupham
AIRFLOW_CTX_DAG_ID=ETL_psql_redshift_dag
AIRFLOW_CTX_TASK_ID=Create_redshift_schema
AIRFLOW_CTX_EXECUTION_DATE=2023-06-13T14:55:56.120360+00:00
AIRFLOW_CTX_TRY_NUMBER=2
AIRFLOW_CTX_DAG_RUN_ID=manual__2023-06-13T14:55:56.120360+00:00
[2023-06-13T15:04:29.029+0000] {logging_mixin.py:137} INFO - Create redshift schema successfully
[2023-06-13T15:04:29.033+0000] {python.py:177} INFO - Done. Returned value was: None
[2023-06-13T15:04:29.067+0000] {taskinstance.py:1323} INFO - Marking task as SUCCESS. dag_id=ETL_psql_redshift_dag, task_id=Create_redshift_schema, execution_date=20230613T145556, start_date=20230613T150425, end_date=20230613T150429
[2023-06-13T15:04:29.146+0000] {local_task_job.py:208} INFO - Task exited with return code 0
[2023-06-13T15:04:29.168+0000] {taskinstance.py:2578} INFO - 1 downstream tasks scheduled from follow-on schedule check
