[2023-06-13T11:35:36.853+0700] {taskinstance.py:1083} INFO - Dependencies all met for <TaskInstance: ETL_psql_redshift_dag.Load_to_psql scheduled__2023-06-12T00:00:00+00:00 [queued]>
[2023-06-13T11:35:36.858+0700] {taskinstance.py:1083} INFO - Dependencies all met for <TaskInstance: ETL_psql_redshift_dag.Load_to_psql scheduled__2023-06-12T00:00:00+00:00 [queued]>
[2023-06-13T11:35:36.858+0700] {taskinstance.py:1279} INFO - 
--------------------------------------------------------------------------------
[2023-06-13T11:35:36.858+0700] {taskinstance.py:1280} INFO - Starting attempt 1 of 3
[2023-06-13T11:35:36.859+0700] {taskinstance.py:1281} INFO - 
--------------------------------------------------------------------------------
[2023-06-13T11:35:36.865+0700] {taskinstance.py:1300} INFO - Executing <Task(PythonOperator): Load_to_psql> on 2023-06-12 00:00:00+00:00
[2023-06-13T11:35:36.867+0700] {standard_task_runner.py:55} INFO - Started process 21542 to run task
[2023-06-13T11:35:36.870+0700] {standard_task_runner.py:82} INFO - Running: ['airflow', 'tasks', 'run', 'ETL_psql_redshift_dag', 'Load_to_psql', 'scheduled__2023-06-12T00:00:00+00:00', '--job-id', '74', '--raw', '--subdir', 'DAGS_FOLDER/dags_setup.py', '--cfg-path', '/var/folders/13/nw165ws91y30x7r8_6b34m_m0000gn/T/tmp2gjd12wl']
[2023-06-13T11:35:36.871+0700] {standard_task_runner.py:83} INFO - Job 74: Subtask Load_to_psql
[2023-06-13T11:35:36.929+0700] {task_command.py:388} INFO - Running <TaskInstance: ETL_psql_redshift_dag.Load_to_psql scheduled__2023-06-12T00:00:00+00:00 [running]> on host vus-macbook-pro.local
[2023-06-13T11:35:36.980+0700] {taskinstance.py:1507} INFO - Exporting the following env vars:
AIRFLOW_CTX_DAG_OWNER=vupham
AIRFLOW_CTX_DAG_ID=ETL_psql_redshift_dag
AIRFLOW_CTX_TASK_ID=Load_to_psql
AIRFLOW_CTX_EXECUTION_DATE=2023-06-12T00:00:00+00:00
AIRFLOW_CTX_TRY_NUMBER=1
AIRFLOW_CTX_DAG_RUN_ID=scheduled__2023-06-12T00:00:00+00:00
[2023-06-13T11:35:47.488+0700] {logging_mixin.py:137} INFO - Successfully insert data to table Sale_schema.locations
[2023-06-13T11:36:02.233+0700] {logging_mixin.py:137} INFO - Successfully insert data to table Sale_schema.customers
[2023-06-13T11:37:21.022+0700] {logging_mixin.py:137} INFO - Successfully insert data to table Sale_schema.products
[2023-06-13T11:38:14.261+0700] {logging_mixin.py:137} INFO - Successfully insert data to table Sale_schema.sales
[2023-06-13T11:39:05.429+0700] {logging_mixin.py:137} INFO - Successfully insert data to table Sale_schema.shipments
[2023-06-13T11:39:05.558+0700] {python.py:177} INFO - Done. Returned value was: None
[2023-06-13T11:39:05.567+0700] {taskinstance.py:1318} INFO - Marking task as SUCCESS. dag_id=ETL_psql_redshift_dag, task_id=Load_to_psql, execution_date=20230612T000000, start_date=20230613T043536, end_date=20230613T043905
[2023-06-13T11:39:05.605+0700] {local_task_job.py:208} INFO - Task exited with return code 0
[2023-06-13T11:39:05.620+0700] {taskinstance.py:2578} INFO - 1 downstream tasks scheduled from follow-on schedule check
