[2023-06-13T11:39:42.011+0700] {taskinstance.py:1083} INFO - Dependencies all met for <TaskInstance: ETL_psql_redshift_dag.Load_s3_redshift scheduled__2023-06-12T00:00:00+00:00 [queued]>
[2023-06-13T11:39:42.016+0700] {taskinstance.py:1083} INFO - Dependencies all met for <TaskInstance: ETL_psql_redshift_dag.Load_s3_redshift scheduled__2023-06-12T00:00:00+00:00 [queued]>
[2023-06-13T11:39:42.016+0700] {taskinstance.py:1279} INFO - 
--------------------------------------------------------------------------------
[2023-06-13T11:39:42.016+0700] {taskinstance.py:1280} INFO - Starting attempt 1 of 3
[2023-06-13T11:39:42.016+0700] {taskinstance.py:1281} INFO - 
--------------------------------------------------------------------------------
[2023-06-13T11:39:42.022+0700] {taskinstance.py:1300} INFO - Executing <Task(PythonOperator): Load_s3_redshift> on 2023-06-12 00:00:00+00:00
[2023-06-13T11:39:42.023+0700] {standard_task_runner.py:55} INFO - Started process 22236 to run task
[2023-06-13T11:39:42.026+0700] {standard_task_runner.py:82} INFO - Running: ['airflow', 'tasks', 'run', 'ETL_psql_redshift_dag', 'Load_s3_redshift', 'scheduled__2023-06-12T00:00:00+00:00', '--job-id', '77', '--raw', '--subdir', 'DAGS_FOLDER/dags_setup.py', '--cfg-path', '/var/folders/13/nw165ws91y30x7r8_6b34m_m0000gn/T/tmpo6pzznpj']
[2023-06-13T11:39:42.027+0700] {standard_task_runner.py:83} INFO - Job 77: Subtask Load_s3_redshift
[2023-06-13T11:39:42.077+0700] {task_command.py:388} INFO - Running <TaskInstance: ETL_psql_redshift_dag.Load_s3_redshift scheduled__2023-06-12T00:00:00+00:00 [running]> on host vus-macbook-pro.local
[2023-06-13T11:39:42.127+0700] {taskinstance.py:1507} INFO - Exporting the following env vars:
AIRFLOW_CTX_DAG_OWNER=vupham
AIRFLOW_CTX_DAG_ID=ETL_psql_redshift_dag
AIRFLOW_CTX_TASK_ID=Load_s3_redshift
AIRFLOW_CTX_EXECUTION_DATE=2023-06-12T00:00:00+00:00
AIRFLOW_CTX_TRY_NUMBER=1
AIRFLOW_CTX_DAG_RUN_ID=scheduled__2023-06-12T00:00:00+00:00
[2023-06-13T11:39:55.925+0700] {python.py:177} INFO - Done. Returned value was: None
[2023-06-13T11:39:55.952+0700] {taskinstance.py:1318} INFO - Marking task as SUCCESS. dag_id=ETL_psql_redshift_dag, task_id=Load_s3_redshift, execution_date=20230612T000000, start_date=20230613T043942, end_date=20230613T043955
[2023-06-13T11:39:56.019+0700] {local_task_job.py:208} INFO - Task exited with return code 0
[2023-06-13T11:39:56.057+0700] {taskinstance.py:2578} INFO - 0 downstream tasks scheduled from follow-on schedule check
