[2023-06-12T18:00:41.722+0700] {taskinstance.py:1083} INFO - Dependencies all met for <TaskInstance: ETL_psql_redshift_dag.Load_s3_redshift scheduled__2023-06-10T00:00:00+00:00 [queued]>
[2023-06-12T18:00:41.728+0700] {taskinstance.py:1083} INFO - Dependencies all met for <TaskInstance: ETL_psql_redshift_dag.Load_s3_redshift scheduled__2023-06-10T00:00:00+00:00 [queued]>
[2023-06-12T18:00:41.728+0700] {taskinstance.py:1279} INFO - 
--------------------------------------------------------------------------------
[2023-06-12T18:00:41.728+0700] {taskinstance.py:1280} INFO - Starting attempt 1 of 3
[2023-06-12T18:00:41.728+0700] {taskinstance.py:1281} INFO - 
--------------------------------------------------------------------------------
[2023-06-12T18:00:41.735+0700] {taskinstance.py:1300} INFO - Executing <Task(PythonOperator): Load_s3_redshift> on 2023-06-10 00:00:00+00:00
[2023-06-12T18:00:41.738+0700] {standard_task_runner.py:55} INFO - Started process 12609 to run task
[2023-06-12T18:00:41.741+0700] {standard_task_runner.py:82} INFO - Running: ['airflow', 'tasks', 'run', 'ETL_psql_redshift_dag', 'Load_s3_redshift', 'scheduled__2023-06-10T00:00:00+00:00', '--job-id', '19', '--raw', '--subdir', 'DAGS_FOLDER/dags_setup.py', '--cfg-path', '/var/folders/13/nw165ws91y30x7r8_6b34m_m0000gn/T/tmp5erdgu14']
[2023-06-12T18:00:41.743+0700] {standard_task_runner.py:83} INFO - Job 19: Subtask Load_s3_redshift
[2023-06-12T18:00:41.792+0700] {task_command.py:388} INFO - Running <TaskInstance: ETL_psql_redshift_dag.Load_s3_redshift scheduled__2023-06-10T00:00:00+00:00 [running]> on host vus-macbook-pro.local
[2023-06-12T18:00:41.842+0700] {taskinstance.py:1507} INFO - Exporting the following env vars:
AIRFLOW_CTX_DAG_OWNER=vupham
AIRFLOW_CTX_DAG_ID=ETL_psql_redshift_dag
AIRFLOW_CTX_TASK_ID=Load_s3_redshift
AIRFLOW_CTX_EXECUTION_DATE=2023-06-10T00:00:00+00:00
AIRFLOW_CTX_TRY_NUMBER=1
AIRFLOW_CTX_DAG_RUN_ID=scheduled__2023-06-10T00:00:00+00:00
[2023-06-12T18:01:07.777+0700] {python.py:177} INFO - Done. Returned value was: None
[2023-06-12T18:01:07.790+0700] {taskinstance.py:1318} INFO - Marking task as SUCCESS. dag_id=ETL_psql_redshift_dag, task_id=Load_s3_redshift, execution_date=20230610T000000, start_date=20230612T110041, end_date=20230612T110107
[2023-06-12T18:01:07.807+0700] {local_task_job.py:208} INFO - Task exited with return code 0
[2023-06-12T18:01:07.823+0700] {taskinstance.py:2578} INFO - 0 downstream tasks scheduled from follow-on schedule check
[2023-06-12T18:07:07.230+0700] {taskinstance.py:1083} INFO - Dependencies all met for <TaskInstance: ETL_psql_redshift_dag.Load_s3_redshift scheduled__2023-06-10T00:00:00+00:00 [queued]>
[2023-06-12T18:07:07.236+0700] {taskinstance.py:1083} INFO - Dependencies all met for <TaskInstance: ETL_psql_redshift_dag.Load_s3_redshift scheduled__2023-06-10T00:00:00+00:00 [queued]>
[2023-06-12T18:07:07.236+0700] {taskinstance.py:1279} INFO - 
--------------------------------------------------------------------------------
[2023-06-12T18:07:07.236+0700] {taskinstance.py:1280} INFO - Starting attempt 1 of 3
[2023-06-12T18:07:07.236+0700] {taskinstance.py:1281} INFO - 
--------------------------------------------------------------------------------
[2023-06-12T18:07:07.242+0700] {taskinstance.py:1300} INFO - Executing <Task(PythonOperator): Load_s3_redshift> on 2023-06-10 00:00:00+00:00
[2023-06-12T18:07:07.244+0700] {standard_task_runner.py:55} INFO - Started process 14033 to run task
[2023-06-12T18:07:07.247+0700] {standard_task_runner.py:82} INFO - Running: ['airflow', 'tasks', 'run', 'ETL_psql_redshift_dag', 'Load_s3_redshift', 'scheduled__2023-06-10T00:00:00+00:00', '--job-id', '37', '--raw', '--subdir', 'DAGS_FOLDER/dags_setup.py', '--cfg-path', '/var/folders/13/nw165ws91y30x7r8_6b34m_m0000gn/T/tmpytl3lt0u']
[2023-06-12T18:07:07.248+0700] {standard_task_runner.py:83} INFO - Job 37: Subtask Load_s3_redshift
[2023-06-12T18:07:07.295+0700] {task_command.py:388} INFO - Running <TaskInstance: ETL_psql_redshift_dag.Load_s3_redshift scheduled__2023-06-10T00:00:00+00:00 [running]> on host vus-macbook-pro.local
[2023-06-12T18:07:07.338+0700] {taskinstance.py:1507} INFO - Exporting the following env vars:
AIRFLOW_CTX_DAG_OWNER=vupham
AIRFLOW_CTX_DAG_ID=ETL_psql_redshift_dag
AIRFLOW_CTX_TASK_ID=Load_s3_redshift
AIRFLOW_CTX_EXECUTION_DATE=2023-06-10T00:00:00+00:00
AIRFLOW_CTX_TRY_NUMBER=1
AIRFLOW_CTX_DAG_RUN_ID=scheduled__2023-06-10T00:00:00+00:00
[2023-06-12T18:07:20.980+0700] {python.py:177} INFO - Done. Returned value was: None
[2023-06-12T18:07:20.992+0700] {taskinstance.py:1318} INFO - Marking task as SUCCESS. dag_id=ETL_psql_redshift_dag, task_id=Load_s3_redshift, execution_date=20230610T000000, start_date=20230612T110707, end_date=20230612T110720
[2023-06-12T18:07:21.017+0700] {local_task_job.py:208} INFO - Task exited with return code 0
[2023-06-12T18:07:21.031+0700] {taskinstance.py:2578} INFO - 0 downstream tasks scheduled from follow-on schedule check
[2023-06-12T18:24:20.177+0700] {taskinstance.py:1083} INFO - Dependencies all met for <TaskInstance: ETL_psql_redshift_dag.Load_s3_redshift scheduled__2023-06-10T00:00:00+00:00 [queued]>
[2023-06-12T18:24:20.186+0700] {taskinstance.py:1083} INFO - Dependencies all met for <TaskInstance: ETL_psql_redshift_dag.Load_s3_redshift scheduled__2023-06-10T00:00:00+00:00 [queued]>
[2023-06-12T18:24:20.187+0700] {taskinstance.py:1279} INFO - 
--------------------------------------------------------------------------------
[2023-06-12T18:24:20.187+0700] {taskinstance.py:1280} INFO - Starting attempt 1 of 3
[2023-06-12T18:24:20.187+0700] {taskinstance.py:1281} INFO - 
--------------------------------------------------------------------------------
[2023-06-12T18:24:20.196+0700] {taskinstance.py:1300} INFO - Executing <Task(PythonOperator): Load_s3_redshift> on 2023-06-10 00:00:00+00:00
[2023-06-12T18:24:20.198+0700] {standard_task_runner.py:55} INFO - Started process 17112 to run task
[2023-06-12T18:24:20.202+0700] {standard_task_runner.py:82} INFO - Running: ['airflow', 'tasks', 'run', 'ETL_psql_redshift_dag', 'Load_s3_redshift', 'scheduled__2023-06-10T00:00:00+00:00', '--job-id', '63', '--raw', '--subdir', 'DAGS_FOLDER/dags_setup.py', '--cfg-path', '/var/folders/13/nw165ws91y30x7r8_6b34m_m0000gn/T/tmphpa7jtjm']
[2023-06-12T18:24:20.204+0700] {standard_task_runner.py:83} INFO - Job 63: Subtask Load_s3_redshift
[2023-06-12T18:24:20.265+0700] {task_command.py:388} INFO - Running <TaskInstance: ETL_psql_redshift_dag.Load_s3_redshift scheduled__2023-06-10T00:00:00+00:00 [running]> on host vus-macbook-pro.local
[2023-06-12T18:24:20.332+0700] {taskinstance.py:1507} INFO - Exporting the following env vars:
AIRFLOW_CTX_DAG_OWNER=vupham
AIRFLOW_CTX_DAG_ID=ETL_psql_redshift_dag
AIRFLOW_CTX_TASK_ID=Load_s3_redshift
AIRFLOW_CTX_EXECUTION_DATE=2023-06-10T00:00:00+00:00
AIRFLOW_CTX_TRY_NUMBER=1
AIRFLOW_CTX_DAG_RUN_ID=scheduled__2023-06-10T00:00:00+00:00
[2023-06-12T18:24:24.057+0700] {python.py:177} INFO - Done. Returned value was: None
[2023-06-12T18:24:24.083+0700] {taskinstance.py:1318} INFO - Marking task as SUCCESS. dag_id=ETL_psql_redshift_dag, task_id=Load_s3_redshift, execution_date=20230610T000000, start_date=20230612T112420, end_date=20230612T112424
[2023-06-12T18:24:24.150+0700] {local_task_job.py:208} INFO - Task exited with return code 0
[2023-06-12T18:24:24.188+0700] {taskinstance.py:2578} INFO - 0 downstream tasks scheduled from follow-on schedule check
