[2023-06-12T18:01:53.736+0700] {taskinstance.py:1083} INFO - Dependencies all met for <TaskInstance: ETL_psql_redshift_dag.Create_psql_schema scheduled__2023-06-11T00:00:00+00:00 [queued]>
[2023-06-12T18:01:53.742+0700] {taskinstance.py:1083} INFO - Dependencies all met for <TaskInstance: ETL_psql_redshift_dag.Create_psql_schema scheduled__2023-06-11T00:00:00+00:00 [queued]>
[2023-06-12T18:01:53.742+0700] {taskinstance.py:1279} INFO - 
--------------------------------------------------------------------------------
[2023-06-12T18:01:53.742+0700] {taskinstance.py:1280} INFO - Starting attempt 1 of 3
[2023-06-12T18:01:53.742+0700] {taskinstance.py:1281} INFO - 
--------------------------------------------------------------------------------
[2023-06-12T18:01:53.749+0700] {taskinstance.py:1300} INFO - Executing <Task(PostgresOperator): Create_psql_schema> on 2023-06-11 00:00:00+00:00
[2023-06-12T18:01:53.751+0700] {standard_task_runner.py:55} INFO - Started process 12874 to run task
[2023-06-12T18:01:53.754+0700] {standard_task_runner.py:82} INFO - Running: ['airflow', 'tasks', 'run', 'ETL_psql_redshift_dag', 'Create_psql_schema', 'scheduled__2023-06-11T00:00:00+00:00', '--job-id', '22', '--raw', '--subdir', 'DAGS_FOLDER/dags_setup.py', '--cfg-path', '/var/folders/13/nw165ws91y30x7r8_6b34m_m0000gn/T/tmpd95gidcz']
[2023-06-12T18:01:53.755+0700] {standard_task_runner.py:83} INFO - Job 22: Subtask Create_psql_schema
[2023-06-12T18:01:53.806+0700] {task_command.py:388} INFO - Running <TaskInstance: ETL_psql_redshift_dag.Create_psql_schema scheduled__2023-06-11T00:00:00+00:00 [running]> on host vus-macbook-pro.local
[2023-06-12T18:01:53.854+0700] {taskinstance.py:1507} INFO - Exporting the following env vars:
AIRFLOW_CTX_DAG_OWNER=vupham
AIRFLOW_CTX_DAG_ID=ETL_psql_redshift_dag
AIRFLOW_CTX_TASK_ID=Create_psql_schema
AIRFLOW_CTX_EXECUTION_DATE=2023-06-11T00:00:00+00:00
AIRFLOW_CTX_TRY_NUMBER=1
AIRFLOW_CTX_DAG_RUN_ID=scheduled__2023-06-11T00:00:00+00:00
[2023-06-12T18:01:53.854+0700] {sql.py:262} INFO - Executing: -- Create Schema `Sale_schema` for postgreSQL database

DROP SCHEMA IF EXISTS Sale_schema CASCADE;

CREATE SCHEMA Sale_schema;

CREATE TABLE IF NOT EXISTS Sale_schema.Sales (
    Order_ID VARCHAR(255) PRIMARY KEY,
    Order_date Date,
    Product_ID BIGINT,
    Style VARCHAR(45),
    Size VARCHAR(45),
    Quantity INT,
    Payment_method VARCHAR(255),
    Total_cost DECIMAL,
    Profit DECIMAL,
    Customer_ID VARCHAR(255)
);

CREATE TABLE IF NOT EXISTS Sale_schema.Products (
    Product_ID BIGINT PRIMARY KEY,
    Product_name VARCHAR(255),
    SKU INT,
    Brand VARCHAR(255),
    Category VARCHAR(255),
    Product_size DECIMAL,
    Sell_price DECIMAL,
    Commision_rate DECIMAL,
    Commision DECIMAL
);

CREATE TABLE IF NOT EXISTS Sale_schema.Customers (
    Customer_ID VARCHAR(255) PRIMARY KEY,
    Name VARCHAR(255),
    Phone VARCHAR(255),
    Age INT,
    Address VARCHAR(255),
    Postal_code INT
);

CREATE TABLE IF NOT EXISTS Sale_schema.Shipments (
    Shipment_ID VARCHAR(255) PRIMARY KEY,
    Order_ID VARCHAR(255),
    Shipping_date Date,
    Shipping_mode VARCHAR(255),
    Shipping_address VARCHAR(255),
    Shipping_status VARCHAR(255),
    Shipping_company VARCHAR(255),
    Shipping_cost DECIMAL,
    Shipping_zipcode INT
);

CREATE TABLE Sale_schema.Locations (
    Postal_code INT PRIMARY KEY,
    City VARCHAR(45),
    State VARCHAR(45),
    Country VARCHAR(45)
);

ALTER TABLE Sale_schema.Sales
ADD CONSTRAINT fk_sale_product_prodID FOREIGN KEY (Product_ID)
REFERENCES Sale_schema.Products (Product_ID)
ON DELETE CASCADE ON UPDATE CASCADE;


ALTER TABLE Sale_schema.Sales
ADD CONSTRAINT fk_sale_customer_custID FOREIGN KEY (Customer_ID)
REFERENCES Sale_schema.Customers (Customer_ID)
ON DELETE CASCADE ON UPDATE CASCADE;

ALTER TABLE Sale_schema.Shipments
ADD CONSTRAINT fk_shipment_sale_orderID FOREIGN KEY (Order_ID)
REFERENCES Sale_schema.Sales (Order_ID)
ON DELETE CASCADE ON UPDATE CASCADE;

ALTER TABLE Sale_schema.Shipments
ADD CONSTRAINT fk_shipment_location_zipcode FOREIGN KEY (Shipping_zipcode)
REFERENCES Sale_schema.Locations (Postal_code)
ON DELETE CASCADE ON UPDATE CASCADE;

ALTER TABLE Sale_schema.Customers
ADD CONSTRAINT fk_customer_location_postcode FOREIGN KEY (Postal_code)
REFERENCES Sale_schema.Locations (Postal_code)
ON DELETE CASCADE ON UPDATE CASCADE;
[2023-06-12T18:01:53.863+0700] {base.py:73} INFO - Using connection ID 'postgres_sale_db' for task execution.
[2023-06-12T18:01:53.942+0700] {base.py:73} INFO - Using connection ID 'postgres_sale_db' for task execution.
[2023-06-12T18:01:53.946+0700] {sql.py:375} INFO - Running statement: -- Create Schema `Sale_schema` for postgreSQL database

DROP SCHEMA IF EXISTS Sale_schema CASCADE;

CREATE SCHEMA Sale_schema;

CREATE TABLE IF NOT EXISTS Sale_schema.Sales (
    Order_ID VARCHAR(255) PRIMARY KEY,
    Order_date Date,
    Product_ID BIGINT,
    Style VARCHAR(45),
    Size VARCHAR(45),
    Quantity INT,
    Payment_method VARCHAR(255),
    Total_cost DECIMAL,
    Profit DECIMAL,
    Customer_ID VARCHAR(255)
);

CREATE TABLE IF NOT EXISTS Sale_schema.Products (
    Product_ID BIGINT PRIMARY KEY,
    Product_name VARCHAR(255),
    SKU INT,
    Brand VARCHAR(255),
    Category VARCHAR(255),
    Product_size DECIMAL,
    Sell_price DECIMAL,
    Commision_rate DECIMAL,
    Commision DECIMAL
);

CREATE TABLE IF NOT EXISTS Sale_schema.Customers (
    Customer_ID VARCHAR(255) PRIMARY KEY,
    Name VARCHAR(255),
    Phone VARCHAR(255),
    Age INT,
    Address VARCHAR(255),
    Postal_code INT
);

CREATE TABLE IF NOT EXISTS Sale_schema.Shipments (
    Shipment_ID VARCHAR(255) PRIMARY KEY,
    Order_ID VARCHAR(255),
    Shipping_date Date,
    Shipping_mode VARCHAR(255),
    Shipping_address VARCHAR(255),
    Shipping_status VARCHAR(255),
    Shipping_company VARCHAR(255),
    Shipping_cost DECIMAL,
    Shipping_zipcode INT
);

CREATE TABLE Sale_schema.Locations (
    Postal_code INT PRIMARY KEY,
    City VARCHAR(45),
    State VARCHAR(45),
    Country VARCHAR(45)
);

ALTER TABLE Sale_schema.Sales
ADD CONSTRAINT fk_sale_product_prodID FOREIGN KEY (Product_ID)
REFERENCES Sale_schema.Products (Product_ID)
ON DELETE CASCADE ON UPDATE CASCADE;


ALTER TABLE Sale_schema.Sales
ADD CONSTRAINT fk_sale_customer_custID FOREIGN KEY (Customer_ID)
REFERENCES Sale_schema.Customers (Customer_ID)
ON DELETE CASCADE ON UPDATE CASCADE;

ALTER TABLE Sale_schema.Shipments
ADD CONSTRAINT fk_shipment_sale_orderID FOREIGN KEY (Order_ID)
REFERENCES Sale_schema.Sales (Order_ID)
ON DELETE CASCADE ON UPDATE CASCADE;

ALTER TABLE Sale_schema.Shipments
ADD CONSTRAINT fk_shipment_location_zipcode FOREIGN KEY (Shipping_zipcode)
REFERENCES Sale_schema.Locations (Postal_code)
ON DELETE CASCADE ON UPDATE CASCADE;

ALTER TABLE Sale_schema.Customers
ADD CONSTRAINT fk_customer_location_postcode FOREIGN KEY (Postal_code)
REFERENCES Sale_schema.Locations (Postal_code)
ON DELETE CASCADE ON UPDATE CASCADE;, parameters: None
[2023-06-12T18:01:53.977+0700] {taskinstance.py:1318} INFO - Marking task as SUCCESS. dag_id=ETL_psql_redshift_dag, task_id=Create_psql_schema, execution_date=20230611T000000, start_date=20230612T110153, end_date=20230612T110153
[2023-06-12T18:01:53.987+0700] {local_task_job.py:208} INFO - Task exited with return code 0
[2023-06-12T18:01:54.008+0700] {taskinstance.py:2578} INFO - 5 downstream tasks scheduled from follow-on schedule check
[2023-06-12T18:15:08.640+0700] {taskinstance.py:1083} INFO - Dependencies all met for <TaskInstance: ETL_psql_redshift_dag.Create_psql_schema scheduled__2023-06-11T00:00:00+00:00 [queued]>
[2023-06-12T18:15:08.645+0700] {taskinstance.py:1083} INFO - Dependencies all met for <TaskInstance: ETL_psql_redshift_dag.Create_psql_schema scheduled__2023-06-11T00:00:00+00:00 [queued]>
[2023-06-12T18:15:08.645+0700] {taskinstance.py:1279} INFO - 
--------------------------------------------------------------------------------
[2023-06-12T18:15:08.645+0700] {taskinstance.py:1280} INFO - Starting attempt 1 of 3
[2023-06-12T18:15:08.645+0700] {taskinstance.py:1281} INFO - 
--------------------------------------------------------------------------------
[2023-06-12T18:15:08.652+0700] {taskinstance.py:1300} INFO - Executing <Task(PostgresOperator): Create_psql_schema> on 2023-06-11 00:00:00+00:00
[2023-06-12T18:15:08.654+0700] {standard_task_runner.py:55} INFO - Started process 15220 to run task
[2023-06-12T18:15:08.656+0700] {standard_task_runner.py:82} INFO - Running: ['airflow', 'tasks', 'run', 'ETL_psql_redshift_dag', 'Create_psql_schema', 'scheduled__2023-06-11T00:00:00+00:00', '--job-id', '42', '--raw', '--subdir', 'DAGS_FOLDER/dags_setup.py', '--cfg-path', '/var/folders/13/nw165ws91y30x7r8_6b34m_m0000gn/T/tmpwo96c47s']
[2023-06-12T18:15:08.657+0700] {standard_task_runner.py:83} INFO - Job 42: Subtask Create_psql_schema
[2023-06-12T18:15:08.706+0700] {task_command.py:388} INFO - Running <TaskInstance: ETL_psql_redshift_dag.Create_psql_schema scheduled__2023-06-11T00:00:00+00:00 [running]> on host vus-macbook-pro.local
[2023-06-12T18:15:08.760+0700] {taskinstance.py:1507} INFO - Exporting the following env vars:
AIRFLOW_CTX_DAG_OWNER=vupham
AIRFLOW_CTX_DAG_ID=ETL_psql_redshift_dag
AIRFLOW_CTX_TASK_ID=Create_psql_schema
AIRFLOW_CTX_EXECUTION_DATE=2023-06-11T00:00:00+00:00
AIRFLOW_CTX_TRY_NUMBER=1
AIRFLOW_CTX_DAG_RUN_ID=scheduled__2023-06-11T00:00:00+00:00
[2023-06-12T18:15:08.761+0700] {sql.py:262} INFO - Executing: -- Create Schema `Sale_schema` for postgreSQL database

DROP SCHEMA IF EXISTS Sale_schema CASCADE;

CREATE SCHEMA Sale_schema;

CREATE TABLE IF NOT EXISTS Sale_schema.Sales (
    Order_ID VARCHAR(255) PRIMARY KEY,
    Order_date Date,
    Product_ID BIGINT,
    Style VARCHAR(45),
    Size VARCHAR(45),
    Quantity INT,
    Payment_method VARCHAR(255),
    Total_cost DECIMAL,
    Profit DECIMAL,
    Customer_ID VARCHAR(255)
);

CREATE TABLE IF NOT EXISTS Sale_schema.Products (
    Product_ID BIGINT PRIMARY KEY,
    Product_name VARCHAR(255),
    SKU INT,
    Brand VARCHAR(255),
    Category VARCHAR(255),
    Product_size DECIMAL,
    Sell_price DECIMAL,
    Commision_rate DECIMAL,
    Commision DECIMAL
);

CREATE TABLE IF NOT EXISTS Sale_schema.Customers (
    Customer_ID VARCHAR(255) PRIMARY KEY,
    Name VARCHAR(255),
    Phone VARCHAR(255),
    Age INT,
    Address VARCHAR(255),
    Postal_code INT
);

CREATE TABLE IF NOT EXISTS Sale_schema.Shipments (
    Shipment_ID VARCHAR(255) PRIMARY KEY,
    Order_ID VARCHAR(255),
    Shipping_date Date,
    Shipping_mode VARCHAR(255),
    Shipping_address VARCHAR(255),
    Shipping_status VARCHAR(255),
    Shipping_company VARCHAR(255),
    Shipping_cost DECIMAL,
    Shipping_zipcode INT
);

CREATE TABLE Sale_schema.Locations (
    Postal_code INT PRIMARY KEY,
    City VARCHAR(45),
    State VARCHAR(45),
    Country VARCHAR(45)
);

ALTER TABLE Sale_schema.Sales
ADD CONSTRAINT fk_sale_product_prodID FOREIGN KEY (Product_ID)
REFERENCES Sale_schema.Products (Product_ID)
ON DELETE CASCADE ON UPDATE CASCADE;


ALTER TABLE Sale_schema.Sales
ADD CONSTRAINT fk_sale_customer_custID FOREIGN KEY (Customer_ID)
REFERENCES Sale_schema.Customers (Customer_ID)
ON DELETE CASCADE ON UPDATE CASCADE;

ALTER TABLE Sale_schema.Shipments
ADD CONSTRAINT fk_shipment_sale_orderID FOREIGN KEY (Order_ID)
REFERENCES Sale_schema.Sales (Order_ID)
ON DELETE CASCADE ON UPDATE CASCADE;

ALTER TABLE Sale_schema.Shipments
ADD CONSTRAINT fk_shipment_location_zipcode FOREIGN KEY (Shipping_zipcode)
REFERENCES Sale_schema.Locations (Postal_code)
ON DELETE CASCADE ON UPDATE CASCADE;

ALTER TABLE Sale_schema.Customers
ADD CONSTRAINT fk_customer_location_postcode FOREIGN KEY (Postal_code)
REFERENCES Sale_schema.Locations (Postal_code)
ON DELETE CASCADE ON UPDATE CASCADE;
[2023-06-12T18:15:08.767+0700] {base.py:73} INFO - Using connection ID 'postgres_sale_db' for task execution.
[2023-06-12T18:15:08.849+0700] {base.py:73} INFO - Using connection ID 'postgres_sale_db' for task execution.
[2023-06-12T18:15:08.854+0700] {sql.py:375} INFO - Running statement: -- Create Schema `Sale_schema` for postgreSQL database

DROP SCHEMA IF EXISTS Sale_schema CASCADE;

CREATE SCHEMA Sale_schema;

CREATE TABLE IF NOT EXISTS Sale_schema.Sales (
    Order_ID VARCHAR(255) PRIMARY KEY,
    Order_date Date,
    Product_ID BIGINT,
    Style VARCHAR(45),
    Size VARCHAR(45),
    Quantity INT,
    Payment_method VARCHAR(255),
    Total_cost DECIMAL,
    Profit DECIMAL,
    Customer_ID VARCHAR(255)
);

CREATE TABLE IF NOT EXISTS Sale_schema.Products (
    Product_ID BIGINT PRIMARY KEY,
    Product_name VARCHAR(255),
    SKU INT,
    Brand VARCHAR(255),
    Category VARCHAR(255),
    Product_size DECIMAL,
    Sell_price DECIMAL,
    Commision_rate DECIMAL,
    Commision DECIMAL
);

CREATE TABLE IF NOT EXISTS Sale_schema.Customers (
    Customer_ID VARCHAR(255) PRIMARY KEY,
    Name VARCHAR(255),
    Phone VARCHAR(255),
    Age INT,
    Address VARCHAR(255),
    Postal_code INT
);

CREATE TABLE IF NOT EXISTS Sale_schema.Shipments (
    Shipment_ID VARCHAR(255) PRIMARY KEY,
    Order_ID VARCHAR(255),
    Shipping_date Date,
    Shipping_mode VARCHAR(255),
    Shipping_address VARCHAR(255),
    Shipping_status VARCHAR(255),
    Shipping_company VARCHAR(255),
    Shipping_cost DECIMAL,
    Shipping_zipcode INT
);

CREATE TABLE Sale_schema.Locations (
    Postal_code INT PRIMARY KEY,
    City VARCHAR(45),
    State VARCHAR(45),
    Country VARCHAR(45)
);

ALTER TABLE Sale_schema.Sales
ADD CONSTRAINT fk_sale_product_prodID FOREIGN KEY (Product_ID)
REFERENCES Sale_schema.Products (Product_ID)
ON DELETE CASCADE ON UPDATE CASCADE;


ALTER TABLE Sale_schema.Sales
ADD CONSTRAINT fk_sale_customer_custID FOREIGN KEY (Customer_ID)
REFERENCES Sale_schema.Customers (Customer_ID)
ON DELETE CASCADE ON UPDATE CASCADE;

ALTER TABLE Sale_schema.Shipments
ADD CONSTRAINT fk_shipment_sale_orderID FOREIGN KEY (Order_ID)
REFERENCES Sale_schema.Sales (Order_ID)
ON DELETE CASCADE ON UPDATE CASCADE;

ALTER TABLE Sale_schema.Shipments
ADD CONSTRAINT fk_shipment_location_zipcode FOREIGN KEY (Shipping_zipcode)
REFERENCES Sale_schema.Locations (Postal_code)
ON DELETE CASCADE ON UPDATE CASCADE;

ALTER TABLE Sale_schema.Customers
ADD CONSTRAINT fk_customer_location_postcode FOREIGN KEY (Postal_code)
REFERENCES Sale_schema.Locations (Postal_code)
ON DELETE CASCADE ON UPDATE CASCADE;, parameters: None
[2023-06-12T18:15:08.885+0700] {taskinstance.py:1318} INFO - Marking task as SUCCESS. dag_id=ETL_psql_redshift_dag, task_id=Create_psql_schema, execution_date=20230611T000000, start_date=20230612T111508, end_date=20230612T111508
[2023-06-12T18:15:08.898+0700] {local_task_job.py:208} INFO - Task exited with return code 0
[2023-06-12T18:15:08.916+0700] {taskinstance.py:2578} INFO - 5 downstream tasks scheduled from follow-on schedule check
[2023-06-12T18:19:55.803+0700] {taskinstance.py:1083} INFO - Dependencies all met for <TaskInstance: ETL_psql_redshift_dag.Create_psql_schema scheduled__2023-06-11T00:00:00+00:00 [queued]>
[2023-06-12T18:19:55.810+0700] {taskinstance.py:1083} INFO - Dependencies all met for <TaskInstance: ETL_psql_redshift_dag.Create_psql_schema scheduled__2023-06-11T00:00:00+00:00 [queued]>
[2023-06-12T18:19:55.810+0700] {taskinstance.py:1279} INFO - 
--------------------------------------------------------------------------------
[2023-06-12T18:19:55.810+0700] {taskinstance.py:1280} INFO - Starting attempt 1 of 3
[2023-06-12T18:19:55.810+0700] {taskinstance.py:1281} INFO - 
--------------------------------------------------------------------------------
[2023-06-12T18:19:55.818+0700] {taskinstance.py:1300} INFO - Executing <Task(PostgresOperator): Create_psql_schema> on 2023-06-11 00:00:00+00:00
[2023-06-12T18:19:55.821+0700] {standard_task_runner.py:55} INFO - Started process 16218 to run task
[2023-06-12T18:19:55.824+0700] {standard_task_runner.py:82} INFO - Running: ['airflow', 'tasks', 'run', 'ETL_psql_redshift_dag', 'Create_psql_schema', 'scheduled__2023-06-11T00:00:00+00:00', '--job-id', '54', '--raw', '--subdir', 'DAGS_FOLDER/dags_setup.py', '--cfg-path', '/var/folders/13/nw165ws91y30x7r8_6b34m_m0000gn/T/tmpk33antuy']
[2023-06-12T18:19:55.826+0700] {standard_task_runner.py:83} INFO - Job 54: Subtask Create_psql_schema
[2023-06-12T18:19:55.871+0700] {task_command.py:388} INFO - Running <TaskInstance: ETL_psql_redshift_dag.Create_psql_schema scheduled__2023-06-11T00:00:00+00:00 [running]> on host vus-macbook-pro.local
[2023-06-12T18:19:55.916+0700] {taskinstance.py:1507} INFO - Exporting the following env vars:
AIRFLOW_CTX_DAG_OWNER=vupham
AIRFLOW_CTX_DAG_ID=ETL_psql_redshift_dag
AIRFLOW_CTX_TASK_ID=Create_psql_schema
AIRFLOW_CTX_EXECUTION_DATE=2023-06-11T00:00:00+00:00
AIRFLOW_CTX_TRY_NUMBER=1
AIRFLOW_CTX_DAG_RUN_ID=scheduled__2023-06-11T00:00:00+00:00
[2023-06-12T18:19:55.916+0700] {sql.py:262} INFO - Executing: -- Create Schema `Sale_schema` for postgreSQL database

DROP SCHEMA IF EXISTS Sale_schema CASCADE;

CREATE SCHEMA Sale_schema;

CREATE TABLE IF NOT EXISTS Sale_schema.Sales (
    Order_ID VARCHAR(255) PRIMARY KEY,
    Order_date Date,
    Product_ID BIGINT,
    Style VARCHAR(45),
    Size VARCHAR(45),
    Quantity INT,
    Payment_method VARCHAR(255),
    Total_cost DECIMAL,
    Profit DECIMAL,
    Customer_ID VARCHAR(255)
);

CREATE TABLE IF NOT EXISTS Sale_schema.Products (
    Product_ID BIGINT PRIMARY KEY,
    Product_name VARCHAR(255),
    SKU INT,
    Brand VARCHAR(255),
    Category VARCHAR(255),
    Product_size DECIMAL,
    Sell_price DECIMAL,
    Commision_rate DECIMAL,
    Commision DECIMAL
);

CREATE TABLE IF NOT EXISTS Sale_schema.Customers (
    Customer_ID VARCHAR(255) PRIMARY KEY,
    Name VARCHAR(255),
    Phone VARCHAR(255),
    Age INT,
    Address VARCHAR(255),
    Postal_code INT
);

CREATE TABLE IF NOT EXISTS Sale_schema.Shipments (
    Shipment_ID VARCHAR(255) PRIMARY KEY,
    Order_ID VARCHAR(255),
    Shipping_date Date,
    Shipping_mode VARCHAR(255),
    Shipping_address VARCHAR(255),
    Shipping_status VARCHAR(255),
    Shipping_company VARCHAR(255),
    Shipping_cost DECIMAL,
    Shipping_zipcode INT
);

CREATE TABLE Sale_schema.Locations (
    Postal_code INT PRIMARY KEY,
    City VARCHAR(45),
    State VARCHAR(45),
    Country VARCHAR(45)
);

ALTER TABLE Sale_schema.Sales
ADD CONSTRAINT fk_sale_product_prodID FOREIGN KEY (Product_ID)
REFERENCES Sale_schema.Products (Product_ID)
ON DELETE CASCADE ON UPDATE CASCADE;


ALTER TABLE Sale_schema.Sales
ADD CONSTRAINT fk_sale_customer_custID FOREIGN KEY (Customer_ID)
REFERENCES Sale_schema.Customers (Customer_ID)
ON DELETE CASCADE ON UPDATE CASCADE;

ALTER TABLE Sale_schema.Shipments
ADD CONSTRAINT fk_shipment_sale_orderID FOREIGN KEY (Order_ID)
REFERENCES Sale_schema.Sales (Order_ID)
ON DELETE CASCADE ON UPDATE CASCADE;

ALTER TABLE Sale_schema.Shipments
ADD CONSTRAINT fk_shipment_location_zipcode FOREIGN KEY (Shipping_zipcode)
REFERENCES Sale_schema.Locations (Postal_code)
ON DELETE CASCADE ON UPDATE CASCADE;

ALTER TABLE Sale_schema.Customers
ADD CONSTRAINT fk_customer_location_postcode FOREIGN KEY (Postal_code)
REFERENCES Sale_schema.Locations (Postal_code)
ON DELETE CASCADE ON UPDATE CASCADE;
[2023-06-12T18:19:55.923+0700] {base.py:73} INFO - Using connection ID 'postgres_sale_db' for task execution.
[2023-06-12T18:19:56.002+0700] {base.py:73} INFO - Using connection ID 'postgres_sale_db' for task execution.
[2023-06-12T18:19:56.006+0700] {sql.py:375} INFO - Running statement: -- Create Schema `Sale_schema` for postgreSQL database

DROP SCHEMA IF EXISTS Sale_schema CASCADE;

CREATE SCHEMA Sale_schema;

CREATE TABLE IF NOT EXISTS Sale_schema.Sales (
    Order_ID VARCHAR(255) PRIMARY KEY,
    Order_date Date,
    Product_ID BIGINT,
    Style VARCHAR(45),
    Size VARCHAR(45),
    Quantity INT,
    Payment_method VARCHAR(255),
    Total_cost DECIMAL,
    Profit DECIMAL,
    Customer_ID VARCHAR(255)
);

CREATE TABLE IF NOT EXISTS Sale_schema.Products (
    Product_ID BIGINT PRIMARY KEY,
    Product_name VARCHAR(255),
    SKU INT,
    Brand VARCHAR(255),
    Category VARCHAR(255),
    Product_size DECIMAL,
    Sell_price DECIMAL,
    Commision_rate DECIMAL,
    Commision DECIMAL
);

CREATE TABLE IF NOT EXISTS Sale_schema.Customers (
    Customer_ID VARCHAR(255) PRIMARY KEY,
    Name VARCHAR(255),
    Phone VARCHAR(255),
    Age INT,
    Address VARCHAR(255),
    Postal_code INT
);

CREATE TABLE IF NOT EXISTS Sale_schema.Shipments (
    Shipment_ID VARCHAR(255) PRIMARY KEY,
    Order_ID VARCHAR(255),
    Shipping_date Date,
    Shipping_mode VARCHAR(255),
    Shipping_address VARCHAR(255),
    Shipping_status VARCHAR(255),
    Shipping_company VARCHAR(255),
    Shipping_cost DECIMAL,
    Shipping_zipcode INT
);

CREATE TABLE Sale_schema.Locations (
    Postal_code INT PRIMARY KEY,
    City VARCHAR(45),
    State VARCHAR(45),
    Country VARCHAR(45)
);

ALTER TABLE Sale_schema.Sales
ADD CONSTRAINT fk_sale_product_prodID FOREIGN KEY (Product_ID)
REFERENCES Sale_schema.Products (Product_ID)
ON DELETE CASCADE ON UPDATE CASCADE;


ALTER TABLE Sale_schema.Sales
ADD CONSTRAINT fk_sale_customer_custID FOREIGN KEY (Customer_ID)
REFERENCES Sale_schema.Customers (Customer_ID)
ON DELETE CASCADE ON UPDATE CASCADE;

ALTER TABLE Sale_schema.Shipments
ADD CONSTRAINT fk_shipment_sale_orderID FOREIGN KEY (Order_ID)
REFERENCES Sale_schema.Sales (Order_ID)
ON DELETE CASCADE ON UPDATE CASCADE;

ALTER TABLE Sale_schema.Shipments
ADD CONSTRAINT fk_shipment_location_zipcode FOREIGN KEY (Shipping_zipcode)
REFERENCES Sale_schema.Locations (Postal_code)
ON DELETE CASCADE ON UPDATE CASCADE;

ALTER TABLE Sale_schema.Customers
ADD CONSTRAINT fk_customer_location_postcode FOREIGN KEY (Postal_code)
REFERENCES Sale_schema.Locations (Postal_code)
ON DELETE CASCADE ON UPDATE CASCADE;, parameters: None
[2023-06-12T18:19:56.049+0700] {taskinstance.py:1318} INFO - Marking task as SUCCESS. dag_id=ETL_psql_redshift_dag, task_id=Create_psql_schema, execution_date=20230611T000000, start_date=20230612T111955, end_date=20230612T111956
[2023-06-12T18:19:56.062+0700] {local_task_job.py:208} INFO - Task exited with return code 0
[2023-06-12T18:19:56.079+0700] {taskinstance.py:2578} INFO - 5 downstream tasks scheduled from follow-on schedule check
[2023-06-13T09:04:31.798+0000] {taskinstance.py:1083} INFO - Dependencies all met for <TaskInstance: ETL_psql_redshift_dag.Create_psql_schema scheduled__2023-06-11T00:00:00+00:00 [queued]>
[2023-06-13T09:04:31.805+0000] {taskinstance.py:1083} INFO - Dependencies all met for <TaskInstance: ETL_psql_redshift_dag.Create_psql_schema scheduled__2023-06-11T00:00:00+00:00 [queued]>
[2023-06-13T09:04:31.806+0000] {taskinstance.py:1279} INFO - 
--------------------------------------------------------------------------------
[2023-06-13T09:04:31.806+0000] {taskinstance.py:1280} INFO - Starting attempt 1 of 3
[2023-06-13T09:04:31.807+0000] {taskinstance.py:1281} INFO - 
--------------------------------------------------------------------------------
[2023-06-13T09:04:31.818+0000] {taskinstance.py:1300} INFO - Executing <Task(PostgresOperator): Create_psql_schema> on 2023-06-11 00:00:00+00:00
[2023-06-13T09:04:31.829+0000] {standard_task_runner.py:55} INFO - Started process 206 to run task
[2023-06-13T09:04:31.833+0000] {standard_task_runner.py:82} INFO - Running: ['***', 'tasks', 'run', 'ETL_psql_redshift_dag', 'Create_psql_schema', 'scheduled__2023-06-11T00:00:00+00:00', '--job-id', '4', '--raw', '--subdir', 'DAGS_FOLDER/dags_setup.py', '--cfg-path', '/tmp/tmpjytqe5av']
[2023-06-13T09:04:31.837+0000] {standard_task_runner.py:83} INFO - Job 4: Subtask Create_psql_schema
[2023-06-13T09:04:31.928+0000] {task_command.py:388} INFO - Running <TaskInstance: ETL_psql_redshift_dag.Create_psql_schema scheduled__2023-06-11T00:00:00+00:00 [running]> on host 18c8ccfcc77e
[2023-06-13T09:04:31.954+0000] {abstractoperator.py:613} ERROR - Exception rendering Jinja template for task 'Create_psql_schema', field 'sql'. Template: 'create_pgsql_schema.sql'
Traceback (most recent call last):
  File "/home/airflow/.local/lib/python3.7/site-packages/airflow/models/abstractoperator.py", line 606, in _do_render_template_fields
    seen_oids,
  File "/home/airflow/.local/lib/python3.7/site-packages/airflow/models/abstractoperator.py", line 657, in render_template
    template = jinja_env.get_template(value)
  File "/home/airflow/.local/lib/python3.7/site-packages/jinja2/environment.py", line 1010, in get_template
    return self._load_template(name, globals)
  File "/home/airflow/.local/lib/python3.7/site-packages/jinja2/environment.py", line 969, in _load_template
    template = self.loader.load(self, name, self.make_globals(globals))
  File "/home/airflow/.local/lib/python3.7/site-packages/jinja2/loaders.py", line 126, in load
    source, filename, uptodate = self.get_source(environment, name)
  File "/home/airflow/.local/lib/python3.7/site-packages/jinja2/loaders.py", line 218, in get_source
    raise TemplateNotFound(template)
jinja2.exceptions.TemplateNotFound: create_pgsql_schema.sql
[2023-06-13T09:04:31.957+0000] {taskinstance.py:1768} ERROR - Task failed with exception
Traceback (most recent call last):
  File "/home/airflow/.local/lib/python3.7/site-packages/airflow/models/taskinstance.py", line 1374, in _run_raw_task
    self._execute_task_with_callbacks(context, test_mode)
  File "/home/airflow/.local/lib/python3.7/site-packages/airflow/models/taskinstance.py", line 1493, in _execute_task_with_callbacks
    task_orig = self.render_templates(context=context)
  File "/home/airflow/.local/lib/python3.7/site-packages/airflow/models/taskinstance.py", line 2115, in render_templates
    original_task.render_template_fields(context)
  File "/home/airflow/.local/lib/python3.7/site-packages/airflow/models/baseoperator.py", line 1179, in render_template_fields
    self._do_render_template_fields(self, self.template_fields, context, jinja_env, set())
  File "/home/airflow/.local/lib/python3.7/site-packages/airflow/utils/session.py", line 75, in wrapper
    return func(*args, session=session, **kwargs)
  File "/home/airflow/.local/lib/python3.7/site-packages/airflow/models/abstractoperator.py", line 606, in _do_render_template_fields
    seen_oids,
  File "/home/airflow/.local/lib/python3.7/site-packages/airflow/models/abstractoperator.py", line 657, in render_template
    template = jinja_env.get_template(value)
  File "/home/airflow/.local/lib/python3.7/site-packages/jinja2/environment.py", line 1010, in get_template
    return self._load_template(name, globals)
  File "/home/airflow/.local/lib/python3.7/site-packages/jinja2/environment.py", line 969, in _load_template
    template = self.loader.load(self, name, self.make_globals(globals))
  File "/home/airflow/.local/lib/python3.7/site-packages/jinja2/loaders.py", line 126, in load
    source, filename, uptodate = self.get_source(environment, name)
  File "/home/airflow/.local/lib/python3.7/site-packages/jinja2/loaders.py", line 218, in get_source
    raise TemplateNotFound(template)
jinja2.exceptions.TemplateNotFound: create_pgsql_schema.sql
[2023-06-13T09:04:31.969+0000] {taskinstance.py:1323} INFO - Marking task as UP_FOR_RETRY. dag_id=ETL_psql_redshift_dag, task_id=Create_psql_schema, execution_date=20230611T000000, start_date=20230613T090431, end_date=20230613T090431
[2023-06-13T09:04:31.986+0000] {standard_task_runner.py:105} ERROR - Failed to execute job 4 for task Create_psql_schema (create_pgsql_schema.sql; 206)
[2023-06-13T09:04:32.008+0000] {local_task_job.py:208} INFO - Task exited with return code 1
[2023-06-13T09:04:32.040+0000] {taskinstance.py:2578} INFO - 0 downstream tasks scheduled from follow-on schedule check
[2023-06-13T09:51:15.845+0000] {taskinstance.py:1083} INFO - Dependencies all met for <TaskInstance: ETL_psql_redshift_dag.Create_psql_schema scheduled__2023-06-11T00:00:00+00:00 [queued]>
[2023-06-13T09:51:15.864+0000] {taskinstance.py:1083} INFO - Dependencies all met for <TaskInstance: ETL_psql_redshift_dag.Create_psql_schema scheduled__2023-06-11T00:00:00+00:00 [queued]>
[2023-06-13T09:51:15.865+0000] {taskinstance.py:1279} INFO - 
--------------------------------------------------------------------------------
[2023-06-13T09:51:15.868+0000] {taskinstance.py:1280} INFO - Starting attempt 1 of 3
[2023-06-13T09:51:15.869+0000] {taskinstance.py:1281} INFO - 
--------------------------------------------------------------------------------
[2023-06-13T09:51:15.882+0000] {taskinstance.py:1300} INFO - Executing <Task(PostgresOperator): Create_psql_schema> on 2023-06-11 00:00:00+00:00
[2023-06-13T09:51:15.888+0000] {standard_task_runner.py:55} INFO - Started process 192 to run task
[2023-06-13T09:51:15.894+0000] {standard_task_runner.py:82} INFO - Running: ['***', 'tasks', 'run', 'ETL_psql_redshift_dag', 'Create_psql_schema', 'scheduled__2023-06-11T00:00:00+00:00', '--job-id', '4', '--raw', '--subdir', 'DAGS_FOLDER/dags_setup.py', '--cfg-path', '/tmp/tmp4mkr0igv']
[2023-06-13T09:51:15.897+0000] {standard_task_runner.py:83} INFO - Job 4: Subtask Create_psql_schema
[2023-06-13T09:51:15.979+0000] {task_command.py:388} INFO - Running <TaskInstance: ETL_psql_redshift_dag.Create_psql_schema scheduled__2023-06-11T00:00:00+00:00 [running]> on host 3e8a746d7998
[2023-06-13T09:51:16.004+0000] {abstractoperator.py:613} ERROR - Exception rendering Jinja template for task 'Create_psql_schema', field 'sql'. Template: 'create_pgsql_schema.sql'
Traceback (most recent call last):
  File "/home/airflow/.local/lib/python3.7/site-packages/airflow/models/abstractoperator.py", line 606, in _do_render_template_fields
    seen_oids,
  File "/home/airflow/.local/lib/python3.7/site-packages/airflow/models/abstractoperator.py", line 657, in render_template
    template = jinja_env.get_template(value)
  File "/home/airflow/.local/lib/python3.7/site-packages/jinja2/environment.py", line 1010, in get_template
    return self._load_template(name, globals)
  File "/home/airflow/.local/lib/python3.7/site-packages/jinja2/environment.py", line 969, in _load_template
    template = self.loader.load(self, name, self.make_globals(globals))
  File "/home/airflow/.local/lib/python3.7/site-packages/jinja2/loaders.py", line 126, in load
    source, filename, uptodate = self.get_source(environment, name)
  File "/home/airflow/.local/lib/python3.7/site-packages/jinja2/loaders.py", line 218, in get_source
    raise TemplateNotFound(template)
jinja2.exceptions.TemplateNotFound: create_pgsql_schema.sql
[2023-06-13T09:51:16.005+0000] {taskinstance.py:1768} ERROR - Task failed with exception
Traceback (most recent call last):
  File "/home/airflow/.local/lib/python3.7/site-packages/airflow/models/taskinstance.py", line 1374, in _run_raw_task
    self._execute_task_with_callbacks(context, test_mode)
  File "/home/airflow/.local/lib/python3.7/site-packages/airflow/models/taskinstance.py", line 1493, in _execute_task_with_callbacks
    task_orig = self.render_templates(context=context)
  File "/home/airflow/.local/lib/python3.7/site-packages/airflow/models/taskinstance.py", line 2115, in render_templates
    original_task.render_template_fields(context)
  File "/home/airflow/.local/lib/python3.7/site-packages/airflow/models/baseoperator.py", line 1179, in render_template_fields
    self._do_render_template_fields(self, self.template_fields, context, jinja_env, set())
  File "/home/airflow/.local/lib/python3.7/site-packages/airflow/utils/session.py", line 75, in wrapper
    return func(*args, session=session, **kwargs)
  File "/home/airflow/.local/lib/python3.7/site-packages/airflow/models/abstractoperator.py", line 606, in _do_render_template_fields
    seen_oids,
  File "/home/airflow/.local/lib/python3.7/site-packages/airflow/models/abstractoperator.py", line 657, in render_template
    template = jinja_env.get_template(value)
  File "/home/airflow/.local/lib/python3.7/site-packages/jinja2/environment.py", line 1010, in get_template
    return self._load_template(name, globals)
  File "/home/airflow/.local/lib/python3.7/site-packages/jinja2/environment.py", line 969, in _load_template
    template = self.loader.load(self, name, self.make_globals(globals))
  File "/home/airflow/.local/lib/python3.7/site-packages/jinja2/loaders.py", line 126, in load
    source, filename, uptodate = self.get_source(environment, name)
  File "/home/airflow/.local/lib/python3.7/site-packages/jinja2/loaders.py", line 218, in get_source
    raise TemplateNotFound(template)
jinja2.exceptions.TemplateNotFound: create_pgsql_schema.sql
[2023-06-13T09:51:16.014+0000] {taskinstance.py:1323} INFO - Marking task as UP_FOR_RETRY. dag_id=ETL_psql_redshift_dag, task_id=Create_psql_schema, execution_date=20230611T000000, start_date=20230613T095115, end_date=20230613T095116
[2023-06-13T09:51:16.026+0000] {standard_task_runner.py:105} ERROR - Failed to execute job 4 for task Create_psql_schema (create_pgsql_schema.sql; 192)
[2023-06-13T09:51:16.068+0000] {local_task_job.py:208} INFO - Task exited with return code 1
[2023-06-13T09:51:16.090+0000] {taskinstance.py:2578} INFO - 0 downstream tasks scheduled from follow-on schedule check
[2023-06-13T10:03:58.453+0000] {taskinstance.py:1083} INFO - Dependencies all met for <TaskInstance: ETL_psql_redshift_dag.Create_psql_schema scheduled__2023-06-11T00:00:00+00:00 [queued]>
[2023-06-13T10:03:58.467+0000] {taskinstance.py:1083} INFO - Dependencies all met for <TaskInstance: ETL_psql_redshift_dag.Create_psql_schema scheduled__2023-06-11T00:00:00+00:00 [queued]>
[2023-06-13T10:03:58.469+0000] {taskinstance.py:1279} INFO - 
--------------------------------------------------------------------------------
[2023-06-13T10:03:58.471+0000] {taskinstance.py:1280} INFO - Starting attempt 1 of 3
[2023-06-13T10:03:58.472+0000] {taskinstance.py:1281} INFO - 
--------------------------------------------------------------------------------
[2023-06-13T10:03:58.491+0000] {taskinstance.py:1300} INFO - Executing <Task(PostgresOperator): Create_psql_schema> on 2023-06-11 00:00:00+00:00
[2023-06-13T10:03:58.500+0000] {standard_task_runner.py:55} INFO - Started process 209 to run task
[2023-06-13T10:03:58.509+0000] {standard_task_runner.py:82} INFO - Running: ['***', 'tasks', 'run', 'ETL_psql_redshift_dag', 'Create_psql_schema', 'scheduled__2023-06-11T00:00:00+00:00', '--job-id', '10', '--raw', '--subdir', 'DAGS_FOLDER/dags_setup.py', '--cfg-path', '/tmp/tmpn8q31abo']
[2023-06-13T10:03:58.513+0000] {standard_task_runner.py:83} INFO - Job 10: Subtask Create_psql_schema
[2023-06-13T10:03:58.649+0000] {task_command.py:388} INFO - Running <TaskInstance: ETL_psql_redshift_dag.Create_psql_schema scheduled__2023-06-11T00:00:00+00:00 [running]> on host 48c6d1f52236
[2023-06-13T10:03:58.721+0000] {taskinstance.py:1509} INFO - Exporting the following env vars:
AIRFLOW_CTX_DAG_OWNER=vupham
AIRFLOW_CTX_DAG_ID=ETL_psql_redshift_dag
AIRFLOW_CTX_TASK_ID=Create_psql_schema
AIRFLOW_CTX_EXECUTION_DATE=2023-06-11T00:00:00+00:00
AIRFLOW_CTX_TRY_NUMBER=1
AIRFLOW_CTX_DAG_RUN_ID=scheduled__2023-06-11T00:00:00+00:00
[2023-06-13T10:03:58.724+0000] {sql.py:254} INFO - Executing: -- Create Schema `Sale_schema` for postgreSQL database

DROP SCHEMA IF EXISTS Sale_schema CASCADE;

CREATE SCHEMA Sale_schema;

CREATE TABLE IF NOT EXISTS Sale_schema.Sales (
    Order_ID VARCHAR(255) PRIMARY KEY,
    Order_date Date,
    Product_ID BIGINT,
    Style VARCHAR(45),
    Size VARCHAR(45),
    Quantity INT,
    Payment_method VARCHAR(255),
    Total_cost DECIMAL,
    Profit DECIMAL,
    Customer_ID VARCHAR(255)
);

CREATE TABLE IF NOT EXISTS Sale_schema.Products (
    Product_ID BIGINT PRIMARY KEY,
    Product_name VARCHAR(255),
    SKU INT,
    Brand VARCHAR(255),
    Category VARCHAR(255),
    Product_size DECIMAL,
    Sell_price DECIMAL,
    Commision_rate DECIMAL,
    Commision DECIMAL
);

CREATE TABLE IF NOT EXISTS Sale_schema.Customers (
    Customer_ID VARCHAR(255) PRIMARY KEY,
    Name VARCHAR(255),
    Phone VARCHAR(255),
    Age INT,
    Address VARCHAR(255),
    Postal_code INT
);

CREATE TABLE IF NOT EXISTS Sale_schema.Shipments (
    Shipment_ID VARCHAR(255) PRIMARY KEY,
    Order_ID VARCHAR(255),
    Shipping_date Date,
    Shipping_mode VARCHAR(255),
    Shipping_address VARCHAR(255),
    Shipping_status VARCHAR(255),
    Shipping_company VARCHAR(255),
    Shipping_cost DECIMAL,
    Shipping_zipcode INT
);

CREATE TABLE Sale_schema.Locations (
    Postal_code INT PRIMARY KEY,
    City VARCHAR(45),
    State VARCHAR(45),
    Country VARCHAR(45)
);

ALTER TABLE Sale_schema.Sales
ADD CONSTRAINT fk_sale_product_prodID FOREIGN KEY (Product_ID)
REFERENCES Sale_schema.Products (Product_ID)
ON DELETE CASCADE ON UPDATE CASCADE;


ALTER TABLE Sale_schema.Sales
ADD CONSTRAINT fk_sale_customer_custID FOREIGN KEY (Customer_ID)
REFERENCES Sale_schema.Customers (Customer_ID)
ON DELETE CASCADE ON UPDATE CASCADE;

ALTER TABLE Sale_schema.Shipments
ADD CONSTRAINT fk_shipment_sale_orderID FOREIGN KEY (Order_ID)
REFERENCES Sale_schema.Sales (Order_ID)
ON DELETE CASCADE ON UPDATE CASCADE;

ALTER TABLE Sale_schema.Shipments
ADD CONSTRAINT fk_shipment_location_zipcode FOREIGN KEY (Shipping_zipcode)
REFERENCES Sale_schema.Locations (Postal_code)
ON DELETE CASCADE ON UPDATE CASCADE;

ALTER TABLE Sale_schema.Customers
ADD CONSTRAINT fk_customer_location_postcode FOREIGN KEY (Postal_code)
REFERENCES Sale_schema.Locations (Postal_code)
ON DELETE CASCADE ON UPDATE CASCADE;
[2023-06-13T10:03:58.765+0000] {taskinstance.py:1768} ERROR - Task failed with exception
Traceback (most recent call last):
  File "/home/airflow/.local/lib/python3.7/site-packages/airflow/providers/common/sql/operators/sql.py", line 255, in execute
    hook = self.get_db_hook()
  File "/home/airflow/.local/lib/python3.7/site-packages/airflow/providers/common/sql/operators/sql.py", line 179, in get_db_hook
    return self._hook
  File "/home/airflow/.local/lib/python3.7/site-packages/cached_property.py", line 36, in __get__
    value = obj.__dict__[self.func.__name__] = self.func(obj)
  File "/home/airflow/.local/lib/python3.7/site-packages/airflow/providers/common/sql/operators/sql.py", line 141, in _hook
    conn = BaseHook.get_connection(self.conn_id)
  File "/home/airflow/.local/lib/python3.7/site-packages/airflow/hooks/base.py", line 72, in get_connection
    conn = Connection.get_connection_from_secrets(conn_id)
  File "/home/airflow/.local/lib/python3.7/site-packages/airflow/models/connection.py", line 435, in get_connection_from_secrets
    raise AirflowNotFoundException(f"The conn_id `{conn_id}` isn't defined")
airflow.exceptions.AirflowNotFoundException: The conn_id `postgres_sale_db` isn't defined
[2023-06-13T10:03:58.769+0000] {taskinstance.py:1323} INFO - Marking task as UP_FOR_RETRY. dag_id=ETL_psql_redshift_dag, task_id=Create_psql_schema, execution_date=20230611T000000, start_date=20230613T100358, end_date=20230613T100358
[2023-06-13T10:03:58.782+0000] {standard_task_runner.py:105} ERROR - Failed to execute job 10 for task Create_psql_schema (The conn_id `postgres_sale_db` isn't defined; 209)
[2023-06-13T10:03:58.803+0000] {local_task_job.py:208} INFO - Task exited with return code 1
[2023-06-13T10:03:58.825+0000] {taskinstance.py:2578} INFO - 0 downstream tasks scheduled from follow-on schedule check
