[2023-06-12T18:00:32.221+0700] {taskinstance.py:1083} INFO - Dependencies all met for <TaskInstance: ETL_psql_redshift_dag.ETL_s3 scheduled__2023-06-10T00:00:00+00:00 [queued]>
[2023-06-12T18:00:32.225+0700] {taskinstance.py:1083} INFO - Dependencies all met for <TaskInstance: ETL_psql_redshift_dag.ETL_s3 scheduled__2023-06-10T00:00:00+00:00 [queued]>
[2023-06-12T18:00:32.225+0700] {taskinstance.py:1279} INFO - 
--------------------------------------------------------------------------------
[2023-06-12T18:00:32.225+0700] {taskinstance.py:1280} INFO - Starting attempt 1 of 3
[2023-06-12T18:00:32.225+0700] {taskinstance.py:1281} INFO - 
--------------------------------------------------------------------------------
[2023-06-12T18:00:32.230+0700] {taskinstance.py:1300} INFO - Executing <Task(PythonOperator): ETL_s3> on 2023-06-10 00:00:00+00:00
[2023-06-12T18:00:32.233+0700] {standard_task_runner.py:55} INFO - Started process 12565 to run task
[2023-06-12T18:00:32.235+0700] {standard_task_runner.py:82} INFO - Running: ['airflow', 'tasks', 'run', 'ETL_psql_redshift_dag', 'ETL_s3', 'scheduled__2023-06-10T00:00:00+00:00', '--job-id', '18', '--raw', '--subdir', 'DAGS_FOLDER/dags_setup.py', '--cfg-path', '/var/folders/13/nw165ws91y30x7r8_6b34m_m0000gn/T/tmpiyuyv3wd']
[2023-06-12T18:00:32.237+0700] {standard_task_runner.py:83} INFO - Job 18: Subtask ETL_s3
[2023-06-12T18:00:32.526+0700] {task_command.py:388} INFO - Running <TaskInstance: ETL_psql_redshift_dag.ETL_s3 scheduled__2023-06-10T00:00:00+00:00 [running]> on host vus-macbook-pro.local
[2023-06-12T18:00:32.573+0700] {taskinstance.py:1507} INFO - Exporting the following env vars:
AIRFLOW_CTX_DAG_OWNER=vupham
AIRFLOW_CTX_DAG_ID=ETL_psql_redshift_dag
AIRFLOW_CTX_TASK_ID=ETL_s3
AIRFLOW_CTX_EXECUTION_DATE=2023-06-10T00:00:00+00:00
AIRFLOW_CTX_TRY_NUMBER=1
AIRFLOW_CTX_DAG_RUN_ID=scheduled__2023-06-10T00:00:00+00:00
[2023-06-12T18:00:38.173+0700] {logging_mixin.py:137} INFO - Loading products to s3
[2023-06-12T18:00:38.572+0700] {logging_mixin.py:137} INFO - Load successfully
[2023-06-12T18:00:38.572+0700] {logging_mixin.py:137} INFO - Loading sales to s3
[2023-06-12T18:00:38.851+0700] {logging_mixin.py:137} INFO - Load successfully
[2023-06-12T18:00:38.851+0700] {logging_mixin.py:137} INFO - Loading customers to s3
[2023-06-12T18:00:38.944+0700] {logging_mixin.py:137} INFO - Load successfully
[2023-06-12T18:00:38.944+0700] {logging_mixin.py:137} INFO - Loading shipments to s3
[2023-06-12T18:00:39.035+0700] {logging_mixin.py:137} INFO - Load successfully
[2023-06-12T18:00:39.035+0700] {logging_mixin.py:137} INFO - Loading locations to s3
[2023-06-12T18:00:39.127+0700] {logging_mixin.py:137} INFO - Load successfully
[2023-06-12T18:00:39.128+0700] {logging_mixin.py:137} INFO - Loading time to s3
[2023-06-12T18:00:39.234+0700] {logging_mixin.py:137} INFO - Load successfully
[2023-06-12T18:00:39.240+0700] {python.py:177} INFO - Done. Returned value was: None
[2023-06-12T18:00:39.259+0700] {taskinstance.py:1318} INFO - Marking task as SUCCESS. dag_id=ETL_psql_redshift_dag, task_id=ETL_s3, execution_date=20230610T000000, start_date=20230612T110032, end_date=20230612T110039
[2023-06-12T18:00:39.304+0700] {local_task_job.py:208} INFO - Task exited with return code 0
[2023-06-12T18:00:39.320+0700] {taskinstance.py:2578} INFO - 0 downstream tasks scheduled from follow-on schedule check
[2023-06-12T18:06:33.289+0700] {taskinstance.py:1083} INFO - Dependencies all met for <TaskInstance: ETL_psql_redshift_dag.ETL_s3 scheduled__2023-06-10T00:00:00+00:00 [queued]>
[2023-06-12T18:06:33.294+0700] {taskinstance.py:1083} INFO - Dependencies all met for <TaskInstance: ETL_psql_redshift_dag.ETL_s3 scheduled__2023-06-10T00:00:00+00:00 [queued]>
[2023-06-12T18:06:33.294+0700] {taskinstance.py:1279} INFO - 
--------------------------------------------------------------------------------
[2023-06-12T18:06:33.294+0700] {taskinstance.py:1280} INFO - Starting attempt 1 of 3
[2023-06-12T18:06:33.294+0700] {taskinstance.py:1281} INFO - 
--------------------------------------------------------------------------------
[2023-06-12T18:06:33.300+0700] {taskinstance.py:1300} INFO - Executing <Task(PythonOperator): ETL_s3> on 2023-06-10 00:00:00+00:00
[2023-06-12T18:06:33.302+0700] {standard_task_runner.py:55} INFO - Started process 13921 to run task
[2023-06-12T18:06:33.305+0700] {standard_task_runner.py:82} INFO - Running: ['airflow', 'tasks', 'run', 'ETL_psql_redshift_dag', 'ETL_s3', 'scheduled__2023-06-10T00:00:00+00:00', '--job-id', '35', '--raw', '--subdir', 'DAGS_FOLDER/dags_setup.py', '--cfg-path', '/var/folders/13/nw165ws91y30x7r8_6b34m_m0000gn/T/tmpdrroijo7']
[2023-06-12T18:06:33.306+0700] {standard_task_runner.py:83} INFO - Job 35: Subtask ETL_s3
[2023-06-12T18:06:33.353+0700] {task_command.py:388} INFO - Running <TaskInstance: ETL_psql_redshift_dag.ETL_s3 scheduled__2023-06-10T00:00:00+00:00 [running]> on host vus-macbook-pro.local
[2023-06-12T18:06:33.399+0700] {taskinstance.py:1507} INFO - Exporting the following env vars:
AIRFLOW_CTX_DAG_OWNER=vupham
AIRFLOW_CTX_DAG_ID=ETL_psql_redshift_dag
AIRFLOW_CTX_TASK_ID=ETL_s3
AIRFLOW_CTX_EXECUTION_DATE=2023-06-10T00:00:00+00:00
AIRFLOW_CTX_TRY_NUMBER=1
AIRFLOW_CTX_DAG_RUN_ID=scheduled__2023-06-10T00:00:00+00:00
[2023-06-12T18:06:37.712+0700] {logging_mixin.py:137} INFO - Loading products to s3
[2023-06-12T18:06:47.279+0700] {logging_mixin.py:137} INFO - Load successfully
[2023-06-12T18:06:47.280+0700] {logging_mixin.py:137} INFO - Loading sales to s3
[2023-06-12T18:06:52.895+0700] {logging_mixin.py:137} INFO - Load successfully
[2023-06-12T18:06:52.895+0700] {logging_mixin.py:137} INFO - Loading customers to s3
[2023-06-12T18:06:53.576+0700] {logging_mixin.py:137} INFO - Load successfully
[2023-06-12T18:06:53.576+0700] {logging_mixin.py:137} INFO - Loading shipments to s3
[2023-06-12T18:06:56.663+0700] {logging_mixin.py:137} INFO - Load successfully
[2023-06-12T18:06:56.664+0700] {logging_mixin.py:137} INFO - Loading locations to s3
[2023-06-12T18:06:59.288+0700] {logging_mixin.py:137} INFO - Load successfully
[2023-06-12T18:06:59.288+0700] {logging_mixin.py:137} INFO - Loading time to s3
[2023-06-12T18:06:59.381+0700] {logging_mixin.py:137} INFO - Load successfully
[2023-06-12T18:06:59.497+0700] {python.py:177} INFO - Done. Returned value was: None
[2023-06-12T18:06:59.509+0700] {taskinstance.py:1318} INFO - Marking task as SUCCESS. dag_id=ETL_psql_redshift_dag, task_id=ETL_s3, execution_date=20230610T000000, start_date=20230612T110633, end_date=20230612T110659
[2023-06-12T18:06:59.550+0700] {local_task_job.py:208} INFO - Task exited with return code 0
[2023-06-12T18:06:59.570+0700] {taskinstance.py:2578} INFO - 1 downstream tasks scheduled from follow-on schedule check
[2023-06-12T18:19:58.327+0700] {taskinstance.py:1083} INFO - Dependencies all met for <TaskInstance: ETL_psql_redshift_dag.ETL_s3 scheduled__2023-06-10T00:00:00+00:00 [queued]>
[2023-06-12T18:19:58.333+0700] {taskinstance.py:1083} INFO - Dependencies all met for <TaskInstance: ETL_psql_redshift_dag.ETL_s3 scheduled__2023-06-10T00:00:00+00:00 [queued]>
[2023-06-12T18:19:58.333+0700] {taskinstance.py:1279} INFO - 
--------------------------------------------------------------------------------
[2023-06-12T18:19:58.333+0700] {taskinstance.py:1280} INFO - Starting attempt 1 of 3
[2023-06-12T18:19:58.333+0700] {taskinstance.py:1281} INFO - 
--------------------------------------------------------------------------------
[2023-06-12T18:19:58.341+0700] {taskinstance.py:1300} INFO - Executing <Task(PythonOperator): ETL_s3> on 2023-06-10 00:00:00+00:00
[2023-06-12T18:19:58.343+0700] {standard_task_runner.py:55} INFO - Started process 16246 to run task
[2023-06-12T18:19:58.346+0700] {standard_task_runner.py:82} INFO - Running: ['airflow', 'tasks', 'run', 'ETL_psql_redshift_dag', 'ETL_s3', 'scheduled__2023-06-10T00:00:00+00:00', '--job-id', '55', '--raw', '--subdir', 'DAGS_FOLDER/dags_setup.py', '--cfg-path', '/var/folders/13/nw165ws91y30x7r8_6b34m_m0000gn/T/tmp0etso0he']
[2023-06-12T18:19:58.348+0700] {standard_task_runner.py:83} INFO - Job 55: Subtask ETL_s3
[2023-06-12T18:19:58.401+0700] {task_command.py:388} INFO - Running <TaskInstance: ETL_psql_redshift_dag.ETL_s3 scheduled__2023-06-10T00:00:00+00:00 [running]> on host vus-macbook-pro.local
[2023-06-12T18:19:58.450+0700] {taskinstance.py:1507} INFO - Exporting the following env vars:
AIRFLOW_CTX_DAG_OWNER=vupham
AIRFLOW_CTX_DAG_ID=ETL_psql_redshift_dag
AIRFLOW_CTX_TASK_ID=ETL_s3
AIRFLOW_CTX_EXECUTION_DATE=2023-06-10T00:00:00+00:00
AIRFLOW_CTX_TRY_NUMBER=1
AIRFLOW_CTX_DAG_RUN_ID=scheduled__2023-06-10T00:00:00+00:00
[2023-06-12T18:19:59.557+0700] {logging_mixin.py:137} INFO - Loading products to s3
[2023-06-12T18:19:59.750+0700] {logging_mixin.py:137} INFO - Load successfully
[2023-06-12T18:19:59.750+0700] {logging_mixin.py:137} INFO - Loading sales to s3
[2023-06-12T18:19:59.833+0700] {logging_mixin.py:137} INFO - Load successfully
[2023-06-12T18:19:59.835+0700] {logging_mixin.py:137} INFO - Loading customers to s3
[2023-06-12T18:19:59.954+0700] {logging_mixin.py:137} INFO - Load successfully
[2023-06-12T18:19:59.954+0700] {logging_mixin.py:137} INFO - Loading shipments to s3
[2023-06-12T18:20:00.055+0700] {logging_mixin.py:137} INFO - Load successfully
[2023-06-12T18:20:00.056+0700] {logging_mixin.py:137} INFO - Loading locations to s3
[2023-06-12T18:20:00.133+0700] {logging_mixin.py:137} INFO - Load successfully
[2023-06-12T18:20:00.133+0700] {logging_mixin.py:137} INFO - Loading time to s3
[2023-06-12T18:20:00.314+0700] {logging_mixin.py:137} INFO - Load successfully
[2023-06-12T18:20:00.315+0700] {python.py:177} INFO - Done. Returned value was: None
[2023-06-12T18:20:00.328+0700] {taskinstance.py:1318} INFO - Marking task as SUCCESS. dag_id=ETL_psql_redshift_dag, task_id=ETL_s3, execution_date=20230610T000000, start_date=20230612T111958, end_date=20230612T112000
[2023-06-12T18:20:00.375+0700] {local_task_job.py:208} INFO - Task exited with return code 0
[2023-06-12T18:20:00.399+0700] {taskinstance.py:2578} INFO - 1 downstream tasks scheduled from follow-on schedule check
