[2023-06-12T18:02:25.493+0700] {taskinstance.py:1083} INFO - Dependencies all met for <TaskInstance: ETL_psql_redshift_dag.Transform_location_df scheduled__2023-06-11T00:00:00+00:00 [queued]>
[2023-06-12T18:02:25.497+0700] {taskinstance.py:1083} INFO - Dependencies all met for <TaskInstance: ETL_psql_redshift_dag.Transform_location_df scheduled__2023-06-11T00:00:00+00:00 [queued]>
[2023-06-12T18:02:25.497+0700] {taskinstance.py:1279} INFO - 
--------------------------------------------------------------------------------
[2023-06-12T18:02:25.497+0700] {taskinstance.py:1280} INFO - Starting attempt 1 of 3
[2023-06-12T18:02:25.497+0700] {taskinstance.py:1281} INFO - 
--------------------------------------------------------------------------------
[2023-06-12T18:02:25.504+0700] {taskinstance.py:1300} INFO - Executing <Task(PythonOperator): Transform_location_df> on 2023-06-11 00:00:00+00:00
[2023-06-12T18:02:25.506+0700] {standard_task_runner.py:55} INFO - Started process 13089 to run task
[2023-06-12T18:02:25.509+0700] {standard_task_runner.py:82} INFO - Running: ['airflow', 'tasks', 'run', 'ETL_psql_redshift_dag', 'Transform_location_df', 'scheduled__2023-06-11T00:00:00+00:00', '--job-id', '29', '--raw', '--subdir', 'DAGS_FOLDER/dags_setup.py', '--cfg-path', '/var/folders/13/nw165ws91y30x7r8_6b34m_m0000gn/T/tmpcj23ocj9']
[2023-06-12T18:02:25.510+0700] {standard_task_runner.py:83} INFO - Job 29: Subtask Transform_location_df
[2023-06-12T18:02:25.559+0700] {task_command.py:388} INFO - Running <TaskInstance: ETL_psql_redshift_dag.Transform_location_df scheduled__2023-06-11T00:00:00+00:00 [running]> on host vus-macbook-pro.local
[2023-06-12T18:02:25.606+0700] {taskinstance.py:1507} INFO - Exporting the following env vars:
AIRFLOW_CTX_DAG_OWNER=vupham
AIRFLOW_CTX_DAG_ID=ETL_psql_redshift_dag
AIRFLOW_CTX_TASK_ID=Transform_location_df
AIRFLOW_CTX_EXECUTION_DATE=2023-06-11T00:00:00+00:00
AIRFLOW_CTX_TRY_NUMBER=1
AIRFLOW_CTX_DAG_RUN_ID=scheduled__2023-06-11T00:00:00+00:00
[2023-06-12T18:02:27.044+0700] {python.py:177} INFO - Done. Returned value was: None
[2023-06-12T18:02:27.053+0700] {taskinstance.py:1318} INFO - Marking task as SUCCESS. dag_id=ETL_psql_redshift_dag, task_id=Transform_location_df, execution_date=20230611T000000, start_date=20230612T110225, end_date=20230612T110227
[2023-06-12T18:02:27.098+0700] {local_task_job.py:208} INFO - Task exited with return code 0
[2023-06-12T18:02:27.116+0700] {taskinstance.py:2578} INFO - 0 downstream tasks scheduled from follow-on schedule check
[2023-06-12T18:15:42.807+0700] {taskinstance.py:1083} INFO - Dependencies all met for <TaskInstance: ETL_psql_redshift_dag.Transform_location_df scheduled__2023-06-11T00:00:00+00:00 [queued]>
[2023-06-12T18:15:42.814+0700] {taskinstance.py:1083} INFO - Dependencies all met for <TaskInstance: ETL_psql_redshift_dag.Transform_location_df scheduled__2023-06-11T00:00:00+00:00 [queued]>
[2023-06-12T18:15:42.814+0700] {taskinstance.py:1279} INFO - 
--------------------------------------------------------------------------------
[2023-06-12T18:15:42.814+0700] {taskinstance.py:1280} INFO - Starting attempt 1 of 3
[2023-06-12T18:15:42.814+0700] {taskinstance.py:1281} INFO - 
--------------------------------------------------------------------------------
[2023-06-12T18:15:42.832+0700] {taskinstance.py:1300} INFO - Executing <Task(PythonOperator): Transform_location_df> on 2023-06-11 00:00:00+00:00
[2023-06-12T18:15:42.835+0700] {standard_task_runner.py:55} INFO - Started process 15439 to run task
[2023-06-12T18:15:42.839+0700] {standard_task_runner.py:82} INFO - Running: ['airflow', 'tasks', 'run', 'ETL_psql_redshift_dag', 'Transform_location_df', 'scheduled__2023-06-11T00:00:00+00:00', '--job-id', '49', '--raw', '--subdir', 'DAGS_FOLDER/dags_setup.py', '--cfg-path', '/var/folders/13/nw165ws91y30x7r8_6b34m_m0000gn/T/tmpaflwl0d_']
[2023-06-12T18:15:42.841+0700] {standard_task_runner.py:83} INFO - Job 49: Subtask Transform_location_df
[2023-06-12T18:15:42.897+0700] {task_command.py:388} INFO - Running <TaskInstance: ETL_psql_redshift_dag.Transform_location_df scheduled__2023-06-11T00:00:00+00:00 [running]> on host vus-macbook-pro.local
[2023-06-12T18:15:42.953+0700] {taskinstance.py:1507} INFO - Exporting the following env vars:
AIRFLOW_CTX_DAG_OWNER=vupham
AIRFLOW_CTX_DAG_ID=ETL_psql_redshift_dag
AIRFLOW_CTX_TASK_ID=Transform_location_df
AIRFLOW_CTX_EXECUTION_DATE=2023-06-11T00:00:00+00:00
AIRFLOW_CTX_TRY_NUMBER=1
AIRFLOW_CTX_DAG_RUN_ID=scheduled__2023-06-11T00:00:00+00:00
[2023-06-12T18:15:44.351+0700] {python.py:177} INFO - Done. Returned value was: None
[2023-06-12T18:15:44.361+0700] {taskinstance.py:1318} INFO - Marking task as SUCCESS. dag_id=ETL_psql_redshift_dag, task_id=Transform_location_df, execution_date=20230611T000000, start_date=20230612T111542, end_date=20230612T111544
[2023-06-12T18:15:44.391+0700] {local_task_job.py:208} INFO - Task exited with return code 0
[2023-06-12T18:15:44.408+0700] {taskinstance.py:2578} INFO - 0 downstream tasks scheduled from follow-on schedule check
[2023-06-12T18:20:08.132+0700] {taskinstance.py:1083} INFO - Dependencies all met for <TaskInstance: ETL_psql_redshift_dag.Transform_location_df scheduled__2023-06-11T00:00:00+00:00 [queued]>
[2023-06-12T18:20:08.136+0700] {taskinstance.py:1083} INFO - Dependencies all met for <TaskInstance: ETL_psql_redshift_dag.Transform_location_df scheduled__2023-06-11T00:00:00+00:00 [queued]>
[2023-06-12T18:20:08.136+0700] {taskinstance.py:1279} INFO - 
--------------------------------------------------------------------------------
[2023-06-12T18:20:08.136+0700] {taskinstance.py:1280} INFO - Starting attempt 1 of 3
[2023-06-12T18:20:08.136+0700] {taskinstance.py:1281} INFO - 
--------------------------------------------------------------------------------
[2023-06-12T18:20:08.143+0700] {taskinstance.py:1300} INFO - Executing <Task(PythonOperator): Transform_location_df> on 2023-06-11 00:00:00+00:00
[2023-06-12T18:20:08.145+0700] {standard_task_runner.py:55} INFO - Started process 16317 to run task
[2023-06-12T18:20:08.148+0700] {standard_task_runner.py:82} INFO - Running: ['airflow', 'tasks', 'run', 'ETL_psql_redshift_dag', 'Transform_location_df', 'scheduled__2023-06-11T00:00:00+00:00', '--job-id', '57', '--raw', '--subdir', 'DAGS_FOLDER/dags_setup.py', '--cfg-path', '/var/folders/13/nw165ws91y30x7r8_6b34m_m0000gn/T/tmpwlek9veb']
[2023-06-12T18:20:08.149+0700] {standard_task_runner.py:83} INFO - Job 57: Subtask Transform_location_df
[2023-06-12T18:20:08.197+0700] {task_command.py:388} INFO - Running <TaskInstance: ETL_psql_redshift_dag.Transform_location_df scheduled__2023-06-11T00:00:00+00:00 [running]> on host vus-macbook-pro.local
[2023-06-12T18:20:08.245+0700] {taskinstance.py:1507} INFO - Exporting the following env vars:
AIRFLOW_CTX_DAG_OWNER=vupham
AIRFLOW_CTX_DAG_ID=ETL_psql_redshift_dag
AIRFLOW_CTX_TASK_ID=Transform_location_df
AIRFLOW_CTX_EXECUTION_DATE=2023-06-11T00:00:00+00:00
AIRFLOW_CTX_TRY_NUMBER=1
AIRFLOW_CTX_DAG_RUN_ID=scheduled__2023-06-11T00:00:00+00:00
[2023-06-12T18:20:09.809+0700] {python.py:177} INFO - Done. Returned value was: None
[2023-06-12T18:20:09.863+0700] {taskinstance.py:1318} INFO - Marking task as SUCCESS. dag_id=ETL_psql_redshift_dag, task_id=Transform_location_df, execution_date=20230611T000000, start_date=20230612T112008, end_date=20230612T112009
[2023-06-12T18:20:09.898+0700] {local_task_job.py:208} INFO - Task exited with return code 0
[2023-06-12T18:20:09.916+0700] {taskinstance.py:2578} INFO - 0 downstream tasks scheduled from follow-on schedule check
