[2023-06-14T09:29:22.028+0000] {taskinstance.py:1083} INFO - Dependencies all met for <TaskInstance: ETL_psql_redshift_dag.Load_s3_redshift manual__2023-06-14T09:23:18.124966+00:00 [queued]>
[2023-06-14T09:29:22.035+0000] {taskinstance.py:1083} INFO - Dependencies all met for <TaskInstance: ETL_psql_redshift_dag.Load_s3_redshift manual__2023-06-14T09:23:18.124966+00:00 [queued]>
[2023-06-14T09:29:22.036+0000] {taskinstance.py:1279} INFO - 
--------------------------------------------------------------------------------
[2023-06-14T09:29:22.036+0000] {taskinstance.py:1280} INFO - Starting attempt 1 of 3
[2023-06-14T09:29:22.036+0000] {taskinstance.py:1281} INFO - 
--------------------------------------------------------------------------------
[2023-06-14T09:29:22.043+0000] {taskinstance.py:1300} INFO - Executing <Task(PythonOperator): Load_s3_redshift> on 2023-06-14 09:23:18.124966+00:00
[2023-06-14T09:29:22.048+0000] {standard_task_runner.py:55} INFO - Started process 727 to run task
[2023-06-14T09:29:22.052+0000] {standard_task_runner.py:82} INFO - Running: ['***', 'tasks', 'run', 'ETL_psql_redshift_dag', 'Load_s3_redshift', 'manual__2023-06-14T09:23:18.124966+00:00', '--job-id', '36', '--raw', '--subdir', 'DAGS_FOLDER/dags_setup.py', '--cfg-path', '/tmp/tmpq2gvdh8q']
[2023-06-14T09:29:22.054+0000] {standard_task_runner.py:83} INFO - Job 36: Subtask Load_s3_redshift
[2023-06-14T09:29:22.106+0000] {task_command.py:388} INFO - Running <TaskInstance: ETL_psql_redshift_dag.Load_s3_redshift manual__2023-06-14T09:23:18.124966+00:00 [running]> on host f2da7a3b6ffa
[2023-06-14T09:29:22.150+0000] {taskinstance.py:1509} INFO - Exporting the following env vars:
AIRFLOW_CTX_DAG_OWNER=vupham
AIRFLOW_CTX_DAG_ID=ETL_psql_redshift_dag
AIRFLOW_CTX_TASK_ID=Load_s3_redshift
AIRFLOW_CTX_EXECUTION_DATE=2023-06-14T09:23:18.124966+00:00
AIRFLOW_CTX_TRY_NUMBER=1
AIRFLOW_CTX_DAG_RUN_ID=manual__2023-06-14T09:23:18.124966+00:00
[2023-06-14T09:29:36.498+0000] {python.py:177} INFO - Done. Returned value was: None
[2023-06-14T09:29:36.534+0000] {taskinstance.py:1323} INFO - Marking task as SUCCESS. dag_id=ETL_psql_redshift_dag, task_id=Load_s3_redshift, execution_date=20230614T092318, start_date=20230614T092922, end_date=20230614T092936
[2023-06-14T09:29:36.621+0000] {local_task_job.py:208} INFO - Task exited with return code 0
[2023-06-14T09:29:36.635+0000] {taskinstance.py:2578} INFO - 0 downstream tasks scheduled from follow-on schedule check
