[2023-06-14T09:11:02.805+0000] {taskinstance.py:1083} INFO - Dependencies all met for <TaskInstance: ETL_psql_redshift_dag.Transform_location_df manual__2023-06-14T09:10:10.647035+00:00 [queued]>
[2023-06-14T09:11:02.832+0000] {taskinstance.py:1083} INFO - Dependencies all met for <TaskInstance: ETL_psql_redshift_dag.Transform_location_df manual__2023-06-14T09:10:10.647035+00:00 [queued]>
[2023-06-14T09:11:02.836+0000] {taskinstance.py:1279} INFO - 
--------------------------------------------------------------------------------
[2023-06-14T09:11:02.837+0000] {taskinstance.py:1280} INFO - Starting attempt 1 of 3
[2023-06-14T09:11:02.838+0000] {taskinstance.py:1281} INFO - 
--------------------------------------------------------------------------------
[2023-06-14T09:11:02.866+0000] {taskinstance.py:1300} INFO - Executing <Task(PythonOperator): Transform_location_df> on 2023-06-14 09:10:10.647035+00:00
[2023-06-14T09:11:02.877+0000] {standard_task_runner.py:55} INFO - Started process 329 to run task
[2023-06-14T09:11:02.887+0000] {standard_task_runner.py:82} INFO - Running: ['***', 'tasks', 'run', 'ETL_psql_redshift_dag', 'Transform_location_df', 'manual__2023-06-14T09:10:10.647035+00:00', '--job-id', '11', '--raw', '--subdir', 'DAGS_FOLDER/dags_setup.py', '--cfg-path', '/tmp/tmpcamtj5ej']
[2023-06-14T09:11:02.900+0000] {standard_task_runner.py:83} INFO - Job 11: Subtask Transform_location_df
[2023-06-14T09:11:02.992+0000] {task_command.py:388} INFO - Running <TaskInstance: ETL_psql_redshift_dag.Transform_location_df manual__2023-06-14T09:10:10.647035+00:00 [running]> on host f2da7a3b6ffa
[2023-06-14T09:11:03.160+0000] {taskinstance.py:1509} INFO - Exporting the following env vars:
AIRFLOW_CTX_DAG_OWNER=vupham
AIRFLOW_CTX_DAG_ID=ETL_psql_redshift_dag
AIRFLOW_CTX_TASK_ID=Transform_location_df
AIRFLOW_CTX_EXECUTION_DATE=2023-06-14T09:10:10.647035+00:00
AIRFLOW_CTX_TRY_NUMBER=1
AIRFLOW_CTX_DAG_RUN_ID=manual__2023-06-14T09:10:10.647035+00:00
[2023-06-14T09:11:10.277+0000] {python.py:177} INFO - Done. Returned value was: None
[2023-06-14T09:11:10.297+0000] {taskinstance.py:1323} INFO - Marking task as SUCCESS. dag_id=ETL_psql_redshift_dag, task_id=Transform_location_df, execution_date=20230614T091010, start_date=20230614T091102, end_date=20230614T091110
[2023-06-14T09:11:10.438+0000] {local_task_job.py:208} INFO - Task exited with return code 0
[2023-06-14T09:11:10.484+0000] {taskinstance.py:2578} INFO - 0 downstream tasks scheduled from follow-on schedule check
