[2023-06-14T12:58:11.999+0000] {taskinstance.py:1083} INFO - Dependencies all met for <TaskInstance: ETL_psql_redshift_dag.Transform_shipment_df manual__2023-06-14T12:57:33.382865+00:00 [queued]>
[2023-06-14T12:58:12.007+0000] {taskinstance.py:1083} INFO - Dependencies all met for <TaskInstance: ETL_psql_redshift_dag.Transform_shipment_df manual__2023-06-14T12:57:33.382865+00:00 [queued]>
[2023-06-14T12:58:12.008+0000] {taskinstance.py:1279} INFO - 
--------------------------------------------------------------------------------
[2023-06-14T12:58:12.009+0000] {taskinstance.py:1280} INFO - Starting attempt 1 of 3
[2023-06-14T12:58:12.009+0000] {taskinstance.py:1281} INFO - 
--------------------------------------------------------------------------------
[2023-06-14T12:58:12.027+0000] {taskinstance.py:1300} INFO - Executing <Task(PythonOperator): Transform_shipment_df> on 2023-06-14 12:57:33.382865+00:00
[2023-06-14T12:58:12.033+0000] {standard_task_runner.py:55} INFO - Started process 617 to run task
[2023-06-14T12:58:12.042+0000] {standard_task_runner.py:82} INFO - Running: ['***', 'tasks', 'run', 'ETL_psql_redshift_dag', 'Transform_shipment_df', 'manual__2023-06-14T12:57:33.382865+00:00', '--job-id', '27', '--raw', '--subdir', 'DAGS_FOLDER/dags_setup.py', '--cfg-path', '/tmp/tmppjkoo8wo']
[2023-06-14T12:58:12.051+0000] {standard_task_runner.py:83} INFO - Job 27: Subtask Transform_shipment_df
[2023-06-14T12:58:12.202+0000] {task_command.py:388} INFO - Running <TaskInstance: ETL_psql_redshift_dag.Transform_shipment_df manual__2023-06-14T12:57:33.382865+00:00 [running]> on host 3d4df578486c
[2023-06-14T12:58:12.342+0000] {taskinstance.py:1509} INFO - Exporting the following env vars:
AIRFLOW_CTX_DAG_OWNER=vupham
AIRFLOW_CTX_DAG_ID=ETL_psql_redshift_dag
AIRFLOW_CTX_TASK_ID=Transform_shipment_df
AIRFLOW_CTX_EXECUTION_DATE=2023-06-14T12:57:33.382865+00:00
AIRFLOW_CTX_TRY_NUMBER=1
AIRFLOW_CTX_DAG_RUN_ID=manual__2023-06-14T12:57:33.382865+00:00
[2023-06-14T12:58:21.038+0000] {python.py:177} INFO - Done. Returned value was: None
[2023-06-14T12:58:21.059+0000] {taskinstance.py:1323} INFO - Marking task as SUCCESS. dag_id=ETL_psql_redshift_dag, task_id=Transform_shipment_df, execution_date=20230614T125733, start_date=20230614T125812, end_date=20230614T125821
[2023-06-14T12:58:21.157+0000] {local_task_job.py:208} INFO - Task exited with return code 0
[2023-06-14T12:58:21.185+0000] {taskinstance.py:2578} INFO - 0 downstream tasks scheduled from follow-on schedule check
