[2023-06-13T15:04:29.991+0000] {taskinstance.py:1083} INFO - Dependencies all met for <TaskInstance: ETL_psql_redshift_dag.Load_s3_redshift manual__2023-06-13T14:55:56.120360+00:00 [queued]>
[2023-06-13T15:04:29.996+0000] {taskinstance.py:1083} INFO - Dependencies all met for <TaskInstance: ETL_psql_redshift_dag.Load_s3_redshift manual__2023-06-13T14:55:56.120360+00:00 [queued]>
[2023-06-13T15:04:29.997+0000] {taskinstance.py:1279} INFO - 
--------------------------------------------------------------------------------
[2023-06-13T15:04:29.997+0000] {taskinstance.py:1280} INFO - Starting attempt 1 of 3
[2023-06-13T15:04:29.998+0000] {taskinstance.py:1281} INFO - 
--------------------------------------------------------------------------------
[2023-06-13T15:04:30.005+0000] {taskinstance.py:1300} INFO - Executing <Task(PythonOperator): Load_s3_redshift> on 2023-06-13 14:55:56.120360+00:00
[2023-06-13T15:04:30.009+0000] {standard_task_runner.py:55} INFO - Started process 659 to run task
[2023-06-13T15:04:30.012+0000] {standard_task_runner.py:82} INFO - Running: ['***', 'tasks', 'run', 'ETL_psql_redshift_dag', 'Load_s3_redshift', 'manual__2023-06-13T14:55:56.120360+00:00', '--job-id', '30', '--raw', '--subdir', 'DAGS_FOLDER/dags_setup.py', '--cfg-path', '/tmp/tmp5tkv93gu']
[2023-06-13T15:04:30.014+0000] {standard_task_runner.py:83} INFO - Job 30: Subtask Load_s3_redshift
[2023-06-13T15:04:30.066+0000] {task_command.py:388} INFO - Running <TaskInstance: ETL_psql_redshift_dag.Load_s3_redshift manual__2023-06-13T14:55:56.120360+00:00 [running]> on host 63f0fed3274d
[2023-06-13T15:04:30.110+0000] {taskinstance.py:1509} INFO - Exporting the following env vars:
AIRFLOW_CTX_DAG_OWNER=vupham
AIRFLOW_CTX_DAG_ID=ETL_psql_redshift_dag
AIRFLOW_CTX_TASK_ID=Load_s3_redshift
AIRFLOW_CTX_EXECUTION_DATE=2023-06-13T14:55:56.120360+00:00
AIRFLOW_CTX_TRY_NUMBER=1
AIRFLOW_CTX_DAG_RUN_ID=manual__2023-06-13T14:55:56.120360+00:00
[2023-06-13T15:04:44.307+0000] {python.py:177} INFO - Done. Returned value was: None
[2023-06-13T15:04:44.346+0000] {taskinstance.py:1323} INFO - Marking task as SUCCESS. dag_id=ETL_psql_redshift_dag, task_id=Load_s3_redshift, execution_date=20230613T145556, start_date=20230613T150429, end_date=20230613T150444
[2023-06-13T15:04:44.392+0000] {local_task_job.py:208} INFO - Task exited with return code 0
[2023-06-13T15:04:44.409+0000] {taskinstance.py:2578} INFO - 0 downstream tasks scheduled from follow-on schedule check
