[2023-06-14T09:29:17.000+0000] {taskinstance.py:1083} INFO - Dependencies all met for <TaskInstance: ETL_psql_redshift_dag.Create_redshift_schema manual__2023-06-14T09:23:18.124966+00:00 [queued]>
[2023-06-14T09:29:17.007+0000] {taskinstance.py:1083} INFO - Dependencies all met for <TaskInstance: ETL_psql_redshift_dag.Create_redshift_schema manual__2023-06-14T09:23:18.124966+00:00 [queued]>
[2023-06-14T09:29:17.007+0000] {taskinstance.py:1279} INFO - 
--------------------------------------------------------------------------------
[2023-06-14T09:29:17.008+0000] {taskinstance.py:1280} INFO - Starting attempt 1 of 3
[2023-06-14T09:29:17.008+0000] {taskinstance.py:1281} INFO - 
--------------------------------------------------------------------------------
[2023-06-14T09:29:17.015+0000] {taskinstance.py:1300} INFO - Executing <Task(PythonOperator): Create_redshift_schema> on 2023-06-14 09:23:18.124966+00:00
[2023-06-14T09:29:17.020+0000] {standard_task_runner.py:55} INFO - Started process 718 to run task
[2023-06-14T09:29:17.023+0000] {standard_task_runner.py:82} INFO - Running: ['***', 'tasks', 'run', 'ETL_psql_redshift_dag', 'Create_redshift_schema', 'manual__2023-06-14T09:23:18.124966+00:00', '--job-id', '35', '--raw', '--subdir', 'DAGS_FOLDER/dags_setup.py', '--cfg-path', '/tmp/tmpkkwapirn']
[2023-06-14T09:29:17.026+0000] {standard_task_runner.py:83} INFO - Job 35: Subtask Create_redshift_schema
[2023-06-14T09:29:17.077+0000] {task_command.py:388} INFO - Running <TaskInstance: ETL_psql_redshift_dag.Create_redshift_schema manual__2023-06-14T09:23:18.124966+00:00 [running]> on host f2da7a3b6ffa
[2023-06-14T09:29:17.125+0000] {taskinstance.py:1509} INFO - Exporting the following env vars:
AIRFLOW_CTX_DAG_OWNER=vupham
AIRFLOW_CTX_DAG_ID=ETL_psql_redshift_dag
AIRFLOW_CTX_TASK_ID=Create_redshift_schema
AIRFLOW_CTX_EXECUTION_DATE=2023-06-14T09:23:18.124966+00:00
AIRFLOW_CTX_TRY_NUMBER=1
AIRFLOW_CTX_DAG_RUN_ID=manual__2023-06-14T09:23:18.124966+00:00
[2023-06-14T09:29:21.218+0000] {logging_mixin.py:137} INFO - Create redshift schema successfully
[2023-06-14T09:29:21.222+0000] {python.py:177} INFO - Done. Returned value was: None
[2023-06-14T09:29:21.258+0000] {taskinstance.py:1323} INFO - Marking task as SUCCESS. dag_id=ETL_psql_redshift_dag, task_id=Create_redshift_schema, execution_date=20230614T092318, start_date=20230614T092917, end_date=20230614T092921
[2023-06-14T09:29:21.351+0000] {local_task_job.py:208} INFO - Task exited with return code 0
[2023-06-14T09:29:21.372+0000] {taskinstance.py:2578} INFO - 1 downstream tasks scheduled from follow-on schedule check
