[2023-06-14T09:13:00.976+0000] {taskinstance.py:1083} INFO - Dependencies all met for <TaskInstance: ETL_psql_redshift_dag.Transform_shipment_df scheduled__2023-06-13T00:00:00+00:00 [queued]>
[2023-06-14T09:13:00.984+0000] {taskinstance.py:1083} INFO - Dependencies all met for <TaskInstance: ETL_psql_redshift_dag.Transform_shipment_df scheduled__2023-06-13T00:00:00+00:00 [queued]>
[2023-06-14T09:13:00.985+0000] {taskinstance.py:1279} INFO - 
--------------------------------------------------------------------------------
[2023-06-14T09:13:00.985+0000] {taskinstance.py:1280} INFO - Starting attempt 2 of 3
[2023-06-14T09:13:00.986+0000] {taskinstance.py:1281} INFO - 
--------------------------------------------------------------------------------
[2023-06-14T09:13:00.998+0000] {taskinstance.py:1300} INFO - Executing <Task(PythonOperator): Transform_shipment_df> on 2023-06-13 00:00:00+00:00
[2023-06-14T09:13:01.007+0000] {standard_task_runner.py:55} INFO - Started process 364 to run task
[2023-06-14T09:13:01.012+0000] {standard_task_runner.py:82} INFO - Running: ['***', 'tasks', 'run', 'ETL_psql_redshift_dag', 'Transform_shipment_df', 'scheduled__2023-06-13T00:00:00+00:00', '--job-id', '18', '--raw', '--subdir', 'DAGS_FOLDER/dags_setup.py', '--cfg-path', '/tmp/tmpi00rjz6u']
[2023-06-14T09:13:01.015+0000] {standard_task_runner.py:83} INFO - Job 18: Subtask Transform_shipment_df
[2023-06-14T09:13:01.087+0000] {task_command.py:388} INFO - Running <TaskInstance: ETL_psql_redshift_dag.Transform_shipment_df scheduled__2023-06-13T00:00:00+00:00 [running]> on host f2da7a3b6ffa
[2023-06-14T09:13:01.155+0000] {taskinstance.py:1509} INFO - Exporting the following env vars:
AIRFLOW_CTX_DAG_OWNER=vupham
AIRFLOW_CTX_DAG_ID=ETL_psql_redshift_dag
AIRFLOW_CTX_TASK_ID=Transform_shipment_df
AIRFLOW_CTX_EXECUTION_DATE=2023-06-13T00:00:00+00:00
AIRFLOW_CTX_TRY_NUMBER=2
AIRFLOW_CTX_DAG_RUN_ID=scheduled__2023-06-13T00:00:00+00:00
[2023-06-14T09:13:06.897+0000] {python.py:177} INFO - Done. Returned value was: None
[2023-06-14T09:13:07.067+0000] {taskinstance.py:1323} INFO - Marking task as SUCCESS. dag_id=ETL_psql_redshift_dag, task_id=Transform_shipment_df, execution_date=20230613T000000, start_date=20230614T091300, end_date=20230614T091307
[2023-06-14T09:13:07.128+0000] {local_task_job.py:208} INFO - Task exited with return code 0
[2023-06-14T09:13:07.149+0000] {taskinstance.py:2578} INFO - 1 downstream tasks scheduled from follow-on schedule check
