[2023-06-14T09:20:32.388+0000] {taskinstance.py:1083} INFO - Dependencies all met for <TaskInstance: ETL_psql_redshift_dag.Load_s3_redshift manual__2023-06-14T09:10:10.647035+00:00 [queued]>
[2023-06-14T09:20:32.394+0000] {taskinstance.py:1083} INFO - Dependencies all met for <TaskInstance: ETL_psql_redshift_dag.Load_s3_redshift manual__2023-06-14T09:10:10.647035+00:00 [queued]>
[2023-06-14T09:20:32.395+0000] {taskinstance.py:1279} INFO - 
--------------------------------------------------------------------------------
[2023-06-14T09:20:32.395+0000] {taskinstance.py:1280} INFO - Starting attempt 1 of 3
[2023-06-14T09:20:32.396+0000] {taskinstance.py:1281} INFO - 
--------------------------------------------------------------------------------
[2023-06-14T09:20:32.403+0000] {taskinstance.py:1300} INFO - Executing <Task(PythonOperator): Load_s3_redshift> on 2023-06-14 09:10:10.647035+00:00
[2023-06-14T09:20:32.407+0000] {standard_task_runner.py:55} INFO - Started process 511 to run task
[2023-06-14T09:20:32.411+0000] {standard_task_runner.py:82} INFO - Running: ['***', 'tasks', 'run', 'ETL_psql_redshift_dag', 'Load_s3_redshift', 'manual__2023-06-14T09:10:10.647035+00:00', '--job-id', '25', '--raw', '--subdir', 'DAGS_FOLDER/dags_setup.py', '--cfg-path', '/tmp/tmprgdkl6ag']
[2023-06-14T09:20:32.413+0000] {standard_task_runner.py:83} INFO - Job 25: Subtask Load_s3_redshift
[2023-06-14T09:20:32.465+0000] {task_command.py:388} INFO - Running <TaskInstance: ETL_psql_redshift_dag.Load_s3_redshift manual__2023-06-14T09:10:10.647035+00:00 [running]> on host f2da7a3b6ffa
[2023-06-14T09:20:32.512+0000] {taskinstance.py:1509} INFO - Exporting the following env vars:
AIRFLOW_CTX_DAG_OWNER=vupham
AIRFLOW_CTX_DAG_ID=ETL_psql_redshift_dag
AIRFLOW_CTX_TASK_ID=Load_s3_redshift
AIRFLOW_CTX_EXECUTION_DATE=2023-06-14T09:10:10.647035+00:00
AIRFLOW_CTX_TRY_NUMBER=1
AIRFLOW_CTX_DAG_RUN_ID=manual__2023-06-14T09:10:10.647035+00:00
[2023-06-14T09:22:04.274+0000] {python.py:177} INFO - Done. Returned value was: None
[2023-06-14T09:22:04.321+0000] {taskinstance.py:1323} INFO - Marking task as SUCCESS. dag_id=ETL_psql_redshift_dag, task_id=Load_s3_redshift, execution_date=20230614T091010, start_date=20230614T092032, end_date=20230614T092204
[2023-06-14T09:22:04.467+0000] {local_task_job.py:208} INFO - Task exited with return code 0
[2023-06-14T09:22:04.489+0000] {taskinstance.py:2578} INFO - 0 downstream tasks scheduled from follow-on schedule check
