[2023-06-14T09:15:58.992+0000] {taskinstance.py:1083} INFO - Dependencies all met for <TaskInstance: ETL_psql_redshift_dag.ETL_s3 manual__2023-06-14T09:10:10.647035+00:00 [queued]>
[2023-06-14T09:15:58.998+0000] {taskinstance.py:1083} INFO - Dependencies all met for <TaskInstance: ETL_psql_redshift_dag.ETL_s3 manual__2023-06-14T09:10:10.647035+00:00 [queued]>
[2023-06-14T09:15:58.999+0000] {taskinstance.py:1279} INFO - 
--------------------------------------------------------------------------------
[2023-06-14T09:15:58.999+0000] {taskinstance.py:1280} INFO - Starting attempt 1 of 3
[2023-06-14T09:15:59.000+0000] {taskinstance.py:1281} INFO - 
--------------------------------------------------------------------------------
[2023-06-14T09:15:59.013+0000] {taskinstance.py:1300} INFO - Executing <Task(PythonOperator): ETL_s3> on 2023-06-14 09:10:10.647035+00:00
[2023-06-14T09:15:59.018+0000] {standard_task_runner.py:55} INFO - Started process 409 to run task
[2023-06-14T09:15:59.021+0000] {standard_task_runner.py:82} INFO - Running: ['***', 'tasks', 'run', 'ETL_psql_redshift_dag', 'ETL_s3', 'manual__2023-06-14T09:10:10.647035+00:00', '--job-id', '21', '--raw', '--subdir', 'DAGS_FOLDER/dags_setup.py', '--cfg-path', '/tmp/tmp3rtck6mz']
[2023-06-14T09:15:59.023+0000] {standard_task_runner.py:83} INFO - Job 21: Subtask ETL_s3
[2023-06-14T09:15:59.086+0000] {task_command.py:388} INFO - Running <TaskInstance: ETL_psql_redshift_dag.ETL_s3 manual__2023-06-14T09:10:10.647035+00:00 [running]> on host f2da7a3b6ffa
[2023-06-14T09:15:59.134+0000] {taskinstance.py:1509} INFO - Exporting the following env vars:
AIRFLOW_CTX_DAG_OWNER=vupham
AIRFLOW_CTX_DAG_ID=ETL_psql_redshift_dag
AIRFLOW_CTX_TASK_ID=ETL_s3
AIRFLOW_CTX_EXECUTION_DATE=2023-06-14T09:10:10.647035+00:00
AIRFLOW_CTX_TRY_NUMBER=1
AIRFLOW_CTX_DAG_RUN_ID=manual__2023-06-14T09:10:10.647035+00:00
[2023-06-14T09:16:07.374+0000] {logging_mixin.py:137} INFO - Loading products to s3
[2023-06-14T09:16:16.481+0000] {logging_mixin.py:137} INFO - Load successfully
[2023-06-14T09:16:16.484+0000] {logging_mixin.py:137} INFO - Loading sales to s3
[2023-06-14T09:16:21.959+0000] {logging_mixin.py:137} INFO - Load successfully
[2023-06-14T09:16:21.961+0000] {logging_mixin.py:137} INFO - Loading customers to s3
[2023-06-14T09:16:22.822+0000] {logging_mixin.py:137} INFO - Load successfully
[2023-06-14T09:16:22.824+0000] {logging_mixin.py:137} INFO - Loading shipments to s3
[2023-06-14T09:16:25.884+0000] {logging_mixin.py:137} INFO - Load successfully
[2023-06-14T09:16:25.885+0000] {logging_mixin.py:137} INFO - Loading locations to s3
[2023-06-14T09:16:28.382+0000] {logging_mixin.py:137} INFO - Load successfully
[2023-06-14T09:16:28.385+0000] {logging_mixin.py:137} INFO - Loading time to s3
[2023-06-14T09:16:28.505+0000] {logging_mixin.py:137} INFO - Load successfully
[2023-06-14T09:16:28.863+0000] {python.py:177} INFO - Done. Returned value was: None
[2023-06-14T09:16:28.884+0000] {taskinstance.py:1323} INFO - Marking task as SUCCESS. dag_id=ETL_psql_redshift_dag, task_id=ETL_s3, execution_date=20230614T091010, start_date=20230614T091558, end_date=20230614T091628
[2023-06-14T09:16:29.176+0000] {local_task_job.py:208} INFO - Task exited with return code 0
[2023-06-14T09:16:29.210+0000] {taskinstance.py:2578} INFO - 1 downstream tasks scheduled from follow-on schedule check
