[2023-06-14T09:10:12.098+0000] {taskinstance.py:1083} INFO - Dependencies all met for <TaskInstance: ETL_psql_redshift_dag.Create_psql_schema manual__2023-06-14T09:10:10.647035+00:00 [queued]>
[2023-06-14T09:10:12.119+0000] {taskinstance.py:1083} INFO - Dependencies all met for <TaskInstance: ETL_psql_redshift_dag.Create_psql_schema manual__2023-06-14T09:10:10.647035+00:00 [queued]>
[2023-06-14T09:10:12.120+0000] {taskinstance.py:1279} INFO - 
--------------------------------------------------------------------------------
[2023-06-14T09:10:12.121+0000] {taskinstance.py:1280} INFO - Starting attempt 1 of 3
[2023-06-14T09:10:12.121+0000] {taskinstance.py:1281} INFO - 
--------------------------------------------------------------------------------
[2023-06-14T09:10:12.143+0000] {taskinstance.py:1300} INFO - Executing <Task(PostgresOperator): Create_psql_schema> on 2023-06-14 09:10:10.647035+00:00
[2023-06-14T09:10:12.153+0000] {standard_task_runner.py:55} INFO - Started process 220 to run task
[2023-06-14T09:10:12.162+0000] {standard_task_runner.py:82} INFO - Running: ['***', 'tasks', 'run', 'ETL_psql_redshift_dag', 'Create_psql_schema', 'manual__2023-06-14T09:10:10.647035+00:00', '--job-id', '3', '--raw', '--subdir', 'DAGS_FOLDER/dags_setup.py', '--cfg-path', '/tmp/tmpio8bkp1y']
[2023-06-14T09:10:12.166+0000] {standard_task_runner.py:83} INFO - Job 3: Subtask Create_psql_schema
[2023-06-14T09:10:12.289+0000] {task_command.py:388} INFO - Running <TaskInstance: ETL_psql_redshift_dag.Create_psql_schema manual__2023-06-14T09:10:10.647035+00:00 [running]> on host f2da7a3b6ffa
[2023-06-14T09:10:12.371+0000] {taskinstance.py:1509} INFO - Exporting the following env vars:
AIRFLOW_CTX_DAG_OWNER=vupham
AIRFLOW_CTX_DAG_ID=ETL_psql_redshift_dag
AIRFLOW_CTX_TASK_ID=Create_psql_schema
AIRFLOW_CTX_EXECUTION_DATE=2023-06-14T09:10:10.647035+00:00
AIRFLOW_CTX_TRY_NUMBER=1
AIRFLOW_CTX_DAG_RUN_ID=manual__2023-06-14T09:10:10.647035+00:00
[2023-06-14T09:10:12.372+0000] {sql.py:254} INFO - Executing: -- Create Schema `Sale_schema` for postgreSQL database

DROP SCHEMA IF EXISTS Sale_schema CASCADE;

CREATE SCHEMA Sale_schema;

CREATE TABLE IF NOT EXISTS Sale_schema.Sales (
    Order_ID VARCHAR(255) PRIMARY KEY,
    Order_date Date,
    Product_ID BIGINT,
    Style VARCHAR(45),
    Size VARCHAR(45),
    Quantity INT,
    Payment_method VARCHAR(255),
    Total_cost DECIMAL,
    Profit DECIMAL,
    Customer_ID VARCHAR(255)
);

CREATE TABLE IF NOT EXISTS Sale_schema.Products (
    Product_ID BIGINT PRIMARY KEY,
    Product_name VARCHAR(255),
    SKU INT,
    Brand VARCHAR(255),
    Category VARCHAR(255),
    Product_size DECIMAL,
    Sell_price DECIMAL,
    Commision_rate DECIMAL,
    Commision DECIMAL
);

CREATE TABLE IF NOT EXISTS Sale_schema.Customers (
    Customer_ID VARCHAR(255) PRIMARY KEY,
    Name VARCHAR(255),
    Phone VARCHAR(255),
    Age INT,
    Address VARCHAR(255),
    Postal_code INT
);

CREATE TABLE IF NOT EXISTS Sale_schema.Shipments (
    Shipment_ID VARCHAR(255) PRIMARY KEY,
    Order_ID VARCHAR(255),
    Shipping_date Date,
    Shipping_mode VARCHAR(255),
    Shipping_address VARCHAR(255),
    Shipping_status VARCHAR(255),
    Shipping_company VARCHAR(255),
    Shipping_cost DECIMAL,
    Shipping_zipcode INT
);

CREATE TABLE Sale_schema.Locations (
    Postal_code INT PRIMARY KEY,
    City VARCHAR(45),
    State VARCHAR(45),
    Country VARCHAR(45)
);

ALTER TABLE Sale_schema.Sales
ADD CONSTRAINT fk_sale_product_prodID FOREIGN KEY (Product_ID)
REFERENCES Sale_schema.Products (Product_ID)
ON DELETE CASCADE ON UPDATE CASCADE;


ALTER TABLE Sale_schema.Sales
ADD CONSTRAINT fk_sale_customer_custID FOREIGN KEY (Customer_ID)
REFERENCES Sale_schema.Customers (Customer_ID)
ON DELETE CASCADE ON UPDATE CASCADE;

ALTER TABLE Sale_schema.Shipments
ADD CONSTRAINT fk_shipment_sale_orderID FOREIGN KEY (Order_ID)
REFERENCES Sale_schema.Sales (Order_ID)
ON DELETE CASCADE ON UPDATE CASCADE;

ALTER TABLE Sale_schema.Shipments
ADD CONSTRAINT fk_shipment_location_zipcode FOREIGN KEY (Shipping_zipcode)
REFERENCES Sale_schema.Locations (Postal_code)
ON DELETE CASCADE ON UPDATE CASCADE;

ALTER TABLE Sale_schema.Customers
ADD CONSTRAINT fk_customer_location_postcode FOREIGN KEY (Postal_code)
REFERENCES Sale_schema.Locations (Postal_code)
ON DELETE CASCADE ON UPDATE CASCADE;
[2023-06-14T09:10:12.383+0000] {base.py:73} INFO - Using connection ID 'postgres_sale_db' for task execution.
[2023-06-14T09:10:12.706+0000] {base.py:73} INFO - Using connection ID 'postgres_sale_db' for task execution.
[2023-06-14T09:10:12.711+0000] {sql.py:375} INFO - Running statement: -- Create Schema `Sale_schema` for postgreSQL database

DROP SCHEMA IF EXISTS Sale_schema CASCADE;

CREATE SCHEMA Sale_schema;

CREATE TABLE IF NOT EXISTS Sale_schema.Sales (
    Order_ID VARCHAR(255) PRIMARY KEY,
    Order_date Date,
    Product_ID BIGINT,
    Style VARCHAR(45),
    Size VARCHAR(45),
    Quantity INT,
    Payment_method VARCHAR(255),
    Total_cost DECIMAL,
    Profit DECIMAL,
    Customer_ID VARCHAR(255)
);

CREATE TABLE IF NOT EXISTS Sale_schema.Products (
    Product_ID BIGINT PRIMARY KEY,
    Product_name VARCHAR(255),
    SKU INT,
    Brand VARCHAR(255),
    Category VARCHAR(255),
    Product_size DECIMAL,
    Sell_price DECIMAL,
    Commision_rate DECIMAL,
    Commision DECIMAL
);

CREATE TABLE IF NOT EXISTS Sale_schema.Customers (
    Customer_ID VARCHAR(255) PRIMARY KEY,
    Name VARCHAR(255),
    Phone VARCHAR(255),
    Age INT,
    Address VARCHAR(255),
    Postal_code INT
);

CREATE TABLE IF NOT EXISTS Sale_schema.Shipments (
    Shipment_ID VARCHAR(255) PRIMARY KEY,
    Order_ID VARCHAR(255),
    Shipping_date Date,
    Shipping_mode VARCHAR(255),
    Shipping_address VARCHAR(255),
    Shipping_status VARCHAR(255),
    Shipping_company VARCHAR(255),
    Shipping_cost DECIMAL,
    Shipping_zipcode INT
);

CREATE TABLE Sale_schema.Locations (
    Postal_code INT PRIMARY KEY,
    City VARCHAR(45),
    State VARCHAR(45),
    Country VARCHAR(45)
);

ALTER TABLE Sale_schema.Sales
ADD CONSTRAINT fk_sale_product_prodID FOREIGN KEY (Product_ID)
REFERENCES Sale_schema.Products (Product_ID)
ON DELETE CASCADE ON UPDATE CASCADE;


ALTER TABLE Sale_schema.Sales
ADD CONSTRAINT fk_sale_customer_custID FOREIGN KEY (Customer_ID)
REFERENCES Sale_schema.Customers (Customer_ID)
ON DELETE CASCADE ON UPDATE CASCADE;

ALTER TABLE Sale_schema.Shipments
ADD CONSTRAINT fk_shipment_sale_orderID FOREIGN KEY (Order_ID)
REFERENCES Sale_schema.Sales (Order_ID)
ON DELETE CASCADE ON UPDATE CASCADE;

ALTER TABLE Sale_schema.Shipments
ADD CONSTRAINT fk_shipment_location_zipcode FOREIGN KEY (Shipping_zipcode)
REFERENCES Sale_schema.Locations (Postal_code)
ON DELETE CASCADE ON UPDATE CASCADE;

ALTER TABLE Sale_schema.Customers
ADD CONSTRAINT fk_customer_location_postcode FOREIGN KEY (Postal_code)
REFERENCES Sale_schema.Locations (Postal_code)
ON DELETE CASCADE ON UPDATE CASCADE;, parameters: None
[2023-06-14T09:10:12.736+0000] {taskinstance.py:1323} INFO - Marking task as SUCCESS. dag_id=ETL_psql_redshift_dag, task_id=Create_psql_schema, execution_date=20230614T091010, start_date=20230614T091012, end_date=20230614T091012
[2023-06-14T09:10:12.773+0000] {local_task_job.py:208} INFO - Task exited with return code 0
[2023-06-14T09:10:12.798+0000] {taskinstance.py:2578} INFO - 1 downstream tasks scheduled from follow-on schedule check
