[2023-06-13T14:32:27.323+0000] {taskinstance.py:1083} INFO - Dependencies all met for <TaskInstance: ETL_psql_redshift_dag.Transform_product_df manual__2023-06-13T14:32:24.400985+00:00 [queued]>
[2023-06-13T14:32:27.331+0000] {taskinstance.py:1083} INFO - Dependencies all met for <TaskInstance: ETL_psql_redshift_dag.Transform_product_df manual__2023-06-13T14:32:24.400985+00:00 [queued]>
[2023-06-13T14:32:27.332+0000] {taskinstance.py:1279} INFO - 
--------------------------------------------------------------------------------
[2023-06-13T14:32:27.335+0000] {taskinstance.py:1280} INFO - Starting attempt 1 of 3
[2023-06-13T14:32:27.336+0000] {taskinstance.py:1281} INFO - 
--------------------------------------------------------------------------------
[2023-06-13T14:32:27.349+0000] {taskinstance.py:1300} INFO - Executing <Task(PythonOperator): Transform_product_df> on 2023-06-13 14:32:24.400985+00:00
[2023-06-13T14:32:27.357+0000] {standard_task_runner.py:55} INFO - Started process 314 to run task
[2023-06-13T14:32:27.362+0000] {standard_task_runner.py:82} INFO - Running: ['***', 'tasks', 'run', 'ETL_psql_redshift_dag', 'Transform_product_df', 'manual__2023-06-13T14:32:24.400985+00:00', '--job-id', '8', '--raw', '--subdir', 'DAGS_FOLDER/dags_setup.py', '--cfg-path', '/tmp/tmpeva8o25c']
[2023-06-13T14:32:27.367+0000] {standard_task_runner.py:83} INFO - Job 8: Subtask Transform_product_df
[2023-06-13T14:32:27.501+0000] {task_command.py:388} INFO - Running <TaskInstance: ETL_psql_redshift_dag.Transform_product_df manual__2023-06-13T14:32:24.400985+00:00 [running]> on host dd24607af7ec
[2023-06-13T14:32:27.668+0000] {taskinstance.py:1509} INFO - Exporting the following env vars:
AIRFLOW_CTX_DAG_OWNER=vupham
AIRFLOW_CTX_DAG_ID=ETL_psql_redshift_dag
AIRFLOW_CTX_TASK_ID=Transform_product_df
AIRFLOW_CTX_EXECUTION_DATE=2023-06-13T14:32:24.400985+00:00
AIRFLOW_CTX_TRY_NUMBER=1
AIRFLOW_CTX_DAG_RUN_ID=manual__2023-06-13T14:32:24.400985+00:00
[2023-06-13T14:32:38.779+0000] {python.py:177} INFO - Done. Returned value was: None
[2023-06-13T14:32:38.789+0000] {taskinstance.py:1323} INFO - Marking task as SUCCESS. dag_id=ETL_psql_redshift_dag, task_id=Transform_product_df, execution_date=20230613T143224, start_date=20230613T143227, end_date=20230613T143238
[2023-06-13T14:32:38.835+0000] {local_task_job.py:208} INFO - Task exited with return code 0
[2023-06-13T14:32:38.856+0000] {taskinstance.py:2578} INFO - 0 downstream tasks scheduled from follow-on schedule check
