[2023-06-14T14:53:29.688+0000] {taskinstance.py:1083} INFO - Dependencies all met for <TaskInstance: ETL_psql_redshift_dag.Load_s3_redshift manual__2023-06-14T14:47:09.982216+00:00 [queued]>
[2023-06-14T14:53:29.694+0000] {taskinstance.py:1083} INFO - Dependencies all met for <TaskInstance: ETL_psql_redshift_dag.Load_s3_redshift manual__2023-06-14T14:47:09.982216+00:00 [queued]>
[2023-06-14T14:53:29.695+0000] {taskinstance.py:1279} INFO - 
--------------------------------------------------------------------------------
[2023-06-14T14:53:29.695+0000] {taskinstance.py:1280} INFO - Starting attempt 1 of 3
[2023-06-14T14:53:29.695+0000] {taskinstance.py:1281} INFO - 
--------------------------------------------------------------------------------
[2023-06-14T14:53:29.702+0000] {taskinstance.py:1300} INFO - Executing <Task(PythonOperator): Load_s3_redshift> on 2023-06-14 14:47:09.982216+00:00
[2023-06-14T14:53:29.708+0000] {standard_task_runner.py:55} INFO - Started process 2041 to run task
[2023-06-14T14:53:29.711+0000] {standard_task_runner.py:82} INFO - Running: ['***', 'tasks', 'run', 'ETL_psql_redshift_dag', 'Load_s3_redshift', 'manual__2023-06-14T14:47:09.982216+00:00', '--job-id', '43', '--raw', '--subdir', 'DAGS_FOLDER/dags_setup.py', '--cfg-path', '/tmp/tmprycju56n']
[2023-06-14T14:53:29.713+0000] {standard_task_runner.py:83} INFO - Job 43: Subtask Load_s3_redshift
[2023-06-14T14:53:29.766+0000] {task_command.py:388} INFO - Running <TaskInstance: ETL_psql_redshift_dag.Load_s3_redshift manual__2023-06-14T14:47:09.982216+00:00 [running]> on host 3d4df578486c
[2023-06-14T14:53:29.814+0000] {taskinstance.py:1509} INFO - Exporting the following env vars:
AIRFLOW_CTX_DAG_OWNER=vupham
AIRFLOW_CTX_DAG_ID=ETL_psql_redshift_dag
AIRFLOW_CTX_TASK_ID=Load_s3_redshift
AIRFLOW_CTX_EXECUTION_DATE=2023-06-14T14:47:09.982216+00:00
AIRFLOW_CTX_TRY_NUMBER=1
AIRFLOW_CTX_DAG_RUN_ID=manual__2023-06-14T14:47:09.982216+00:00
[2023-06-14T14:53:44.024+0000] {python.py:177} INFO - Done. Returned value was: None
[2023-06-14T14:53:44.073+0000] {taskinstance.py:1323} INFO - Marking task as SUCCESS. dag_id=ETL_psql_redshift_dag, task_id=Load_s3_redshift, execution_date=20230614T144709, start_date=20230614T145329, end_date=20230614T145344
[2023-06-14T14:53:44.138+0000] {local_task_job.py:208} INFO - Task exited with return code 0
[2023-06-14T14:53:44.155+0000] {taskinstance.py:2578} INFO - 0 downstream tasks scheduled from follow-on schedule check
