[2023-06-14T13:03:49.447+0000] {taskinstance.py:1083} INFO - Dependencies all met for <TaskInstance: ETL_psql_redshift_dag.Load_s3_redshift manual__2023-06-14T12:57:33.382865+00:00 [queued]>
[2023-06-14T13:03:49.453+0000] {taskinstance.py:1083} INFO - Dependencies all met for <TaskInstance: ETL_psql_redshift_dag.Load_s3_redshift manual__2023-06-14T12:57:33.382865+00:00 [queued]>
[2023-06-14T13:03:49.453+0000] {taskinstance.py:1279} INFO - 
--------------------------------------------------------------------------------
[2023-06-14T13:03:49.454+0000] {taskinstance.py:1280} INFO - Starting attempt 1 of 3
[2023-06-14T13:03:49.454+0000] {taskinstance.py:1281} INFO - 
--------------------------------------------------------------------------------
[2023-06-14T13:03:49.461+0000] {taskinstance.py:1300} INFO - Executing <Task(PythonOperator): Load_s3_redshift> on 2023-06-14 12:57:33.382865+00:00
[2023-06-14T13:03:49.466+0000] {standard_task_runner.py:55} INFO - Started process 732 to run task
[2023-06-14T13:03:49.470+0000] {standard_task_runner.py:82} INFO - Running: ['***', 'tasks', 'run', 'ETL_psql_redshift_dag', 'Load_s3_redshift', 'manual__2023-06-14T12:57:33.382865+00:00', '--job-id', '32', '--raw', '--subdir', 'DAGS_FOLDER/dags_setup.py', '--cfg-path', '/tmp/tmpkdbqe3ch']
[2023-06-14T13:03:49.472+0000] {standard_task_runner.py:83} INFO - Job 32: Subtask Load_s3_redshift
[2023-06-14T13:03:49.523+0000] {task_command.py:388} INFO - Running <TaskInstance: ETL_psql_redshift_dag.Load_s3_redshift manual__2023-06-14T12:57:33.382865+00:00 [running]> on host 3d4df578486c
[2023-06-14T13:03:49.568+0000] {taskinstance.py:1509} INFO - Exporting the following env vars:
AIRFLOW_CTX_DAG_OWNER=vupham
AIRFLOW_CTX_DAG_ID=ETL_psql_redshift_dag
AIRFLOW_CTX_TASK_ID=Load_s3_redshift
AIRFLOW_CTX_EXECUTION_DATE=2023-06-14T12:57:33.382865+00:00
AIRFLOW_CTX_TRY_NUMBER=1
AIRFLOW_CTX_DAG_RUN_ID=manual__2023-06-14T12:57:33.382865+00:00
[2023-06-14T13:04:03.373+0000] {python.py:177} INFO - Done. Returned value was: None
[2023-06-14T13:04:03.406+0000] {taskinstance.py:1323} INFO - Marking task as SUCCESS. dag_id=ETL_psql_redshift_dag, task_id=Load_s3_redshift, execution_date=20230614T125733, start_date=20230614T130349, end_date=20230614T130403
[2023-06-14T13:04:03.486+0000] {local_task_job.py:208} INFO - Task exited with return code 0
[2023-06-14T13:04:03.518+0000] {taskinstance.py:2578} INFO - 0 downstream tasks scheduled from follow-on schedule check
