[2023-06-14T12:39:57.068+0000] {taskinstance.py:1083} INFO - Dependencies all met for <TaskInstance: ETL_psql_redshift_dag.Transform_location_df manual__2023-06-14T12:39:30.349993+00:00 [queued]>
[2023-06-14T12:39:57.090+0000] {taskinstance.py:1083} INFO - Dependencies all met for <TaskInstance: ETL_psql_redshift_dag.Transform_location_df manual__2023-06-14T12:39:30.349993+00:00 [queued]>
[2023-06-14T12:39:57.091+0000] {taskinstance.py:1279} INFO - 
--------------------------------------------------------------------------------
[2023-06-14T12:39:57.092+0000] {taskinstance.py:1280} INFO - Starting attempt 1 of 3
[2023-06-14T12:39:57.092+0000] {taskinstance.py:1281} INFO - 
--------------------------------------------------------------------------------
[2023-06-14T12:39:57.112+0000] {taskinstance.py:1300} INFO - Executing <Task(PythonOperator): Transform_location_df> on 2023-06-14 12:39:30.349993+00:00
[2023-06-14T12:39:57.119+0000] {standard_task_runner.py:55} INFO - Started process 267 to run task
[2023-06-14T12:39:57.128+0000] {standard_task_runner.py:82} INFO - Running: ['***', 'tasks', 'run', 'ETL_psql_redshift_dag', 'Transform_location_df', 'manual__2023-06-14T12:39:30.349993+00:00', '--job-id', '5', '--raw', '--subdir', 'DAGS_FOLDER/dags_setup.py', '--cfg-path', '/tmp/tmp1b0dhuzi']
[2023-06-14T12:39:57.136+0000] {standard_task_runner.py:83} INFO - Job 5: Subtask Transform_location_df
[2023-06-14T12:39:57.349+0000] {task_command.py:388} INFO - Running <TaskInstance: ETL_psql_redshift_dag.Transform_location_df manual__2023-06-14T12:39:30.349993+00:00 [running]> on host 3d4df578486c
[2023-06-14T12:39:57.546+0000] {taskinstance.py:1509} INFO - Exporting the following env vars:
AIRFLOW_CTX_DAG_OWNER=vupham
AIRFLOW_CTX_DAG_ID=ETL_psql_redshift_dag
AIRFLOW_CTX_TASK_ID=Transform_location_df
AIRFLOW_CTX_EXECUTION_DATE=2023-06-14T12:39:30.349993+00:00
AIRFLOW_CTX_TRY_NUMBER=1
AIRFLOW_CTX_DAG_RUN_ID=manual__2023-06-14T12:39:30.349993+00:00
[2023-06-14T12:40:02.293+0000] {python.py:177} INFO - Done. Returned value was: None
[2023-06-14T12:40:02.307+0000] {taskinstance.py:1323} INFO - Marking task as SUCCESS. dag_id=ETL_psql_redshift_dag, task_id=Transform_location_df, execution_date=20230614T123930, start_date=20230614T123957, end_date=20230614T124002
[2023-06-14T12:40:02.402+0000] {local_task_job.py:208} INFO - Task exited with return code 0
[2023-06-14T12:40:02.447+0000] {taskinstance.py:2578} INFO - 0 downstream tasks scheduled from follow-on schedule check
