[2023-06-14T09:10:56.335+0000] {taskinstance.py:1083} INFO - Dependencies all met for <TaskInstance: ETL_psql_redshift_dag.Transform_customer_df scheduled__2023-06-13T00:00:00+00:00 [queued]>
[2023-06-14T09:10:56.372+0000] {taskinstance.py:1083} INFO - Dependencies all met for <TaskInstance: ETL_psql_redshift_dag.Transform_customer_df scheduled__2023-06-13T00:00:00+00:00 [queued]>
[2023-06-14T09:10:56.374+0000] {taskinstance.py:1279} INFO - 
--------------------------------------------------------------------------------
[2023-06-14T09:10:56.375+0000] {taskinstance.py:1280} INFO - Starting attempt 1 of 3
[2023-06-14T09:10:56.380+0000] {taskinstance.py:1281} INFO - 
--------------------------------------------------------------------------------
[2023-06-14T09:10:56.409+0000] {taskinstance.py:1300} INFO - Executing <Task(PythonOperator): Transform_customer_df> on 2023-06-13 00:00:00+00:00
[2023-06-14T09:10:56.428+0000] {standard_task_runner.py:55} INFO - Started process 312 to run task
[2023-06-14T09:10:56.448+0000] {standard_task_runner.py:82} INFO - Running: ['***', 'tasks', 'run', 'ETL_psql_redshift_dag', 'Transform_customer_df', 'scheduled__2023-06-13T00:00:00+00:00', '--job-id', '6', '--raw', '--subdir', 'DAGS_FOLDER/dags_setup.py', '--cfg-path', '/tmp/tmp4f7o5sn3']
[2023-06-14T09:10:56.471+0000] {standard_task_runner.py:83} INFO - Job 6: Subtask Transform_customer_df
[2023-06-14T09:10:56.680+0000] {task_command.py:388} INFO - Running <TaskInstance: ETL_psql_redshift_dag.Transform_customer_df scheduled__2023-06-13T00:00:00+00:00 [running]> on host f2da7a3b6ffa
[2023-06-14T09:10:56.904+0000] {taskinstance.py:1509} INFO - Exporting the following env vars:
AIRFLOW_CTX_DAG_OWNER=vupham
AIRFLOW_CTX_DAG_ID=ETL_psql_redshift_dag
AIRFLOW_CTX_TASK_ID=Transform_customer_df
AIRFLOW_CTX_EXECUTION_DATE=2023-06-13T00:00:00+00:00
AIRFLOW_CTX_TRY_NUMBER=1
AIRFLOW_CTX_DAG_RUN_ID=scheduled__2023-06-13T00:00:00+00:00
[2023-06-14T09:11:01.460+0000] {python.py:177} INFO - Done. Returned value was: None
[2023-06-14T09:11:02.080+0000] {taskinstance.py:1323} INFO - Marking task as SUCCESS. dag_id=ETL_psql_redshift_dag, task_id=Transform_customer_df, execution_date=20230613T000000, start_date=20230614T091056, end_date=20230614T091102
[2023-06-14T09:11:02.268+0000] {local_task_job.py:208} INFO - Task exited with return code 0
[2023-06-14T09:11:02.340+0000] {taskinstance.py:2578} INFO - 0 downstream tasks scheduled from follow-on schedule check
