[2023-06-14T09:28:48.544+0000] {taskinstance.py:1083} INFO - Dependencies all met for <TaskInstance: ETL_psql_redshift_dag.ETL_s3 manual__2023-06-14T09:23:18.124966+00:00 [queued]>
[2023-06-14T09:28:48.551+0000] {taskinstance.py:1083} INFO - Dependencies all met for <TaskInstance: ETL_psql_redshift_dag.ETL_s3 manual__2023-06-14T09:23:18.124966+00:00 [queued]>
[2023-06-14T09:28:48.551+0000] {taskinstance.py:1279} INFO - 
--------------------------------------------------------------------------------
[2023-06-14T09:28:48.552+0000] {taskinstance.py:1280} INFO - Starting attempt 1 of 3
[2023-06-14T09:28:48.552+0000] {taskinstance.py:1281} INFO - 
--------------------------------------------------------------------------------
[2023-06-14T09:28:48.559+0000] {taskinstance.py:1300} INFO - Executing <Task(PythonOperator): ETL_s3> on 2023-06-14 09:23:18.124966+00:00
[2023-06-14T09:28:48.565+0000] {standard_task_runner.py:55} INFO - Started process 673 to run task
[2023-06-14T09:28:48.568+0000] {standard_task_runner.py:82} INFO - Running: ['***', 'tasks', 'run', 'ETL_psql_redshift_dag', 'ETL_s3', 'manual__2023-06-14T09:23:18.124966+00:00', '--job-id', '34', '--raw', '--subdir', 'DAGS_FOLDER/dags_setup.py', '--cfg-path', '/tmp/tmpa94u24ui']
[2023-06-14T09:28:48.570+0000] {standard_task_runner.py:83} INFO - Job 34: Subtask ETL_s3
[2023-06-14T09:28:48.624+0000] {task_command.py:388} INFO - Running <TaskInstance: ETL_psql_redshift_dag.ETL_s3 manual__2023-06-14T09:23:18.124966+00:00 [running]> on host f2da7a3b6ffa
[2023-06-14T09:28:48.673+0000] {taskinstance.py:1509} INFO - Exporting the following env vars:
AIRFLOW_CTX_DAG_OWNER=vupham
AIRFLOW_CTX_DAG_ID=ETL_psql_redshift_dag
AIRFLOW_CTX_TASK_ID=ETL_s3
AIRFLOW_CTX_EXECUTION_DATE=2023-06-14T09:23:18.124966+00:00
AIRFLOW_CTX_TRY_NUMBER=1
AIRFLOW_CTX_DAG_RUN_ID=manual__2023-06-14T09:23:18.124966+00:00
[2023-06-14T09:28:54.647+0000] {logging_mixin.py:137} INFO - Loading products to s3
[2023-06-14T09:29:03.185+0000] {logging_mixin.py:137} INFO - Load successfully
[2023-06-14T09:29:03.188+0000] {logging_mixin.py:137} INFO - Loading sales to s3
[2023-06-14T09:29:08.574+0000] {logging_mixin.py:137} INFO - Load successfully
[2023-06-14T09:29:08.577+0000] {logging_mixin.py:137} INFO - Loading customers to s3
[2023-06-14T09:29:09.359+0000] {logging_mixin.py:137} INFO - Load successfully
[2023-06-14T09:29:09.363+0000] {logging_mixin.py:137} INFO - Loading shipments to s3
[2023-06-14T09:29:12.420+0000] {logging_mixin.py:137} INFO - Load successfully
[2023-06-14T09:29:12.421+0000] {logging_mixin.py:137} INFO - Loading locations to s3
[2023-06-14T09:29:14.907+0000] {logging_mixin.py:137} INFO - Load successfully
[2023-06-14T09:29:14.912+0000] {logging_mixin.py:137} INFO - Loading time to s3
[2023-06-14T09:29:15.031+0000] {logging_mixin.py:137} INFO - Load successfully
[2023-06-14T09:29:15.512+0000] {python.py:177} INFO - Done. Returned value was: None
[2023-06-14T09:29:15.556+0000] {taskinstance.py:1323} INFO - Marking task as SUCCESS. dag_id=ETL_psql_redshift_dag, task_id=ETL_s3, execution_date=20230614T092318, start_date=20230614T092848, end_date=20230614T092915
[2023-06-14T09:29:16.027+0000] {local_task_job.py:208} INFO - Task exited with return code 0
[2023-06-14T09:29:16.067+0000] {taskinstance.py:2578} INFO - 1 downstream tasks scheduled from follow-on schedule check
