[2023-06-13T14:55:58.897+0000] {taskinstance.py:1083} INFO - Dependencies all met for <TaskInstance: ETL_psql_redshift_dag.Transform_customer_df manual__2023-06-13T14:55:56.120360+00:00 [queued]>
[2023-06-13T14:55:58.907+0000] {taskinstance.py:1083} INFO - Dependencies all met for <TaskInstance: ETL_psql_redshift_dag.Transform_customer_df manual__2023-06-13T14:55:56.120360+00:00 [queued]>
[2023-06-13T14:55:58.908+0000] {taskinstance.py:1279} INFO - 
--------------------------------------------------------------------------------
[2023-06-13T14:55:58.909+0000] {taskinstance.py:1280} INFO - Starting attempt 1 of 3
[2023-06-13T14:55:58.910+0000] {taskinstance.py:1281} INFO - 
--------------------------------------------------------------------------------
[2023-06-13T14:55:58.928+0000] {taskinstance.py:1300} INFO - Executing <Task(PythonOperator): Transform_customer_df> on 2023-06-13 14:55:56.120360+00:00
[2023-06-13T14:55:58.940+0000] {standard_task_runner.py:55} INFO - Started process 475 to run task
[2023-06-13T14:55:58.944+0000] {standard_task_runner.py:82} INFO - Running: ['***', 'tasks', 'run', 'ETL_psql_redshift_dag', 'Transform_customer_df', 'manual__2023-06-13T14:55:56.120360+00:00', '--job-id', '21', '--raw', '--subdir', 'DAGS_FOLDER/dags_setup.py', '--cfg-path', '/tmp/tmpnwyskpm4']
[2023-06-13T14:55:58.947+0000] {standard_task_runner.py:83} INFO - Job 21: Subtask Transform_customer_df
[2023-06-13T14:55:59.081+0000] {task_command.py:388} INFO - Running <TaskInstance: ETL_psql_redshift_dag.Transform_customer_df manual__2023-06-13T14:55:56.120360+00:00 [running]> on host 63f0fed3274d
[2023-06-13T14:55:59.176+0000] {taskinstance.py:1509} INFO - Exporting the following env vars:
AIRFLOW_CTX_DAG_OWNER=vupham
AIRFLOW_CTX_DAG_ID=ETL_psql_redshift_dag
AIRFLOW_CTX_TASK_ID=Transform_customer_df
AIRFLOW_CTX_EXECUTION_DATE=2023-06-13T14:55:56.120360+00:00
AIRFLOW_CTX_TRY_NUMBER=1
AIRFLOW_CTX_DAG_RUN_ID=manual__2023-06-13T14:55:56.120360+00:00
[2023-06-13T14:56:00.860+0000] {python.py:177} INFO - Done. Returned value was: None
[2023-06-13T14:56:00.889+0000] {taskinstance.py:1323} INFO - Marking task as SUCCESS. dag_id=ETL_psql_redshift_dag, task_id=Transform_customer_df, execution_date=20230613T145556, start_date=20230613T145558, end_date=20230613T145600
[2023-06-13T14:56:01.014+0000] {local_task_job.py:208} INFO - Task exited with return code 0
[2023-06-13T14:56:01.073+0000] {taskinstance.py:2578} INFO - 0 downstream tasks scheduled from follow-on schedule check
