[2023-06-13T14:40:11.971+0000] {taskinstance.py:1083} INFO - Dependencies all met for <TaskInstance: ETL_psql_redshift_dag.Transform_customer_df manual__2023-06-13T14:40:09.208875+00:00 [queued]>
[2023-06-13T14:40:11.984+0000] {taskinstance.py:1083} INFO - Dependencies all met for <TaskInstance: ETL_psql_redshift_dag.Transform_customer_df manual__2023-06-13T14:40:09.208875+00:00 [queued]>
[2023-06-13T14:40:11.989+0000] {taskinstance.py:1279} INFO - 
--------------------------------------------------------------------------------
[2023-06-13T14:40:11.990+0000] {taskinstance.py:1280} INFO - Starting attempt 1 of 3
[2023-06-13T14:40:11.991+0000] {taskinstance.py:1281} INFO - 
--------------------------------------------------------------------------------
[2023-06-13T14:40:12.006+0000] {taskinstance.py:1300} INFO - Executing <Task(PythonOperator): Transform_customer_df> on 2023-06-13 14:40:09.208875+00:00
[2023-06-13T14:40:12.013+0000] {standard_task_runner.py:55} INFO - Started process 227 to run task
[2023-06-13T14:40:12.022+0000] {standard_task_runner.py:82} INFO - Running: ['***', 'tasks', 'run', 'ETL_psql_redshift_dag', 'Transform_customer_df', 'manual__2023-06-13T14:40:09.208875+00:00', '--job-id', '6', '--raw', '--subdir', 'DAGS_FOLDER/dags_setup.py', '--cfg-path', '/tmp/tmp1l5z7gyr']
[2023-06-13T14:40:12.026+0000] {standard_task_runner.py:83} INFO - Job 6: Subtask Transform_customer_df
[2023-06-13T14:40:12.159+0000] {task_command.py:388} INFO - Running <TaskInstance: ETL_psql_redshift_dag.Transform_customer_df manual__2023-06-13T14:40:09.208875+00:00 [running]> on host 63f0fed3274d
[2023-06-13T14:40:12.289+0000] {taskinstance.py:1509} INFO - Exporting the following env vars:
AIRFLOW_CTX_DAG_OWNER=vupham
AIRFLOW_CTX_DAG_ID=ETL_psql_redshift_dag
AIRFLOW_CTX_TASK_ID=Transform_customer_df
AIRFLOW_CTX_EXECUTION_DATE=2023-06-13T14:40:09.208875+00:00
AIRFLOW_CTX_TRY_NUMBER=1
AIRFLOW_CTX_DAG_RUN_ID=manual__2023-06-13T14:40:09.208875+00:00
[2023-06-13T14:40:14.877+0000] {python.py:177} INFO - Done. Returned value was: None
[2023-06-13T14:40:14.895+0000] {taskinstance.py:1323} INFO - Marking task as SUCCESS. dag_id=ETL_psql_redshift_dag, task_id=Transform_customer_df, execution_date=20230613T144009, start_date=20230613T144011, end_date=20230613T144014
[2023-06-13T14:40:14.980+0000] {local_task_job.py:208} INFO - Task exited with return code 0
[2023-06-13T14:40:15.036+0000] {taskinstance.py:2578} INFO - 0 downstream tasks scheduled from follow-on schedule check
