[2023-06-12T18:02:34.540+0700] {taskinstance.py:1083} INFO - Dependencies all met for <TaskInstance: ETL_psql_redshift_dag.Transform_sale_df scheduled__2023-06-11T00:00:00+00:00 [queued]>
[2023-06-12T18:02:34.546+0700] {taskinstance.py:1083} INFO - Dependencies all met for <TaskInstance: ETL_psql_redshift_dag.Transform_sale_df scheduled__2023-06-11T00:00:00+00:00 [queued]>
[2023-06-12T18:02:34.546+0700] {taskinstance.py:1279} INFO - 
--------------------------------------------------------------------------------
[2023-06-12T18:02:34.546+0700] {taskinstance.py:1280} INFO - Starting attempt 1 of 3
[2023-06-12T18:02:34.546+0700] {taskinstance.py:1281} INFO - 
--------------------------------------------------------------------------------
[2023-06-12T18:02:34.552+0700] {taskinstance.py:1300} INFO - Executing <Task(PythonOperator): Transform_sale_df> on 2023-06-11 00:00:00+00:00
[2023-06-12T18:02:34.554+0700] {standard_task_runner.py:55} INFO - Started process 13147 to run task
[2023-06-12T18:02:34.556+0700] {standard_task_runner.py:82} INFO - Running: ['airflow', 'tasks', 'run', 'ETL_psql_redshift_dag', 'Transform_sale_df', 'scheduled__2023-06-11T00:00:00+00:00', '--job-id', '31', '--raw', '--subdir', 'DAGS_FOLDER/dags_setup.py', '--cfg-path', '/var/folders/13/nw165ws91y30x7r8_6b34m_m0000gn/T/tmpn7x6myv7']
[2023-06-12T18:02:34.558+0700] {standard_task_runner.py:83} INFO - Job 31: Subtask Transform_sale_df
[2023-06-12T18:02:34.627+0700] {task_command.py:388} INFO - Running <TaskInstance: ETL_psql_redshift_dag.Transform_sale_df scheduled__2023-06-11T00:00:00+00:00 [running]> on host vus-macbook-pro.local
[2023-06-12T18:02:34.680+0700] {taskinstance.py:1507} INFO - Exporting the following env vars:
AIRFLOW_CTX_DAG_OWNER=vupham
AIRFLOW_CTX_DAG_ID=ETL_psql_redshift_dag
AIRFLOW_CTX_TASK_ID=Transform_sale_df
AIRFLOW_CTX_EXECUTION_DATE=2023-06-11T00:00:00+00:00
AIRFLOW_CTX_TRY_NUMBER=1
AIRFLOW_CTX_DAG_RUN_ID=scheduled__2023-06-11T00:00:00+00:00
[2023-06-12T18:02:43.302+0700] {python.py:177} INFO - Done. Returned value was: None
[2023-06-12T18:02:43.312+0700] {taskinstance.py:1318} INFO - Marking task as SUCCESS. dag_id=ETL_psql_redshift_dag, task_id=Transform_sale_df, execution_date=20230611T000000, start_date=20230612T110234, end_date=20230612T110243
[2023-06-12T18:02:43.369+0700] {local_task_job.py:208} INFO - Task exited with return code 0
[2023-06-12T18:02:43.433+0700] {taskinstance.py:2578} INFO - 0 downstream tasks scheduled from follow-on schedule check
[2023-06-12T18:15:49.337+0700] {taskinstance.py:1083} INFO - Dependencies all met for <TaskInstance: ETL_psql_redshift_dag.Transform_sale_df scheduled__2023-06-11T00:00:00+00:00 [queued]>
[2023-06-12T18:15:49.343+0700] {taskinstance.py:1083} INFO - Dependencies all met for <TaskInstance: ETL_psql_redshift_dag.Transform_sale_df scheduled__2023-06-11T00:00:00+00:00 [queued]>
[2023-06-12T18:15:49.343+0700] {taskinstance.py:1279} INFO - 
--------------------------------------------------------------------------------
[2023-06-12T18:15:49.343+0700] {taskinstance.py:1280} INFO - Starting attempt 1 of 3
[2023-06-12T18:15:49.343+0700] {taskinstance.py:1281} INFO - 
--------------------------------------------------------------------------------
[2023-06-12T18:15:49.350+0700] {taskinstance.py:1300} INFO - Executing <Task(PythonOperator): Transform_sale_df> on 2023-06-11 00:00:00+00:00
[2023-06-12T18:15:49.352+0700] {standard_task_runner.py:55} INFO - Started process 15493 to run task
[2023-06-12T18:15:49.354+0700] {standard_task_runner.py:82} INFO - Running: ['airflow', 'tasks', 'run', 'ETL_psql_redshift_dag', 'Transform_sale_df', 'scheduled__2023-06-11T00:00:00+00:00', '--job-id', '51', '--raw', '--subdir', 'DAGS_FOLDER/dags_setup.py', '--cfg-path', '/var/folders/13/nw165ws91y30x7r8_6b34m_m0000gn/T/tmpwdkaac5u']
[2023-06-12T18:15:49.355+0700] {standard_task_runner.py:83} INFO - Job 51: Subtask Transform_sale_df
[2023-06-12T18:15:49.400+0700] {task_command.py:388} INFO - Running <TaskInstance: ETL_psql_redshift_dag.Transform_sale_df scheduled__2023-06-11T00:00:00+00:00 [running]> on host vus-macbook-pro.local
[2023-06-12T18:15:49.446+0700] {taskinstance.py:1507} INFO - Exporting the following env vars:
AIRFLOW_CTX_DAG_OWNER=vupham
AIRFLOW_CTX_DAG_ID=ETL_psql_redshift_dag
AIRFLOW_CTX_TASK_ID=Transform_sale_df
AIRFLOW_CTX_EXECUTION_DATE=2023-06-11T00:00:00+00:00
AIRFLOW_CTX_TRY_NUMBER=1
AIRFLOW_CTX_DAG_RUN_ID=scheduled__2023-06-11T00:00:00+00:00
[2023-06-12T18:15:58.119+0700] {python.py:177} INFO - Done. Returned value was: None
[2023-06-12T18:15:58.128+0700] {taskinstance.py:1318} INFO - Marking task as SUCCESS. dag_id=ETL_psql_redshift_dag, task_id=Transform_sale_df, execution_date=20230611T000000, start_date=20230612T111549, end_date=20230612T111558
[2023-06-12T18:15:58.147+0700] {local_task_job.py:208} INFO - Task exited with return code 0
[2023-06-12T18:15:58.166+0700] {taskinstance.py:2578} INFO - 0 downstream tasks scheduled from follow-on schedule check
[2023-06-12T18:20:14.804+0700] {taskinstance.py:1083} INFO - Dependencies all met for <TaskInstance: ETL_psql_redshift_dag.Transform_sale_df scheduled__2023-06-11T00:00:00+00:00 [queued]>
[2023-06-12T18:20:14.810+0700] {taskinstance.py:1083} INFO - Dependencies all met for <TaskInstance: ETL_psql_redshift_dag.Transform_sale_df scheduled__2023-06-11T00:00:00+00:00 [queued]>
[2023-06-12T18:20:14.810+0700] {taskinstance.py:1279} INFO - 
--------------------------------------------------------------------------------
[2023-06-12T18:20:14.810+0700] {taskinstance.py:1280} INFO - Starting attempt 1 of 3
[2023-06-12T18:20:14.810+0700] {taskinstance.py:1281} INFO - 
--------------------------------------------------------------------------------
[2023-06-12T18:20:14.816+0700] {taskinstance.py:1300} INFO - Executing <Task(PythonOperator): Transform_sale_df> on 2023-06-11 00:00:00+00:00
[2023-06-12T18:20:14.819+0700] {standard_task_runner.py:55} INFO - Started process 16372 to run task
[2023-06-12T18:20:14.822+0700] {standard_task_runner.py:82} INFO - Running: ['airflow', 'tasks', 'run', 'ETL_psql_redshift_dag', 'Transform_sale_df', 'scheduled__2023-06-11T00:00:00+00:00', '--job-id', '59', '--raw', '--subdir', 'DAGS_FOLDER/dags_setup.py', '--cfg-path', '/var/folders/13/nw165ws91y30x7r8_6b34m_m0000gn/T/tmpzr_gtv0x']
[2023-06-12T18:20:14.824+0700] {standard_task_runner.py:83} INFO - Job 59: Subtask Transform_sale_df
[2023-06-12T18:20:14.872+0700] {task_command.py:388} INFO - Running <TaskInstance: ETL_psql_redshift_dag.Transform_sale_df scheduled__2023-06-11T00:00:00+00:00 [running]> on host vus-macbook-pro.local
[2023-06-12T18:20:14.924+0700] {taskinstance.py:1507} INFO - Exporting the following env vars:
AIRFLOW_CTX_DAG_OWNER=vupham
AIRFLOW_CTX_DAG_ID=ETL_psql_redshift_dag
AIRFLOW_CTX_TASK_ID=Transform_sale_df
AIRFLOW_CTX_EXECUTION_DATE=2023-06-11T00:00:00+00:00
AIRFLOW_CTX_TRY_NUMBER=1
AIRFLOW_CTX_DAG_RUN_ID=scheduled__2023-06-11T00:00:00+00:00
[2023-06-12T18:20:23.827+0700] {python.py:177} INFO - Done. Returned value was: None
[2023-06-12T18:20:23.837+0700] {taskinstance.py:1318} INFO - Marking task as SUCCESS. dag_id=ETL_psql_redshift_dag, task_id=Transform_sale_df, execution_date=20230611T000000, start_date=20230612T112014, end_date=20230612T112023
[2023-06-12T18:20:23.867+0700] {local_task_job.py:208} INFO - Task exited with return code 0
[2023-06-12T18:20:23.888+0700] {taskinstance.py:2578} INFO - 0 downstream tasks scheduled from follow-on schedule check
