[2023-06-14T14:47:37.532+0000] {taskinstance.py:1083} INFO - Dependencies all met for <TaskInstance: ETL_psql_redshift_dag.Transform_location_df manual__2023-06-14T14:47:09.982216+00:00 [queued]>
[2023-06-14T14:47:37.547+0000] {taskinstance.py:1083} INFO - Dependencies all met for <TaskInstance: ETL_psql_redshift_dag.Transform_location_df manual__2023-06-14T14:47:09.982216+00:00 [queued]>
[2023-06-14T14:47:37.548+0000] {taskinstance.py:1279} INFO - 
--------------------------------------------------------------------------------
[2023-06-14T14:47:37.550+0000] {taskinstance.py:1280} INFO - Starting attempt 1 of 3
[2023-06-14T14:47:37.550+0000] {taskinstance.py:1281} INFO - 
--------------------------------------------------------------------------------
[2023-06-14T14:47:37.569+0000] {taskinstance.py:1300} INFO - Executing <Task(PythonOperator): Transform_location_df> on 2023-06-14 14:47:09.982216+00:00
[2023-06-14T14:47:37.576+0000] {standard_task_runner.py:55} INFO - Started process 1927 to run task
[2023-06-14T14:47:37.585+0000] {standard_task_runner.py:82} INFO - Running: ['***', 'tasks', 'run', 'ETL_psql_redshift_dag', 'Transform_location_df', 'manual__2023-06-14T14:47:09.982216+00:00', '--job-id', '39', '--raw', '--subdir', 'DAGS_FOLDER/dags_setup.py', '--cfg-path', '/tmp/tmpsy3j7_q4']
[2023-06-14T14:47:37.589+0000] {standard_task_runner.py:83} INFO - Job 39: Subtask Transform_location_df
[2023-06-14T14:47:37.742+0000] {task_command.py:388} INFO - Running <TaskInstance: ETL_psql_redshift_dag.Transform_location_df manual__2023-06-14T14:47:09.982216+00:00 [running]> on host 3d4df578486c
[2023-06-14T14:47:37.908+0000] {taskinstance.py:1509} INFO - Exporting the following env vars:
AIRFLOW_CTX_DAG_OWNER=vupham
AIRFLOW_CTX_DAG_ID=ETL_psql_redshift_dag
AIRFLOW_CTX_TASK_ID=Transform_location_df
AIRFLOW_CTX_EXECUTION_DATE=2023-06-14T14:47:09.982216+00:00
AIRFLOW_CTX_TRY_NUMBER=1
AIRFLOW_CTX_DAG_RUN_ID=manual__2023-06-14T14:47:09.982216+00:00
[2023-06-14T14:47:42.439+0000] {python.py:177} INFO - Done. Returned value was: None
[2023-06-14T14:47:42.452+0000] {taskinstance.py:1323} INFO - Marking task as SUCCESS. dag_id=ETL_psql_redshift_dag, task_id=Transform_location_df, execution_date=20230614T144709, start_date=20230614T144737, end_date=20230614T144742
[2023-06-14T14:47:42.545+0000] {local_task_job.py:208} INFO - Task exited with return code 0
[2023-06-14T14:47:42.573+0000] {taskinstance.py:2578} INFO - 0 downstream tasks scheduled from follow-on schedule check
