[2023-06-13T14:17:34.407+0000] {taskinstance.py:1083} INFO - Dependencies all met for <TaskInstance: ETL_psql_redshift_dag.Transform_location_df manual__2023-06-13T14:17:31.667855+00:00 [queued]>
[2023-06-13T14:17:34.417+0000] {taskinstance.py:1083} INFO - Dependencies all met for <TaskInstance: ETL_psql_redshift_dag.Transform_location_df manual__2023-06-13T14:17:31.667855+00:00 [queued]>
[2023-06-13T14:17:34.418+0000] {taskinstance.py:1279} INFO - 
--------------------------------------------------------------------------------
[2023-06-13T14:17:34.419+0000] {taskinstance.py:1280} INFO - Starting attempt 1 of 3
[2023-06-13T14:17:34.419+0000] {taskinstance.py:1281} INFO - 
--------------------------------------------------------------------------------
[2023-06-13T14:17:34.437+0000] {taskinstance.py:1300} INFO - Executing <Task(PythonOperator): Transform_location_df> on 2023-06-13 14:17:31.667855+00:00
[2023-06-13T14:17:34.449+0000] {standard_task_runner.py:55} INFO - Started process 200 to run task
[2023-06-13T14:17:34.454+0000] {standard_task_runner.py:82} INFO - Running: ['***', 'tasks', 'run', 'ETL_psql_redshift_dag', 'Transform_location_df', 'manual__2023-06-13T14:17:31.667855+00:00', '--job-id', '11', '--raw', '--subdir', 'DAGS_FOLDER/dags_setup.py', '--cfg-path', '/tmp/tmpxi220apu']
[2023-06-13T14:17:34.460+0000] {standard_task_runner.py:83} INFO - Job 11: Subtask Transform_location_df
[2023-06-13T14:17:34.606+0000] {task_command.py:388} INFO - Running <TaskInstance: ETL_psql_redshift_dag.Transform_location_df manual__2023-06-13T14:17:31.667855+00:00 [running]> on host c7449f73a927
[2023-06-13T14:17:34.725+0000] {taskinstance.py:1509} INFO - Exporting the following env vars:
AIRFLOW_CTX_DAG_OWNER=vupham
AIRFLOW_CTX_DAG_ID=ETL_psql_redshift_dag
AIRFLOW_CTX_TASK_ID=Transform_location_df
AIRFLOW_CTX_EXECUTION_DATE=2023-06-13T14:17:31.667855+00:00
AIRFLOW_CTX_TRY_NUMBER=1
AIRFLOW_CTX_DAG_RUN_ID=manual__2023-06-13T14:17:31.667855+00:00
[2023-06-13T14:17:39.203+0000] {python.py:177} INFO - Done. Returned value was: None
[2023-06-13T14:17:39.213+0000] {taskinstance.py:1323} INFO - Marking task as SUCCESS. dag_id=ETL_psql_redshift_dag, task_id=Transform_location_df, execution_date=20230613T141731, start_date=20230613T141734, end_date=20230613T141739
[2023-06-13T14:17:39.293+0000] {local_task_job.py:208} INFO - Task exited with return code 0
[2023-06-13T14:17:39.324+0000] {taskinstance.py:2578} INFO - 0 downstream tasks scheduled from follow-on schedule check
