[2023-06-14T12:48:31.374+0000] {taskinstance.py:1083} INFO - Dependencies all met for <TaskInstance: ETL_psql_redshift_dag.Transform_location_df manual__2023-06-14T12:48:00.304587+00:00 [queued]>
[2023-06-14T12:48:31.385+0000] {taskinstance.py:1083} INFO - Dependencies all met for <TaskInstance: ETL_psql_redshift_dag.Transform_location_df manual__2023-06-14T12:48:00.304587+00:00 [queued]>
[2023-06-14T12:48:31.385+0000] {taskinstance.py:1279} INFO - 
--------------------------------------------------------------------------------
[2023-06-14T12:48:31.386+0000] {taskinstance.py:1280} INFO - Starting attempt 1 of 3
[2023-06-14T12:48:31.387+0000] {taskinstance.py:1281} INFO - 
--------------------------------------------------------------------------------
[2023-06-14T12:48:31.422+0000] {taskinstance.py:1300} INFO - Executing <Task(PythonOperator): Transform_location_df> on 2023-06-14 12:48:00.304587+00:00
[2023-06-14T12:48:31.429+0000] {standard_task_runner.py:55} INFO - Started process 441 to run task
[2023-06-14T12:48:31.449+0000] {standard_task_runner.py:82} INFO - Running: ['***', 'tasks', 'run', 'ETL_psql_redshift_dag', 'Transform_location_df', 'manual__2023-06-14T12:48:00.304587+00:00', '--job-id', '18', '--raw', '--subdir', 'DAGS_FOLDER/dags_setup.py', '--cfg-path', '/tmp/tmpy4rwhah3']
[2023-06-14T12:48:31.454+0000] {standard_task_runner.py:83} INFO - Job 18: Subtask Transform_location_df
[2023-06-14T12:48:31.619+0000] {task_command.py:388} INFO - Running <TaskInstance: ETL_psql_redshift_dag.Transform_location_df manual__2023-06-14T12:48:00.304587+00:00 [running]> on host 3d4df578486c
[2023-06-14T12:48:31.756+0000] {taskinstance.py:1509} INFO - Exporting the following env vars:
AIRFLOW_CTX_DAG_OWNER=vupham
AIRFLOW_CTX_DAG_ID=ETL_psql_redshift_dag
AIRFLOW_CTX_TASK_ID=Transform_location_df
AIRFLOW_CTX_EXECUTION_DATE=2023-06-14T12:48:00.304587+00:00
AIRFLOW_CTX_TRY_NUMBER=1
AIRFLOW_CTX_DAG_RUN_ID=manual__2023-06-14T12:48:00.304587+00:00
[2023-06-14T12:48:36.975+0000] {python.py:177} INFO - Done. Returned value was: None
[2023-06-14T12:48:36.991+0000] {taskinstance.py:1323} INFO - Marking task as SUCCESS. dag_id=ETL_psql_redshift_dag, task_id=Transform_location_df, execution_date=20230614T124800, start_date=20230614T124831, end_date=20230614T124836
[2023-06-14T12:48:37.083+0000] {local_task_job.py:208} INFO - Task exited with return code 0
[2023-06-14T12:48:37.111+0000] {taskinstance.py:2578} INFO - 0 downstream tasks scheduled from follow-on schedule check
