[2023-06-12T18:24:26.345+0700] {taskinstance.py:1083} INFO - Dependencies all met for <TaskInstance: ETL_psql_redshift_dag.ETL_s3 scheduled__2023-06-11T00:00:00+00:00 [queued]>
[2023-06-12T18:24:26.350+0700] {taskinstance.py:1083} INFO - Dependencies all met for <TaskInstance: ETL_psql_redshift_dag.ETL_s3 scheduled__2023-06-11T00:00:00+00:00 [queued]>
[2023-06-12T18:24:26.350+0700] {taskinstance.py:1279} INFO - 
--------------------------------------------------------------------------------
[2023-06-12T18:24:26.351+0700] {taskinstance.py:1280} INFO - Starting attempt 1 of 3
[2023-06-12T18:24:26.351+0700] {taskinstance.py:1281} INFO - 
--------------------------------------------------------------------------------
[2023-06-12T18:24:26.357+0700] {taskinstance.py:1300} INFO - Executing <Task(PythonOperator): ETL_s3> on 2023-06-11 00:00:00+00:00
[2023-06-12T18:24:26.359+0700] {standard_task_runner.py:55} INFO - Started process 17144 to run task
[2023-06-12T18:24:26.362+0700] {standard_task_runner.py:82} INFO - Running: ['airflow', 'tasks', 'run', 'ETL_psql_redshift_dag', 'ETL_s3', 'scheduled__2023-06-11T00:00:00+00:00', '--job-id', '64', '--raw', '--subdir', 'DAGS_FOLDER/dags_setup.py', '--cfg-path', '/var/folders/13/nw165ws91y30x7r8_6b34m_m0000gn/T/tmp0t4m693d']
[2023-06-12T18:24:26.363+0700] {standard_task_runner.py:83} INFO - Job 64: Subtask ETL_s3
[2023-06-12T18:24:26.424+0700] {task_command.py:388} INFO - Running <TaskInstance: ETL_psql_redshift_dag.ETL_s3 scheduled__2023-06-11T00:00:00+00:00 [running]> on host vus-macbook-pro.local
[2023-06-12T18:24:26.472+0700] {taskinstance.py:1507} INFO - Exporting the following env vars:
AIRFLOW_CTX_DAG_OWNER=vupham
AIRFLOW_CTX_DAG_ID=ETL_psql_redshift_dag
AIRFLOW_CTX_TASK_ID=ETL_s3
AIRFLOW_CTX_EXECUTION_DATE=2023-06-11T00:00:00+00:00
AIRFLOW_CTX_TRY_NUMBER=1
AIRFLOW_CTX_DAG_RUN_ID=scheduled__2023-06-11T00:00:00+00:00
[2023-06-12T18:24:31.191+0700] {logging_mixin.py:137} INFO - Loading products to s3
[2023-06-12T18:24:41.209+0700] {logging_mixin.py:137} INFO - Load successfully
[2023-06-12T18:24:41.211+0700] {logging_mixin.py:137} INFO - Loading sales to s3
[2023-06-12T18:24:48.175+0700] {logging_mixin.py:137} INFO - Load successfully
[2023-06-12T18:24:48.176+0700] {logging_mixin.py:137} INFO - Loading customers to s3
[2023-06-12T18:24:49.033+0700] {logging_mixin.py:137} INFO - Load successfully
[2023-06-12T18:24:49.034+0700] {logging_mixin.py:137} INFO - Loading shipments to s3
[2023-06-12T18:24:53.245+0700] {logging_mixin.py:137} INFO - Load successfully
[2023-06-12T18:24:53.245+0700] {logging_mixin.py:137} INFO - Loading locations to s3
[2023-06-12T18:24:56.172+0700] {logging_mixin.py:137} INFO - Load successfully
[2023-06-12T18:24:56.173+0700] {logging_mixin.py:137} INFO - Loading time to s3
[2023-06-12T18:24:56.290+0700] {logging_mixin.py:137} INFO - Load successfully
[2023-06-12T18:24:56.409+0700] {python.py:177} INFO - Done. Returned value was: None
[2023-06-12T18:24:56.420+0700] {taskinstance.py:1318} INFO - Marking task as SUCCESS. dag_id=ETL_psql_redshift_dag, task_id=ETL_s3, execution_date=20230611T000000, start_date=20230612T112426, end_date=20230612T112456
[2023-06-12T18:24:56.480+0700] {local_task_job.py:208} INFO - Task exited with return code 0
[2023-06-12T18:24:56.503+0700] {taskinstance.py:2578} INFO - 1 downstream tasks scheduled from follow-on schedule check
