[2023-06-14T14:53:17.848+0000] {taskinstance.py:1083} INFO - Dependencies all met for <TaskInstance: ETL_psql_redshift_dag.Create_redshift_schema manual__2023-06-14T14:47:09.982216+00:00 [queued]>
[2023-06-14T14:53:17.855+0000] {taskinstance.py:1083} INFO - Dependencies all met for <TaskInstance: ETL_psql_redshift_dag.Create_redshift_schema manual__2023-06-14T14:47:09.982216+00:00 [queued]>
[2023-06-14T14:53:17.855+0000] {taskinstance.py:1279} INFO - 
--------------------------------------------------------------------------------
[2023-06-14T14:53:17.856+0000] {taskinstance.py:1280} INFO - Starting attempt 1 of 3
[2023-06-14T14:53:17.856+0000] {taskinstance.py:1281} INFO - 
--------------------------------------------------------------------------------
[2023-06-14T14:53:17.863+0000] {taskinstance.py:1300} INFO - Executing <Task(PythonOperator): Create_redshift_schema> on 2023-06-14 14:47:09.982216+00:00
[2023-06-14T14:53:17.869+0000] {standard_task_runner.py:55} INFO - Started process 2038 to run task
[2023-06-14T14:53:17.873+0000] {standard_task_runner.py:82} INFO - Running: ['***', 'tasks', 'run', 'ETL_psql_redshift_dag', 'Create_redshift_schema', 'manual__2023-06-14T14:47:09.982216+00:00', '--job-id', '42', '--raw', '--subdir', 'DAGS_FOLDER/dags_setup.py', '--cfg-path', '/tmp/tmpaabycb6b']
[2023-06-14T14:53:17.875+0000] {standard_task_runner.py:83} INFO - Job 42: Subtask Create_redshift_schema
[2023-06-14T14:53:17.928+0000] {task_command.py:388} INFO - Running <TaskInstance: ETL_psql_redshift_dag.Create_redshift_schema manual__2023-06-14T14:47:09.982216+00:00 [running]> on host 3d4df578486c
[2023-06-14T14:53:17.982+0000] {taskinstance.py:1509} INFO - Exporting the following env vars:
AIRFLOW_CTX_DAG_OWNER=vupham
AIRFLOW_CTX_DAG_ID=ETL_psql_redshift_dag
AIRFLOW_CTX_TASK_ID=Create_redshift_schema
AIRFLOW_CTX_EXECUTION_DATE=2023-06-14T14:47:09.982216+00:00
AIRFLOW_CTX_TRY_NUMBER=1
AIRFLOW_CTX_DAG_RUN_ID=manual__2023-06-14T14:47:09.982216+00:00
[2023-06-14T14:53:28.478+0000] {logging_mixin.py:137} INFO - Create redshift schema successfully
[2023-06-14T14:53:28.480+0000] {python.py:177} INFO - Done. Returned value was: None
[2023-06-14T14:53:28.506+0000] {taskinstance.py:1323} INFO - Marking task as SUCCESS. dag_id=ETL_psql_redshift_dag, task_id=Create_redshift_schema, execution_date=20230614T144709, start_date=20230614T145317, end_date=20230614T145328
[2023-06-14T14:53:28.567+0000] {local_task_job.py:208} INFO - Task exited with return code 0
[2023-06-14T14:53:28.587+0000] {taskinstance.py:2578} INFO - 1 downstream tasks scheduled from follow-on schedule check
