[2023-06-13T11:39:07.938+0700] {taskinstance.py:1083} INFO - Dependencies all met for <TaskInstance: ETL_psql_redshift_dag.ETL_s3 scheduled__2023-06-12T00:00:00+00:00 [queued]>
[2023-06-13T11:39:07.945+0700] {taskinstance.py:1083} INFO - Dependencies all met for <TaskInstance: ETL_psql_redshift_dag.ETL_s3 scheduled__2023-06-12T00:00:00+00:00 [queued]>
[2023-06-13T11:39:07.945+0700] {taskinstance.py:1279} INFO - 
--------------------------------------------------------------------------------
[2023-06-13T11:39:07.945+0700] {taskinstance.py:1280} INFO - Starting attempt 1 of 3
[2023-06-13T11:39:07.945+0700] {taskinstance.py:1281} INFO - 
--------------------------------------------------------------------------------
[2023-06-13T11:39:07.952+0700] {taskinstance.py:1300} INFO - Executing <Task(PythonOperator): ETL_s3> on 2023-06-12 00:00:00+00:00
[2023-06-13T11:39:07.954+0700] {standard_task_runner.py:55} INFO - Started process 22117 to run task
[2023-06-13T11:39:07.956+0700] {standard_task_runner.py:82} INFO - Running: ['airflow', 'tasks', 'run', 'ETL_psql_redshift_dag', 'ETL_s3', 'scheduled__2023-06-12T00:00:00+00:00', '--job-id', '75', '--raw', '--subdir', 'DAGS_FOLDER/dags_setup.py', '--cfg-path', '/var/folders/13/nw165ws91y30x7r8_6b34m_m0000gn/T/tmpf704_pr4']
[2023-06-13T11:39:07.957+0700] {standard_task_runner.py:83} INFO - Job 75: Subtask ETL_s3
[2023-06-13T11:39:08.013+0700] {task_command.py:388} INFO - Running <TaskInstance: ETL_psql_redshift_dag.ETL_s3 scheduled__2023-06-12T00:00:00+00:00 [running]> on host vus-macbook-pro.local
[2023-06-13T11:39:08.063+0700] {taskinstance.py:1507} INFO - Exporting the following env vars:
AIRFLOW_CTX_DAG_OWNER=vupham
AIRFLOW_CTX_DAG_ID=ETL_psql_redshift_dag
AIRFLOW_CTX_TASK_ID=ETL_s3
AIRFLOW_CTX_EXECUTION_DATE=2023-06-12T00:00:00+00:00
AIRFLOW_CTX_TRY_NUMBER=1
AIRFLOW_CTX_DAG_RUN_ID=scheduled__2023-06-12T00:00:00+00:00
[2023-06-13T11:39:13.230+0700] {logging_mixin.py:137} INFO - Loading products to s3
[2023-06-13T11:39:22.196+0700] {logging_mixin.py:137} INFO - Load successfully
[2023-06-13T11:39:22.197+0700] {logging_mixin.py:137} INFO - Loading sales to s3
[2023-06-13T11:39:27.860+0700] {logging_mixin.py:137} INFO - Load successfully
[2023-06-13T11:39:27.862+0700] {logging_mixin.py:137} INFO - Loading customers to s3
[2023-06-13T11:39:28.627+0700] {logging_mixin.py:137} INFO - Load successfully
[2023-06-13T11:39:28.627+0700] {logging_mixin.py:137} INFO - Loading shipments to s3
[2023-06-13T11:39:31.677+0700] {logging_mixin.py:137} INFO - Load successfully
[2023-06-13T11:39:31.678+0700] {logging_mixin.py:137} INFO - Loading locations to s3
[2023-06-13T11:39:34.183+0700] {logging_mixin.py:137} INFO - Load successfully
[2023-06-13T11:39:34.183+0700] {logging_mixin.py:137} INFO - Loading time to s3
[2023-06-13T11:39:34.287+0700] {logging_mixin.py:137} INFO - Load successfully
[2023-06-13T11:39:34.407+0700] {python.py:177} INFO - Done. Returned value was: None
[2023-06-13T11:39:34.418+0700] {taskinstance.py:1318} INFO - Marking task as SUCCESS. dag_id=ETL_psql_redshift_dag, task_id=ETL_s3, execution_date=20230612T000000, start_date=20230613T043907, end_date=20230613T043934
[2023-06-13T11:39:34.469+0700] {local_task_job.py:208} INFO - Task exited with return code 0
[2023-06-13T11:39:34.489+0700] {taskinstance.py:2578} INFO - 1 downstream tasks scheduled from follow-on schedule check
