[2023-06-14T09:23:46.399+0000] {taskinstance.py:1083} INFO - Dependencies all met for <TaskInstance: ETL_psql_redshift_dag.Transform_product_df manual__2023-06-14T09:23:18.124966+00:00 [queued]>
[2023-06-14T09:23:46.419+0000] {taskinstance.py:1083} INFO - Dependencies all met for <TaskInstance: ETL_psql_redshift_dag.Transform_product_df manual__2023-06-14T09:23:18.124966+00:00 [queued]>
[2023-06-14T09:23:46.420+0000] {taskinstance.py:1279} INFO - 
--------------------------------------------------------------------------------
[2023-06-14T09:23:46.421+0000] {taskinstance.py:1280} INFO - Starting attempt 1 of 3
[2023-06-14T09:23:46.421+0000] {taskinstance.py:1281} INFO - 
--------------------------------------------------------------------------------
[2023-06-14T09:23:46.450+0000] {taskinstance.py:1300} INFO - Executing <Task(PythonOperator): Transform_product_df> on 2023-06-14 09:23:18.124966+00:00
[2023-06-14T09:23:46.472+0000] {standard_task_runner.py:55} INFO - Started process 613 to run task
[2023-06-14T09:23:46.486+0000] {standard_task_runner.py:82} INFO - Running: ['***', 'tasks', 'run', 'ETL_psql_redshift_dag', 'Transform_product_df', 'manual__2023-06-14T09:23:18.124966+00:00', '--job-id', '32', '--raw', '--subdir', 'DAGS_FOLDER/dags_setup.py', '--cfg-path', '/tmp/tmpm25d5amb']
[2023-06-14T09:23:46.489+0000] {standard_task_runner.py:83} INFO - Job 32: Subtask Transform_product_df
[2023-06-14T09:23:46.641+0000] {task_command.py:388} INFO - Running <TaskInstance: ETL_psql_redshift_dag.Transform_product_df manual__2023-06-14T09:23:18.124966+00:00 [running]> on host f2da7a3b6ffa
[2023-06-14T09:23:46.752+0000] {taskinstance.py:1509} INFO - Exporting the following env vars:
AIRFLOW_CTX_DAG_OWNER=vupham
AIRFLOW_CTX_DAG_ID=ETL_psql_redshift_dag
AIRFLOW_CTX_TASK_ID=Transform_product_df
AIRFLOW_CTX_EXECUTION_DATE=2023-06-14T09:23:18.124966+00:00
AIRFLOW_CTX_TRY_NUMBER=1
AIRFLOW_CTX_DAG_RUN_ID=manual__2023-06-14T09:23:18.124966+00:00
[2023-06-14T09:23:59.292+0000] {python.py:177} INFO - Done. Returned value was: None
[2023-06-14T09:23:59.464+0000] {taskinstance.py:1323} INFO - Marking task as SUCCESS. dag_id=ETL_psql_redshift_dag, task_id=Transform_product_df, execution_date=20230614T092318, start_date=20230614T092346, end_date=20230614T092359
[2023-06-14T09:23:59.545+0000] {local_task_job.py:208} INFO - Task exited with return code 0
[2023-06-14T09:23:59.567+0000] {taskinstance.py:2578} INFO - 0 downstream tasks scheduled from follow-on schedule check
