[2023-06-13T15:02:27.101+0000] {taskinstance.py:1083} INFO - Dependencies all met for <TaskInstance: ETL_psql_redshift_dag.ETL_s3 manual__2023-06-13T14:55:56.120360+00:00 [queued]>
[2023-06-13T15:02:27.107+0000] {taskinstance.py:1083} INFO - Dependencies all met for <TaskInstance: ETL_psql_redshift_dag.ETL_s3 manual__2023-06-13T14:55:56.120360+00:00 [queued]>
[2023-06-13T15:02:27.107+0000] {taskinstance.py:1279} INFO - 
--------------------------------------------------------------------------------
[2023-06-13T15:02:27.108+0000] {taskinstance.py:1280} INFO - Starting attempt 2 of 4
[2023-06-13T15:02:27.108+0000] {taskinstance.py:1281} INFO - 
--------------------------------------------------------------------------------
[2023-06-13T15:02:27.115+0000] {taskinstance.py:1300} INFO - Executing <Task(PythonOperator): ETL_s3> on 2023-06-13 14:55:56.120360+00:00
[2023-06-13T15:02:27.120+0000] {standard_task_runner.py:55} INFO - Started process 558 to run task
[2023-06-13T15:02:27.124+0000] {standard_task_runner.py:82} INFO - Running: ['***', 'tasks', 'run', 'ETL_psql_redshift_dag', 'ETL_s3', 'manual__2023-06-13T14:55:56.120360+00:00', '--job-id', '27', '--raw', '--subdir', 'DAGS_FOLDER/dags_setup.py', '--cfg-path', '/tmp/tmp22zewhwt']
[2023-06-13T15:02:27.126+0000] {standard_task_runner.py:83} INFO - Job 27: Subtask ETL_s3
[2023-06-13T15:02:27.188+0000] {task_command.py:388} INFO - Running <TaskInstance: ETL_psql_redshift_dag.ETL_s3 manual__2023-06-13T14:55:56.120360+00:00 [running]> on host 63f0fed3274d
[2023-06-13T15:02:27.237+0000] {taskinstance.py:1509} INFO - Exporting the following env vars:
AIRFLOW_CTX_DAG_OWNER=vupham
AIRFLOW_CTX_DAG_ID=ETL_psql_redshift_dag
AIRFLOW_CTX_TASK_ID=ETL_s3
AIRFLOW_CTX_EXECUTION_DATE=2023-06-13T14:55:56.120360+00:00
AIRFLOW_CTX_TRY_NUMBER=2
AIRFLOW_CTX_DAG_RUN_ID=manual__2023-06-13T14:55:56.120360+00:00
[2023-06-13T15:02:32.208+0000] {logging_mixin.py:137} INFO - Loading products to s3
[2023-06-13T15:02:43.242+0000] {logging_mixin.py:137} INFO - Load successfully
[2023-06-13T15:02:43.245+0000] {logging_mixin.py:137} INFO - Loading sales to s3
[2023-06-13T15:02:49.395+0000] {logging_mixin.py:137} INFO - Load successfully
[2023-06-13T15:02:49.397+0000] {logging_mixin.py:137} INFO - Loading customers to s3
[2023-06-13T15:02:50.410+0000] {logging_mixin.py:137} INFO - Load successfully
[2023-06-13T15:02:50.413+0000] {logging_mixin.py:137} INFO - Loading shipments to s3
[2023-06-13T15:02:54.118+0000] {logging_mixin.py:137} INFO - Load successfully
[2023-06-13T15:02:54.123+0000] {logging_mixin.py:137} INFO - Loading locations to s3
[2023-06-13T15:02:57.155+0000] {logging_mixin.py:137} INFO - Load successfully
[2023-06-13T15:02:57.157+0000] {logging_mixin.py:137} INFO - Loading time to s3
[2023-06-13T15:02:57.258+0000] {logging_mixin.py:137} INFO - Load successfully
[2023-06-13T15:02:57.799+0000] {python.py:177} INFO - Done. Returned value was: None
[2023-06-13T15:02:57.834+0000] {taskinstance.py:1323} INFO - Marking task as SUCCESS. dag_id=ETL_psql_redshift_dag, task_id=ETL_s3, execution_date=20230613T145556, start_date=20230613T150227, end_date=20230613T150257
[2023-06-13T15:02:58.210+0000] {local_task_job.py:208} INFO - Task exited with return code 0
[2023-06-13T15:02:58.239+0000] {taskinstance.py:2578} INFO - 0 downstream tasks scheduled from follow-on schedule check
