[2023-06-12T18:25:04.157+0700] {taskinstance.py:1083} INFO - Dependencies all met for <TaskInstance: ETL_psql_redshift_dag.Load_s3_redshift scheduled__2023-06-11T00:00:00+00:00 [queued]>
[2023-06-12T18:25:04.162+0700] {taskinstance.py:1083} INFO - Dependencies all met for <TaskInstance: ETL_psql_redshift_dag.Load_s3_redshift scheduled__2023-06-11T00:00:00+00:00 [queued]>
[2023-06-12T18:25:04.162+0700] {taskinstance.py:1279} INFO - 
--------------------------------------------------------------------------------
[2023-06-12T18:25:04.162+0700] {taskinstance.py:1280} INFO - Starting attempt 1 of 3
[2023-06-12T18:25:04.162+0700] {taskinstance.py:1281} INFO - 
--------------------------------------------------------------------------------
[2023-06-12T18:25:04.168+0700] {taskinstance.py:1300} INFO - Executing <Task(PythonOperator): Load_s3_redshift> on 2023-06-11 00:00:00+00:00
[2023-06-12T18:25:04.170+0700] {standard_task_runner.py:55} INFO - Started process 17269 to run task
[2023-06-12T18:25:04.173+0700] {standard_task_runner.py:82} INFO - Running: ['airflow', 'tasks', 'run', 'ETL_psql_redshift_dag', 'Load_s3_redshift', 'scheduled__2023-06-11T00:00:00+00:00', '--job-id', '66', '--raw', '--subdir', 'DAGS_FOLDER/dags_setup.py', '--cfg-path', '/var/folders/13/nw165ws91y30x7r8_6b34m_m0000gn/T/tmpxcojkjjz']
[2023-06-12T18:25:04.174+0700] {standard_task_runner.py:83} INFO - Job 66: Subtask Load_s3_redshift
[2023-06-12T18:25:04.225+0700] {task_command.py:388} INFO - Running <TaskInstance: ETL_psql_redshift_dag.Load_s3_redshift scheduled__2023-06-11T00:00:00+00:00 [running]> on host vus-macbook-pro.local
[2023-06-12T18:25:04.277+0700] {taskinstance.py:1507} INFO - Exporting the following env vars:
AIRFLOW_CTX_DAG_OWNER=vupham
AIRFLOW_CTX_DAG_ID=ETL_psql_redshift_dag
AIRFLOW_CTX_TASK_ID=Load_s3_redshift
AIRFLOW_CTX_EXECUTION_DATE=2023-06-11T00:00:00+00:00
AIRFLOW_CTX_TRY_NUMBER=1
AIRFLOW_CTX_DAG_RUN_ID=scheduled__2023-06-11T00:00:00+00:00
[2023-06-12T18:25:17.479+0700] {python.py:177} INFO - Done. Returned value was: None
[2023-06-12T18:25:17.487+0700] {taskinstance.py:1318} INFO - Marking task as SUCCESS. dag_id=ETL_psql_redshift_dag, task_id=Load_s3_redshift, execution_date=20230611T000000, start_date=20230612T112504, end_date=20230612T112517
[2023-06-12T18:25:17.531+0700] {local_task_job.py:208} INFO - Task exited with return code 0
[2023-06-12T18:25:17.547+0700] {taskinstance.py:2578} INFO - 0 downstream tasks scheduled from follow-on schedule check
