[2023-06-14T12:39:57.144+0000] {taskinstance.py:1083} INFO - Dependencies all met for <TaskInstance: ETL_psql_redshift_dag.Transform_customer_df manual__2023-06-14T12:39:30.349993+00:00 [queued]>
[2023-06-14T12:39:57.166+0000] {taskinstance.py:1083} INFO - Dependencies all met for <TaskInstance: ETL_psql_redshift_dag.Transform_customer_df manual__2023-06-14T12:39:30.349993+00:00 [queued]>
[2023-06-14T12:39:57.167+0000] {taskinstance.py:1279} INFO - 
--------------------------------------------------------------------------------
[2023-06-14T12:39:57.191+0000] {taskinstance.py:1280} INFO - Starting attempt 1 of 3
[2023-06-14T12:39:57.192+0000] {taskinstance.py:1281} INFO - 
--------------------------------------------------------------------------------
[2023-06-14T12:39:57.216+0000] {taskinstance.py:1300} INFO - Executing <Task(PythonOperator): Transform_customer_df> on 2023-06-14 12:39:30.349993+00:00
[2023-06-14T12:39:57.227+0000] {standard_task_runner.py:55} INFO - Started process 272 to run task
[2023-06-14T12:39:57.241+0000] {standard_task_runner.py:82} INFO - Running: ['***', 'tasks', 'run', 'ETL_psql_redshift_dag', 'Transform_customer_df', 'manual__2023-06-14T12:39:30.349993+00:00', '--job-id', '7', '--raw', '--subdir', 'DAGS_FOLDER/dags_setup.py', '--cfg-path', '/tmp/tmp91mpr2fv']
[2023-06-14T12:39:57.245+0000] {standard_task_runner.py:83} INFO - Job 7: Subtask Transform_customer_df
[2023-06-14T12:39:57.405+0000] {task_command.py:388} INFO - Running <TaskInstance: ETL_psql_redshift_dag.Transform_customer_df manual__2023-06-14T12:39:30.349993+00:00 [running]> on host 3d4df578486c
[2023-06-14T12:39:57.550+0000] {taskinstance.py:1509} INFO - Exporting the following env vars:
AIRFLOW_CTX_DAG_OWNER=vupham
AIRFLOW_CTX_DAG_ID=ETL_psql_redshift_dag
AIRFLOW_CTX_TASK_ID=Transform_customer_df
AIRFLOW_CTX_EXECUTION_DATE=2023-06-14T12:39:30.349993+00:00
AIRFLOW_CTX_TRY_NUMBER=1
AIRFLOW_CTX_DAG_RUN_ID=manual__2023-06-14T12:39:30.349993+00:00
[2023-06-14T12:40:00.642+0000] {python.py:177} INFO - Done. Returned value was: None
[2023-06-14T12:40:00.697+0000] {taskinstance.py:1323} INFO - Marking task as SUCCESS. dag_id=ETL_psql_redshift_dag, task_id=Transform_customer_df, execution_date=20230614T123930, start_date=20230614T123957, end_date=20230614T124000
[2023-06-14T12:40:00.834+0000] {local_task_job.py:208} INFO - Task exited with return code 0
[2023-06-14T12:40:00.902+0000] {taskinstance.py:2578} INFO - 0 downstream tasks scheduled from follow-on schedule check
