[2023-06-12T18:02:45.481+0700] {taskinstance.py:1083} INFO - Dependencies all met for <TaskInstance: ETL_psql_redshift_dag.Transform_shipment_df scheduled__2023-06-11T00:00:00+00:00 [queued]>
[2023-06-12T18:02:45.487+0700] {taskinstance.py:1083} INFO - Dependencies all met for <TaskInstance: ETL_psql_redshift_dag.Transform_shipment_df scheduled__2023-06-11T00:00:00+00:00 [queued]>
[2023-06-12T18:02:45.487+0700] {taskinstance.py:1279} INFO - 
--------------------------------------------------------------------------------
[2023-06-12T18:02:45.487+0700] {taskinstance.py:1280} INFO - Starting attempt 1 of 3
[2023-06-12T18:02:45.487+0700] {taskinstance.py:1281} INFO - 
--------------------------------------------------------------------------------
[2023-06-12T18:02:45.493+0700] {taskinstance.py:1300} INFO - Executing <Task(PythonOperator): Transform_shipment_df> on 2023-06-11 00:00:00+00:00
[2023-06-12T18:02:45.494+0700] {standard_task_runner.py:55} INFO - Started process 13195 to run task
[2023-06-12T18:02:45.497+0700] {standard_task_runner.py:82} INFO - Running: ['airflow', 'tasks', 'run', 'ETL_psql_redshift_dag', 'Transform_shipment_df', 'scheduled__2023-06-11T00:00:00+00:00', '--job-id', '32', '--raw', '--subdir', 'DAGS_FOLDER/dags_setup.py', '--cfg-path', '/var/folders/13/nw165ws91y30x7r8_6b34m_m0000gn/T/tmpdwr6ns7_']
[2023-06-12T18:02:45.498+0700] {standard_task_runner.py:83} INFO - Job 32: Subtask Transform_shipment_df
[2023-06-12T18:02:45.547+0700] {task_command.py:388} INFO - Running <TaskInstance: ETL_psql_redshift_dag.Transform_shipment_df scheduled__2023-06-11T00:00:00+00:00 [running]> on host vus-macbook-pro.local
[2023-06-12T18:02:45.597+0700] {taskinstance.py:1507} INFO - Exporting the following env vars:
AIRFLOW_CTX_DAG_OWNER=vupham
AIRFLOW_CTX_DAG_ID=ETL_psql_redshift_dag
AIRFLOW_CTX_TASK_ID=Transform_shipment_df
AIRFLOW_CTX_EXECUTION_DATE=2023-06-11T00:00:00+00:00
AIRFLOW_CTX_TRY_NUMBER=1
AIRFLOW_CTX_DAG_RUN_ID=scheduled__2023-06-11T00:00:00+00:00
[2023-06-12T18:02:47.333+0700] {python.py:177} INFO - Done. Returned value was: None
[2023-06-12T18:02:47.343+0700] {taskinstance.py:1318} INFO - Marking task as SUCCESS. dag_id=ETL_psql_redshift_dag, task_id=Transform_shipment_df, execution_date=20230611T000000, start_date=20230612T110245, end_date=20230612T110247
[2023-06-12T18:02:47.393+0700] {local_task_job.py:208} INFO - Task exited with return code 0
[2023-06-12T18:02:47.413+0700] {taskinstance.py:2578} INFO - 1 downstream tasks scheduled from follow-on schedule check
[2023-06-12T18:16:00.328+0700] {taskinstance.py:1083} INFO - Dependencies all met for <TaskInstance: ETL_psql_redshift_dag.Transform_shipment_df scheduled__2023-06-11T00:00:00+00:00 [queued]>
[2023-06-12T18:16:00.334+0700] {taskinstance.py:1083} INFO - Dependencies all met for <TaskInstance: ETL_psql_redshift_dag.Transform_shipment_df scheduled__2023-06-11T00:00:00+00:00 [queued]>
[2023-06-12T18:16:00.334+0700] {taskinstance.py:1279} INFO - 
--------------------------------------------------------------------------------
[2023-06-12T18:16:00.334+0700] {taskinstance.py:1280} INFO - Starting attempt 1 of 3
[2023-06-12T18:16:00.334+0700] {taskinstance.py:1281} INFO - 
--------------------------------------------------------------------------------
[2023-06-12T18:16:00.341+0700] {taskinstance.py:1300} INFO - Executing <Task(PythonOperator): Transform_shipment_df> on 2023-06-11 00:00:00+00:00
[2023-06-12T18:16:00.343+0700] {standard_task_runner.py:55} INFO - Started process 15539 to run task
[2023-06-12T18:16:00.345+0700] {standard_task_runner.py:82} INFO - Running: ['airflow', 'tasks', 'run', 'ETL_psql_redshift_dag', 'Transform_shipment_df', 'scheduled__2023-06-11T00:00:00+00:00', '--job-id', '52', '--raw', '--subdir', 'DAGS_FOLDER/dags_setup.py', '--cfg-path', '/var/folders/13/nw165ws91y30x7r8_6b34m_m0000gn/T/tmp98ucoo5o']
[2023-06-12T18:16:00.347+0700] {standard_task_runner.py:83} INFO - Job 52: Subtask Transform_shipment_df
[2023-06-12T18:16:00.397+0700] {task_command.py:388} INFO - Running <TaskInstance: ETL_psql_redshift_dag.Transform_shipment_df scheduled__2023-06-11T00:00:00+00:00 [running]> on host vus-macbook-pro.local
[2023-06-12T18:16:00.441+0700] {taskinstance.py:1507} INFO - Exporting the following env vars:
AIRFLOW_CTX_DAG_OWNER=vupham
AIRFLOW_CTX_DAG_ID=ETL_psql_redshift_dag
AIRFLOW_CTX_TASK_ID=Transform_shipment_df
AIRFLOW_CTX_EXECUTION_DATE=2023-06-11T00:00:00+00:00
AIRFLOW_CTX_TRY_NUMBER=1
AIRFLOW_CTX_DAG_RUN_ID=scheduled__2023-06-11T00:00:00+00:00
[2023-06-12T18:16:02.198+0700] {python.py:177} INFO - Done. Returned value was: None
[2023-06-12T18:16:02.207+0700] {taskinstance.py:1318} INFO - Marking task as SUCCESS. dag_id=ETL_psql_redshift_dag, task_id=Transform_shipment_df, execution_date=20230611T000000, start_date=20230612T111600, end_date=20230612T111602
[2023-06-12T18:16:02.251+0700] {local_task_job.py:208} INFO - Task exited with return code 0
[2023-06-12T18:16:02.274+0700] {taskinstance.py:2578} INFO - 1 downstream tasks scheduled from follow-on schedule check
[2023-06-12T18:20:26.068+0700] {taskinstance.py:1083} INFO - Dependencies all met for <TaskInstance: ETL_psql_redshift_dag.Transform_shipment_df scheduled__2023-06-11T00:00:00+00:00 [queued]>
[2023-06-12T18:20:26.073+0700] {taskinstance.py:1083} INFO - Dependencies all met for <TaskInstance: ETL_psql_redshift_dag.Transform_shipment_df scheduled__2023-06-11T00:00:00+00:00 [queued]>
[2023-06-12T18:20:26.073+0700] {taskinstance.py:1279} INFO - 
--------------------------------------------------------------------------------
[2023-06-12T18:20:26.073+0700] {taskinstance.py:1280} INFO - Starting attempt 1 of 3
[2023-06-12T18:20:26.073+0700] {taskinstance.py:1281} INFO - 
--------------------------------------------------------------------------------
[2023-06-12T18:20:26.079+0700] {taskinstance.py:1300} INFO - Executing <Task(PythonOperator): Transform_shipment_df> on 2023-06-11 00:00:00+00:00
[2023-06-12T18:20:26.081+0700] {standard_task_runner.py:55} INFO - Started process 16420 to run task
[2023-06-12T18:20:26.084+0700] {standard_task_runner.py:82} INFO - Running: ['airflow', 'tasks', 'run', 'ETL_psql_redshift_dag', 'Transform_shipment_df', 'scheduled__2023-06-11T00:00:00+00:00', '--job-id', '60', '--raw', '--subdir', 'DAGS_FOLDER/dags_setup.py', '--cfg-path', '/var/folders/13/nw165ws91y30x7r8_6b34m_m0000gn/T/tmp1wjbge7t']
[2023-06-12T18:20:26.085+0700] {standard_task_runner.py:83} INFO - Job 60: Subtask Transform_shipment_df
[2023-06-12T18:20:26.133+0700] {task_command.py:388} INFO - Running <TaskInstance: ETL_psql_redshift_dag.Transform_shipment_df scheduled__2023-06-11T00:00:00+00:00 [running]> on host vus-macbook-pro.local
[2023-06-12T18:20:26.182+0700] {taskinstance.py:1507} INFO - Exporting the following env vars:
AIRFLOW_CTX_DAG_OWNER=vupham
AIRFLOW_CTX_DAG_ID=ETL_psql_redshift_dag
AIRFLOW_CTX_TASK_ID=Transform_shipment_df
AIRFLOW_CTX_EXECUTION_DATE=2023-06-11T00:00:00+00:00
AIRFLOW_CTX_TRY_NUMBER=1
AIRFLOW_CTX_DAG_RUN_ID=scheduled__2023-06-11T00:00:00+00:00
[2023-06-12T18:20:28.011+0700] {python.py:177} INFO - Done. Returned value was: None
[2023-06-12T18:20:28.022+0700] {taskinstance.py:1318} INFO - Marking task as SUCCESS. dag_id=ETL_psql_redshift_dag, task_id=Transform_shipment_df, execution_date=20230611T000000, start_date=20230612T112026, end_date=20230612T112028
[2023-06-12T18:20:28.034+0700] {local_task_job.py:208} INFO - Task exited with return code 0
[2023-06-12T18:20:28.056+0700] {taskinstance.py:2578} INFO - 1 downstream tasks scheduled from follow-on schedule check
