[2023-06-14T12:39:57.097+0000] {taskinstance.py:1083} INFO - Dependencies all met for <TaskInstance: ETL_psql_redshift_dag.Transform_product_df manual__2023-06-14T12:39:30.349993+00:00 [queued]>
[2023-06-14T12:39:57.111+0000] {taskinstance.py:1083} INFO - Dependencies all met for <TaskInstance: ETL_psql_redshift_dag.Transform_product_df manual__2023-06-14T12:39:30.349993+00:00 [queued]>
[2023-06-14T12:39:57.111+0000] {taskinstance.py:1279} INFO - 
--------------------------------------------------------------------------------
[2023-06-14T12:39:57.112+0000] {taskinstance.py:1280} INFO - Starting attempt 1 of 3
[2023-06-14T12:39:57.113+0000] {taskinstance.py:1281} INFO - 
--------------------------------------------------------------------------------
[2023-06-14T12:39:57.147+0000] {taskinstance.py:1300} INFO - Executing <Task(PythonOperator): Transform_product_df> on 2023-06-14 12:39:30.349993+00:00
[2023-06-14T12:39:57.154+0000] {standard_task_runner.py:55} INFO - Started process 268 to run task
[2023-06-14T12:39:57.162+0000] {standard_task_runner.py:82} INFO - Running: ['***', 'tasks', 'run', 'ETL_psql_redshift_dag', 'Transform_product_df', 'manual__2023-06-14T12:39:30.349993+00:00', '--job-id', '6', '--raw', '--subdir', 'DAGS_FOLDER/dags_setup.py', '--cfg-path', '/tmp/tmpb1qy792n']
[2023-06-14T12:39:57.167+0000] {standard_task_runner.py:83} INFO - Job 6: Subtask Transform_product_df
[2023-06-14T12:39:57.335+0000] {task_command.py:388} INFO - Running <TaskInstance: ETL_psql_redshift_dag.Transform_product_df manual__2023-06-14T12:39:30.349993+00:00 [running]> on host 3d4df578486c
[2023-06-14T12:39:57.484+0000] {taskinstance.py:1509} INFO - Exporting the following env vars:
AIRFLOW_CTX_DAG_OWNER=vupham
AIRFLOW_CTX_DAG_ID=ETL_psql_redshift_dag
AIRFLOW_CTX_TASK_ID=Transform_product_df
AIRFLOW_CTX_EXECUTION_DATE=2023-06-14T12:39:30.349993+00:00
AIRFLOW_CTX_TRY_NUMBER=1
AIRFLOW_CTX_DAG_RUN_ID=manual__2023-06-14T12:39:30.349993+00:00
[2023-06-14T12:40:10.158+0000] {python.py:177} INFO - Done. Returned value was: None
[2023-06-14T12:40:10.176+0000] {taskinstance.py:1323} INFO - Marking task as SUCCESS. dag_id=ETL_psql_redshift_dag, task_id=Transform_product_df, execution_date=20230614T123930, start_date=20230614T123957, end_date=20230614T124010
[2023-06-14T12:40:10.248+0000] {local_task_job.py:208} INFO - Task exited with return code 0
[2023-06-14T12:40:10.283+0000] {taskinstance.py:2578} INFO - 0 downstream tasks scheduled from follow-on schedule check
