[2023-06-12T18:01:10.069+0700] {taskinstance.py:1083} INFO - Dependencies all met for <TaskInstance: ETL_psql_redshift_dag.Load_to_psql scheduled__2023-06-10T00:00:00+00:00 [queued]>
[2023-06-12T18:01:10.074+0700] {taskinstance.py:1083} INFO - Dependencies all met for <TaskInstance: ETL_psql_redshift_dag.Load_to_psql scheduled__2023-06-10T00:00:00+00:00 [queued]>
[2023-06-12T18:01:10.075+0700] {taskinstance.py:1279} INFO - 
--------------------------------------------------------------------------------
[2023-06-12T18:01:10.075+0700] {taskinstance.py:1280} INFO - Starting attempt 1 of 3
[2023-06-12T18:01:10.075+0700] {taskinstance.py:1281} INFO - 
--------------------------------------------------------------------------------
[2023-06-12T18:01:10.081+0700] {taskinstance.py:1300} INFO - Executing <Task(PythonOperator): Load_to_psql> on 2023-06-10 00:00:00+00:00
[2023-06-12T18:01:10.083+0700] {standard_task_runner.py:55} INFO - Started process 12702 to run task
[2023-06-12T18:01:10.086+0700] {standard_task_runner.py:82} INFO - Running: ['airflow', 'tasks', 'run', 'ETL_psql_redshift_dag', 'Load_to_psql', 'scheduled__2023-06-10T00:00:00+00:00', '--job-id', '20', '--raw', '--subdir', 'DAGS_FOLDER/dags_setup.py', '--cfg-path', '/var/folders/13/nw165ws91y30x7r8_6b34m_m0000gn/T/tmpo2f0qrfl']
[2023-06-12T18:01:10.087+0700] {standard_task_runner.py:83} INFO - Job 20: Subtask Load_to_psql
[2023-06-12T18:01:10.137+0700] {task_command.py:388} INFO - Running <TaskInstance: ETL_psql_redshift_dag.Load_to_psql scheduled__2023-06-10T00:00:00+00:00 [running]> on host vus-macbook-pro.local
[2023-06-12T18:01:10.183+0700] {taskinstance.py:1507} INFO - Exporting the following env vars:
AIRFLOW_CTX_DAG_OWNER=vupham
AIRFLOW_CTX_DAG_ID=ETL_psql_redshift_dag
AIRFLOW_CTX_TASK_ID=Load_to_psql
AIRFLOW_CTX_EXECUTION_DATE=2023-06-10T00:00:00+00:00
AIRFLOW_CTX_TRY_NUMBER=1
AIRFLOW_CTX_DAG_RUN_ID=scheduled__2023-06-10T00:00:00+00:00
[2023-06-12T18:01:20.703+0700] {logging_mixin.py:137} INFO - Successfully insert data to table Sale_schema.locations
[2023-06-12T18:01:35.250+0700] {local_task_job.py:272} WARNING - State of this instance has been externally set to None. Terminating instance.
[2023-06-12T18:01:35.254+0700] {process_utils.py:129} INFO - Sending Signals.SIGTERM to group 12702. PIDs of all processes in the group: [12702]
[2023-06-12T18:01:35.255+0700] {process_utils.py:84} INFO - Sending the signal Signals.SIGTERM to group 12702
[2023-06-12T18:01:35.255+0700] {taskinstance.py:1479} ERROR - Received SIGTERM. Terminating subprocesses.
[2023-06-12T18:01:35.261+0700] {taskinstance.py:1768} ERROR - Task failed with exception
Traceback (most recent call last):
  File "/opt/homebrew/lib/python3.10/site-packages/airflow/operators/python.py", line 175, in execute
    return_value = self.execute_callable()
  File "/opt/homebrew/lib/python3.10/site-packages/airflow/operators/python.py", line 192, in execute_callable
    return self.python_callable(*self.op_args, **self.op_kwargs)
  File "/Users/vupham/Desktop/DE_Project/dags/ETL_psql/Load/Load_psql.py", line 53, in Load_schema
    Load_table(f"Sale_schema.{table}", df, cur);
  File "/Users/vupham/Desktop/DE_Project/dags/ETL_psql/Load/Load_psql.py", line 23, in Load_table
    cur.executemany(query, records);
  File "/opt/homebrew/lib/python3.10/site-packages/numpy/core/records.py", line 281, in __getitem__
    def __getitem__(self, indx):
  File "/opt/homebrew/lib/python3.10/site-packages/airflow/models/taskinstance.py", line 1481, in signal_handler
    raise AirflowException("Task received SIGTERM signal")
airflow.exceptions.AirflowException: Task received SIGTERM signal
[2023-06-12T18:01:35.265+0700] {taskinstance.py:1318} INFO - Marking task as UP_FOR_RETRY. dag_id=ETL_psql_redshift_dag, task_id=Load_to_psql, execution_date=20230610T000000, start_date=20230612T110110, end_date=20230612T110135
[2023-06-12T18:01:35.272+0700] {standard_task_runner.py:100} ERROR - Failed to execute job 20 for task Load_to_psql ((psycopg2.errors.ForeignKeyViolation) insert or update on table "task_fail" violates foreign key constraint "task_fail_ti_fkey"
DETAIL:  Key (dag_id, task_id, run_id, map_index)=(ETL_psql_redshift_dag, Load_to_psql, scheduled__2023-06-10T00:00:00+00:00, -1) is not present in table "task_instance".

[SQL: INSERT INTO task_fail (task_id, dag_id, run_id, map_index, start_date, end_date, duration) VALUES (%(task_id)s, %(dag_id)s, %(run_id)s, %(map_index)s, %(start_date)s, %(end_date)s, %(duration)s) RETURNING task_fail.id]
[parameters: {'task_id': 'Load_to_psql', 'dag_id': 'ETL_psql_redshift_dag', 'run_id': 'scheduled__2023-06-10T00:00:00+00:00', 'map_index': -1, 'start_date': datetime.datetime(2023, 6, 12, 11, 1, 10, 69515, tzinfo=Timezone('UTC')), 'end_date': datetime.datetime(2023, 6, 12, 11, 1, 35, 264792, tzinfo=Timezone('UTC')), 'duration': 25}]
(Background on this error at: https://sqlalche.me/e/14/gkpj); 12702)
[2023-06-12T18:01:35.287+0700] {process_utils.py:79} INFO - Process psutil.Process(pid=12702, status='terminated', exitcode=1, started='18:01:10') (12702) terminated with exit code 1
[2023-06-12T18:02:49.710+0700] {taskinstance.py:1083} INFO - Dependencies all met for <TaskInstance: ETL_psql_redshift_dag.Load_to_psql scheduled__2023-06-10T00:00:00+00:00 [queued]>
[2023-06-12T18:02:49.715+0700] {taskinstance.py:1083} INFO - Dependencies all met for <TaskInstance: ETL_psql_redshift_dag.Load_to_psql scheduled__2023-06-10T00:00:00+00:00 [queued]>
[2023-06-12T18:02:49.716+0700] {taskinstance.py:1279} INFO - 
--------------------------------------------------------------------------------
[2023-06-12T18:02:49.716+0700] {taskinstance.py:1280} INFO - Starting attempt 1 of 3
[2023-06-12T18:02:49.716+0700] {taskinstance.py:1281} INFO - 
--------------------------------------------------------------------------------
[2023-06-12T18:02:49.723+0700] {taskinstance.py:1300} INFO - Executing <Task(PythonOperator): Load_to_psql> on 2023-06-10 00:00:00+00:00
[2023-06-12T18:02:49.726+0700] {standard_task_runner.py:55} INFO - Started process 13223 to run task
[2023-06-12T18:02:49.728+0700] {standard_task_runner.py:82} INFO - Running: ['airflow', 'tasks', 'run', 'ETL_psql_redshift_dag', 'Load_to_psql', 'scheduled__2023-06-10T00:00:00+00:00', '--job-id', '33', '--raw', '--subdir', 'DAGS_FOLDER/dags_setup.py', '--cfg-path', '/var/folders/13/nw165ws91y30x7r8_6b34m_m0000gn/T/tmptffn91ro']
[2023-06-12T18:02:49.729+0700] {standard_task_runner.py:83} INFO - Job 33: Subtask Load_to_psql
[2023-06-12T18:02:49.785+0700] {task_command.py:388} INFO - Running <TaskInstance: ETL_psql_redshift_dag.Load_to_psql scheduled__2023-06-10T00:00:00+00:00 [running]> on host vus-macbook-pro.local
[2023-06-12T18:02:49.837+0700] {taskinstance.py:1507} INFO - Exporting the following env vars:
AIRFLOW_CTX_DAG_OWNER=vupham
AIRFLOW_CTX_DAG_ID=ETL_psql_redshift_dag
AIRFLOW_CTX_TASK_ID=Load_to_psql
AIRFLOW_CTX_EXECUTION_DATE=2023-06-10T00:00:00+00:00
AIRFLOW_CTX_TRY_NUMBER=1
AIRFLOW_CTX_DAG_RUN_ID=scheduled__2023-06-10T00:00:00+00:00
[2023-06-12T18:03:00.433+0700] {logging_mixin.py:137} INFO - Successfully insert data to table Sale_schema.locations
[2023-06-12T18:03:14.673+0700] {logging_mixin.py:137} INFO - Successfully insert data to table Sale_schema.customers
[2023-06-12T18:04:37.750+0700] {logging_mixin.py:137} INFO - Successfully insert data to table Sale_schema.products
[2023-06-12T18:05:31.252+0700] {logging_mixin.py:137} INFO - Successfully insert data to table Sale_schema.sales
[2023-06-12T18:06:28.289+0700] {logging_mixin.py:137} INFO - Successfully insert data to table Sale_schema.shipments
[2023-06-12T18:06:28.380+0700] {python.py:177} INFO - Done. Returned value was: None
[2023-06-12T18:06:28.386+0700] {taskinstance.py:1318} INFO - Marking task as SUCCESS. dag_id=ETL_psql_redshift_dag, task_id=Load_to_psql, execution_date=20230610T000000, start_date=20230612T110249, end_date=20230612T110628
[2023-06-12T18:06:28.433+0700] {local_task_job.py:208} INFO - Task exited with return code 0
[2023-06-12T18:06:28.447+0700] {taskinstance.py:2578} INFO - 1 downstream tasks scheduled from follow-on schedule check
[2023-06-12T18:16:04.521+0700] {taskinstance.py:1083} INFO - Dependencies all met for <TaskInstance: ETL_psql_redshift_dag.Load_to_psql scheduled__2023-06-10T00:00:00+00:00 [queued]>
[2023-06-12T18:16:04.528+0700] {taskinstance.py:1083} INFO - Dependencies all met for <TaskInstance: ETL_psql_redshift_dag.Load_to_psql scheduled__2023-06-10T00:00:00+00:00 [queued]>
[2023-06-12T18:16:04.528+0700] {taskinstance.py:1279} INFO - 
--------------------------------------------------------------------------------
[2023-06-12T18:16:04.528+0700] {taskinstance.py:1280} INFO - Starting attempt 1 of 3
[2023-06-12T18:16:04.528+0700] {taskinstance.py:1281} INFO - 
--------------------------------------------------------------------------------
[2023-06-12T18:16:04.536+0700] {taskinstance.py:1300} INFO - Executing <Task(PythonOperator): Load_to_psql> on 2023-06-10 00:00:00+00:00
[2023-06-12T18:16:04.540+0700] {standard_task_runner.py:55} INFO - Started process 15567 to run task
[2023-06-12T18:16:04.543+0700] {standard_task_runner.py:82} INFO - Running: ['airflow', 'tasks', 'run', 'ETL_psql_redshift_dag', 'Load_to_psql', 'scheduled__2023-06-10T00:00:00+00:00', '--job-id', '53', '--raw', '--subdir', 'DAGS_FOLDER/dags_setup.py', '--cfg-path', '/var/folders/13/nw165ws91y30x7r8_6b34m_m0000gn/T/tmp5bwb2svs']
[2023-06-12T18:16:04.545+0700] {standard_task_runner.py:83} INFO - Job 53: Subtask Load_to_psql
[2023-06-12T18:16:04.599+0700] {task_command.py:388} INFO - Running <TaskInstance: ETL_psql_redshift_dag.Load_to_psql scheduled__2023-06-10T00:00:00+00:00 [running]> on host vus-macbook-pro.local
[2023-06-12T18:16:04.654+0700] {taskinstance.py:1507} INFO - Exporting the following env vars:
AIRFLOW_CTX_DAG_OWNER=vupham
AIRFLOW_CTX_DAG_ID=ETL_psql_redshift_dag
AIRFLOW_CTX_TASK_ID=Load_to_psql
AIRFLOW_CTX_EXECUTION_DATE=2023-06-10T00:00:00+00:00
AIRFLOW_CTX_TRY_NUMBER=1
AIRFLOW_CTX_DAG_RUN_ID=scheduled__2023-06-10T00:00:00+00:00
[2023-06-12T18:16:15.528+0700] {logging_mixin.py:137} INFO - Successfully insert data to table Sale_schema.locations
[2023-06-12T18:16:30.453+0700] {logging_mixin.py:137} INFO - Successfully insert data to table Sale_schema.customers
[2023-06-12T18:17:58.914+0700] {logging_mixin.py:137} INFO - Successfully insert data to table Sale_schema.products
[2023-06-12T18:18:57.094+0700] {logging_mixin.py:137} INFO - Successfully insert data to table Sale_schema.sales
[2023-06-12T18:19:53.171+0700] {logging_mixin.py:137} INFO - Successfully insert data to table Sale_schema.shipments
[2023-06-12T18:19:53.261+0700] {python.py:177} INFO - Done. Returned value was: None
[2023-06-12T18:19:53.267+0700] {taskinstance.py:1318} INFO - Marking task as SUCCESS. dag_id=ETL_psql_redshift_dag, task_id=Load_to_psql, execution_date=20230610T000000, start_date=20230612T111604, end_date=20230612T111953
[2023-06-12T18:19:53.291+0700] {local_task_job.py:208} INFO - Task exited with return code 0
[2023-06-12T18:19:53.303+0700] {taskinstance.py:2578} INFO - 1 downstream tasks scheduled from follow-on schedule check
