[2023-06-14T09:10:56.339+0000] {taskinstance.py:1083} INFO - Dependencies all met for <TaskInstance: ETL_psql_redshift_dag.Transform_product_df scheduled__2023-06-13T00:00:00+00:00 [queued]>
[2023-06-14T09:10:56.365+0000] {taskinstance.py:1083} INFO - Dependencies all met for <TaskInstance: ETL_psql_redshift_dag.Transform_product_df scheduled__2023-06-13T00:00:00+00:00 [queued]>
[2023-06-14T09:10:56.370+0000] {taskinstance.py:1279} INFO - 
--------------------------------------------------------------------------------
[2023-06-14T09:10:56.373+0000] {taskinstance.py:1280} INFO - Starting attempt 1 of 3
[2023-06-14T09:10:56.374+0000] {taskinstance.py:1281} INFO - 
--------------------------------------------------------------------------------
[2023-06-14T09:10:56.407+0000] {taskinstance.py:1300} INFO - Executing <Task(PythonOperator): Transform_product_df> on 2023-06-13 00:00:00+00:00
[2023-06-14T09:10:56.440+0000] {standard_task_runner.py:55} INFO - Started process 313 to run task
[2023-06-14T09:10:56.449+0000] {standard_task_runner.py:82} INFO - Running: ['***', 'tasks', 'run', 'ETL_psql_redshift_dag', 'Transform_product_df', 'scheduled__2023-06-13T00:00:00+00:00', '--job-id', '7', '--raw', '--subdir', 'DAGS_FOLDER/dags_setup.py', '--cfg-path', '/tmp/tmp0tcgeram']
[2023-06-14T09:10:56.471+0000] {standard_task_runner.py:83} INFO - Job 7: Subtask Transform_product_df
[2023-06-14T09:10:56.695+0000] {task_command.py:388} INFO - Running <TaskInstance: ETL_psql_redshift_dag.Transform_product_df scheduled__2023-06-13T00:00:00+00:00 [running]> on host f2da7a3b6ffa
[2023-06-14T09:10:56.923+0000] {taskinstance.py:1509} INFO - Exporting the following env vars:
AIRFLOW_CTX_DAG_OWNER=vupham
AIRFLOW_CTX_DAG_ID=ETL_psql_redshift_dag
AIRFLOW_CTX_TASK_ID=Transform_product_df
AIRFLOW_CTX_EXECUTION_DATE=2023-06-13T00:00:00+00:00
AIRFLOW_CTX_TRY_NUMBER=1
AIRFLOW_CTX_DAG_RUN_ID=scheduled__2023-06-13T00:00:00+00:00
[2023-06-14T09:11:20.345+0000] {python.py:177} INFO - Done. Returned value was: None
[2023-06-14T09:11:20.528+0000] {taskinstance.py:1323} INFO - Marking task as SUCCESS. dag_id=ETL_psql_redshift_dag, task_id=Transform_product_df, execution_date=20230613T000000, start_date=20230614T091056, end_date=20230614T091120
[2023-06-14T09:11:20.637+0000] {local_task_job.py:208} INFO - Task exited with return code 0
[2023-06-14T09:11:20.661+0000] {taskinstance.py:2578} INFO - 0 downstream tasks scheduled from follow-on schedule check
