[2023-06-14T09:12:59.816+0000] {taskinstance.py:1083} INFO - Dependencies all met for <TaskInstance: ETL_psql_redshift_dag.Transform_location_df scheduled__2023-06-13T00:00:00+00:00 [queued]>
[2023-06-14T09:12:59.834+0000] {taskinstance.py:1083} INFO - Dependencies all met for <TaskInstance: ETL_psql_redshift_dag.Transform_location_df scheduled__2023-06-13T00:00:00+00:00 [queued]>
[2023-06-14T09:12:59.835+0000] {taskinstance.py:1279} INFO - 
--------------------------------------------------------------------------------
[2023-06-14T09:12:59.835+0000] {taskinstance.py:1280} INFO - Starting attempt 2 of 3
[2023-06-14T09:12:59.835+0000] {taskinstance.py:1281} INFO - 
--------------------------------------------------------------------------------
[2023-06-14T09:12:59.845+0000] {taskinstance.py:1300} INFO - Executing <Task(PythonOperator): Transform_location_df> on 2023-06-13 00:00:00+00:00
[2023-06-14T09:12:59.856+0000] {standard_task_runner.py:55} INFO - Started process 361 to run task
[2023-06-14T09:12:59.860+0000] {standard_task_runner.py:82} INFO - Running: ['***', 'tasks', 'run', 'ETL_psql_redshift_dag', 'Transform_location_df', 'scheduled__2023-06-13T00:00:00+00:00', '--job-id', '17', '--raw', '--subdir', 'DAGS_FOLDER/dags_setup.py', '--cfg-path', '/tmp/tmplg1b4dj8']
[2023-06-14T09:12:59.865+0000] {standard_task_runner.py:83} INFO - Job 17: Subtask Transform_location_df
[2023-06-14T09:12:59.954+0000] {task_command.py:388} INFO - Running <TaskInstance: ETL_psql_redshift_dag.Transform_location_df scheduled__2023-06-13T00:00:00+00:00 [running]> on host f2da7a3b6ffa
[2023-06-14T09:13:00.031+0000] {taskinstance.py:1509} INFO - Exporting the following env vars:
AIRFLOW_CTX_DAG_OWNER=vupham
AIRFLOW_CTX_DAG_ID=ETL_psql_redshift_dag
AIRFLOW_CTX_TASK_ID=Transform_location_df
AIRFLOW_CTX_EXECUTION_DATE=2023-06-13T00:00:00+00:00
AIRFLOW_CTX_TRY_NUMBER=2
AIRFLOW_CTX_DAG_RUN_ID=scheduled__2023-06-13T00:00:00+00:00
[2023-06-14T09:13:02.817+0000] {python.py:177} INFO - Done. Returned value was: None
[2023-06-14T09:13:02.829+0000] {taskinstance.py:1323} INFO - Marking task as SUCCESS. dag_id=ETL_psql_redshift_dag, task_id=Transform_location_df, execution_date=20230613T000000, start_date=20230614T091259, end_date=20230614T091302
[2023-06-14T09:13:02.923+0000] {local_task_job.py:208} INFO - Task exited with return code 0
[2023-06-14T09:13:02.950+0000] {taskinstance.py:2578} INFO - 0 downstream tasks scheduled from follow-on schedule check
