[2023-06-12T18:01:58.749+0700] {taskinstance.py:1083} INFO - Dependencies all met for <TaskInstance: ETL_psql_redshift_dag.Transform_location_df scheduled__2023-06-10T00:00:00+00:00 [queued]>
[2023-06-12T18:01:58.754+0700] {taskinstance.py:1083} INFO - Dependencies all met for <TaskInstance: ETL_psql_redshift_dag.Transform_location_df scheduled__2023-06-10T00:00:00+00:00 [queued]>
[2023-06-12T18:01:58.755+0700] {taskinstance.py:1279} INFO - 
--------------------------------------------------------------------------------
[2023-06-12T18:01:58.755+0700] {taskinstance.py:1280} INFO - Starting attempt 1 of 3
[2023-06-12T18:01:58.755+0700] {taskinstance.py:1281} INFO - 
--------------------------------------------------------------------------------
[2023-06-12T18:01:58.762+0700] {taskinstance.py:1300} INFO - Executing <Task(PythonOperator): Transform_location_df> on 2023-06-10 00:00:00+00:00
[2023-06-12T18:01:58.764+0700] {standard_task_runner.py:55} INFO - Started process 12928 to run task
[2023-06-12T18:01:58.767+0700] {standard_task_runner.py:82} INFO - Running: ['airflow', 'tasks', 'run', 'ETL_psql_redshift_dag', 'Transform_location_df', 'scheduled__2023-06-10T00:00:00+00:00', '--job-id', '24', '--raw', '--subdir', 'DAGS_FOLDER/dags_setup.py', '--cfg-path', '/var/folders/13/nw165ws91y30x7r8_6b34m_m0000gn/T/tmp18ix_l2j']
[2023-06-12T18:01:58.769+0700] {standard_task_runner.py:83} INFO - Job 24: Subtask Transform_location_df
[2023-06-12T18:01:58.815+0700] {task_command.py:388} INFO - Running <TaskInstance: ETL_psql_redshift_dag.Transform_location_df scheduled__2023-06-10T00:00:00+00:00 [running]> on host vus-macbook-pro.local
[2023-06-12T18:01:58.861+0700] {taskinstance.py:1507} INFO - Exporting the following env vars:
AIRFLOW_CTX_DAG_OWNER=vupham
AIRFLOW_CTX_DAG_ID=ETL_psql_redshift_dag
AIRFLOW_CTX_TASK_ID=Transform_location_df
AIRFLOW_CTX_EXECUTION_DATE=2023-06-10T00:00:00+00:00
AIRFLOW_CTX_TRY_NUMBER=1
AIRFLOW_CTX_DAG_RUN_ID=scheduled__2023-06-10T00:00:00+00:00
[2023-06-12T18:02:00.327+0700] {python.py:177} INFO - Done. Returned value was: None
[2023-06-12T18:02:00.339+0700] {taskinstance.py:1318} INFO - Marking task as SUCCESS. dag_id=ETL_psql_redshift_dag, task_id=Transform_location_df, execution_date=20230610T000000, start_date=20230612T110158, end_date=20230612T110200
[2023-06-12T18:02:00.390+0700] {local_task_job.py:208} INFO - Task exited with return code 0
[2023-06-12T18:02:00.410+0700] {taskinstance.py:2578} INFO - 0 downstream tasks scheduled from follow-on schedule check
[2023-06-12T18:15:10.977+0700] {taskinstance.py:1083} INFO - Dependencies all met for <TaskInstance: ETL_psql_redshift_dag.Transform_location_df scheduled__2023-06-10T00:00:00+00:00 [queued]>
[2023-06-12T18:15:10.983+0700] {taskinstance.py:1083} INFO - Dependencies all met for <TaskInstance: ETL_psql_redshift_dag.Transform_location_df scheduled__2023-06-10T00:00:00+00:00 [queued]>
[2023-06-12T18:15:10.983+0700] {taskinstance.py:1279} INFO - 
--------------------------------------------------------------------------------
[2023-06-12T18:15:10.983+0700] {taskinstance.py:1280} INFO - Starting attempt 1 of 3
[2023-06-12T18:15:10.983+0700] {taskinstance.py:1281} INFO - 
--------------------------------------------------------------------------------
[2023-06-12T18:15:10.990+0700] {taskinstance.py:1300} INFO - Executing <Task(PythonOperator): Transform_location_df> on 2023-06-10 00:00:00+00:00
[2023-06-12T18:15:10.991+0700] {standard_task_runner.py:55} INFO - Started process 15249 to run task
[2023-06-12T18:15:10.994+0700] {standard_task_runner.py:82} INFO - Running: ['airflow', 'tasks', 'run', 'ETL_psql_redshift_dag', 'Transform_location_df', 'scheduled__2023-06-10T00:00:00+00:00', '--job-id', '43', '--raw', '--subdir', 'DAGS_FOLDER/dags_setup.py', '--cfg-path', '/var/folders/13/nw165ws91y30x7r8_6b34m_m0000gn/T/tmppqx61mj_']
[2023-06-12T18:15:10.996+0700] {standard_task_runner.py:83} INFO - Job 43: Subtask Transform_location_df
[2023-06-12T18:15:11.042+0700] {task_command.py:388} INFO - Running <TaskInstance: ETL_psql_redshift_dag.Transform_location_df scheduled__2023-06-10T00:00:00+00:00 [running]> on host vus-macbook-pro.local
[2023-06-12T18:15:11.086+0700] {taskinstance.py:1507} INFO - Exporting the following env vars:
AIRFLOW_CTX_DAG_OWNER=vupham
AIRFLOW_CTX_DAG_ID=ETL_psql_redshift_dag
AIRFLOW_CTX_TASK_ID=Transform_location_df
AIRFLOW_CTX_EXECUTION_DATE=2023-06-10T00:00:00+00:00
AIRFLOW_CTX_TRY_NUMBER=1
AIRFLOW_CTX_DAG_RUN_ID=scheduled__2023-06-10T00:00:00+00:00
[2023-06-12T18:15:12.524+0700] {python.py:177} INFO - Done. Returned value was: None
[2023-06-12T18:15:12.537+0700] {taskinstance.py:1318} INFO - Marking task as SUCCESS. dag_id=ETL_psql_redshift_dag, task_id=Transform_location_df, execution_date=20230610T000000, start_date=20230612T111510, end_date=20230612T111512
[2023-06-12T18:15:12.590+0700] {local_task_job.py:208} INFO - Task exited with return code 0
[2023-06-12T18:15:12.612+0700] {taskinstance.py:2578} INFO - 0 downstream tasks scheduled from follow-on schedule check
