[2023-06-14T09:23:46.302+0000] {taskinstance.py:1083} INFO - Dependencies all met for <TaskInstance: ETL_psql_redshift_dag.Transform_shipment_df manual__2023-06-14T09:23:18.124966+00:00 [queued]>
[2023-06-14T09:23:46.311+0000] {taskinstance.py:1083} INFO - Dependencies all met for <TaskInstance: ETL_psql_redshift_dag.Transform_shipment_df manual__2023-06-14T09:23:18.124966+00:00 [queued]>
[2023-06-14T09:23:46.312+0000] {taskinstance.py:1279} INFO - 
--------------------------------------------------------------------------------
[2023-06-14T09:23:46.313+0000] {taskinstance.py:1280} INFO - Starting attempt 1 of 3
[2023-06-14T09:23:46.313+0000] {taskinstance.py:1281} INFO - 
--------------------------------------------------------------------------------
[2023-06-14T09:23:46.338+0000] {taskinstance.py:1300} INFO - Executing <Task(PythonOperator): Transform_shipment_df> on 2023-06-14 09:23:18.124966+00:00
[2023-06-14T09:23:46.350+0000] {standard_task_runner.py:55} INFO - Started process 612 to run task
[2023-06-14T09:23:46.369+0000] {standard_task_runner.py:82} INFO - Running: ['***', 'tasks', 'run', 'ETL_psql_redshift_dag', 'Transform_shipment_df', 'manual__2023-06-14T09:23:18.124966+00:00', '--job-id', '31', '--raw', '--subdir', 'DAGS_FOLDER/dags_setup.py', '--cfg-path', '/tmp/tmp1ohvszoq']
[2023-06-14T09:23:46.375+0000] {standard_task_runner.py:83} INFO - Job 31: Subtask Transform_shipment_df
[2023-06-14T09:23:46.538+0000] {task_command.py:388} INFO - Running <TaskInstance: ETL_psql_redshift_dag.Transform_shipment_df manual__2023-06-14T09:23:18.124966+00:00 [running]> on host f2da7a3b6ffa
[2023-06-14T09:23:46.651+0000] {taskinstance.py:1509} INFO - Exporting the following env vars:
AIRFLOW_CTX_DAG_OWNER=vupham
AIRFLOW_CTX_DAG_ID=ETL_psql_redshift_dag
AIRFLOW_CTX_TASK_ID=Transform_shipment_df
AIRFLOW_CTX_EXECUTION_DATE=2023-06-14T09:23:18.124966+00:00
AIRFLOW_CTX_TRY_NUMBER=1
AIRFLOW_CTX_DAG_RUN_ID=manual__2023-06-14T09:23:18.124966+00:00
[2023-06-14T09:23:55.860+0000] {python.py:177} INFO - Done. Returned value was: None
[2023-06-14T09:23:56.188+0000] {taskinstance.py:1323} INFO - Marking task as SUCCESS. dag_id=ETL_psql_redshift_dag, task_id=Transform_shipment_df, execution_date=20230614T092318, start_date=20230614T092346, end_date=20230614T092356
[2023-06-14T09:23:56.293+0000] {local_task_job.py:208} INFO - Task exited with return code 0
[2023-06-14T09:23:56.322+0000] {taskinstance.py:2578} INFO - 0 downstream tasks scheduled from follow-on schedule check
