[2023-06-12T18:01:56.043+0700] {taskinstance.py:1083} INFO - Dependencies all met for <TaskInstance: ETL_psql_redshift_dag.Transform_customer_df scheduled__2023-06-10T00:00:00+00:00 [queued]>
[2023-06-12T18:01:56.048+0700] {taskinstance.py:1083} INFO - Dependencies all met for <TaskInstance: ETL_psql_redshift_dag.Transform_customer_df scheduled__2023-06-10T00:00:00+00:00 [queued]>
[2023-06-12T18:01:56.048+0700] {taskinstance.py:1279} INFO - 
--------------------------------------------------------------------------------
[2023-06-12T18:01:56.048+0700] {taskinstance.py:1280} INFO - Starting attempt 1 of 3
[2023-06-12T18:01:56.048+0700] {taskinstance.py:1281} INFO - 
--------------------------------------------------------------------------------
[2023-06-12T18:01:56.054+0700] {taskinstance.py:1300} INFO - Executing <Task(PythonOperator): Transform_customer_df> on 2023-06-10 00:00:00+00:00
[2023-06-12T18:01:56.056+0700] {standard_task_runner.py:55} INFO - Started process 12903 to run task
[2023-06-12T18:01:56.058+0700] {standard_task_runner.py:82} INFO - Running: ['airflow', 'tasks', 'run', 'ETL_psql_redshift_dag', 'Transform_customer_df', 'scheduled__2023-06-10T00:00:00+00:00', '--job-id', '23', '--raw', '--subdir', 'DAGS_FOLDER/dags_setup.py', '--cfg-path', '/var/folders/13/nw165ws91y30x7r8_6b34m_m0000gn/T/tmpmq0k524p']
[2023-06-12T18:01:56.060+0700] {standard_task_runner.py:83} INFO - Job 23: Subtask Transform_customer_df
[2023-06-12T18:01:56.111+0700] {task_command.py:388} INFO - Running <TaskInstance: ETL_psql_redshift_dag.Transform_customer_df scheduled__2023-06-10T00:00:00+00:00 [running]> on host vus-macbook-pro.local
[2023-06-12T18:01:56.159+0700] {taskinstance.py:1507} INFO - Exporting the following env vars:
AIRFLOW_CTX_DAG_OWNER=vupham
AIRFLOW_CTX_DAG_ID=ETL_psql_redshift_dag
AIRFLOW_CTX_TASK_ID=Transform_customer_df
AIRFLOW_CTX_EXECUTION_DATE=2023-06-10T00:00:00+00:00
AIRFLOW_CTX_TRY_NUMBER=1
AIRFLOW_CTX_DAG_RUN_ID=scheduled__2023-06-10T00:00:00+00:00
[2023-06-12T18:01:56.448+0700] {python.py:177} INFO - Done. Returned value was: None
[2023-06-12T18:01:56.460+0700] {taskinstance.py:1318} INFO - Marking task as SUCCESS. dag_id=ETL_psql_redshift_dag, task_id=Transform_customer_df, execution_date=20230610T000000, start_date=20230612T110156, end_date=20230612T110156
[2023-06-12T18:01:56.481+0700] {local_task_job.py:208} INFO - Task exited with return code 0
[2023-06-12T18:01:56.503+0700] {taskinstance.py:2578} INFO - 0 downstream tasks scheduled from follow-on schedule check
[2023-06-12T18:15:14.842+0700] {taskinstance.py:1083} INFO - Dependencies all met for <TaskInstance: ETL_psql_redshift_dag.Transform_customer_df scheduled__2023-06-10T00:00:00+00:00 [queued]>
[2023-06-12T18:15:14.847+0700] {taskinstance.py:1083} INFO - Dependencies all met for <TaskInstance: ETL_psql_redshift_dag.Transform_customer_df scheduled__2023-06-10T00:00:00+00:00 [queued]>
[2023-06-12T18:15:14.848+0700] {taskinstance.py:1279} INFO - 
--------------------------------------------------------------------------------
[2023-06-12T18:15:14.848+0700] {taskinstance.py:1280} INFO - Starting attempt 1 of 3
[2023-06-12T18:15:14.848+0700] {taskinstance.py:1281} INFO - 
--------------------------------------------------------------------------------
[2023-06-12T18:15:14.855+0700] {taskinstance.py:1300} INFO - Executing <Task(PythonOperator): Transform_customer_df> on 2023-06-10 00:00:00+00:00
[2023-06-12T18:15:14.856+0700] {standard_task_runner.py:55} INFO - Started process 15275 to run task
[2023-06-12T18:15:14.859+0700] {standard_task_runner.py:82} INFO - Running: ['airflow', 'tasks', 'run', 'ETL_psql_redshift_dag', 'Transform_customer_df', 'scheduled__2023-06-10T00:00:00+00:00', '--job-id', '44', '--raw', '--subdir', 'DAGS_FOLDER/dags_setup.py', '--cfg-path', '/var/folders/13/nw165ws91y30x7r8_6b34m_m0000gn/T/tmp5b63qizg']
[2023-06-12T18:15:14.861+0700] {standard_task_runner.py:83} INFO - Job 44: Subtask Transform_customer_df
[2023-06-12T18:15:14.908+0700] {task_command.py:388} INFO - Running <TaskInstance: ETL_psql_redshift_dag.Transform_customer_df scheduled__2023-06-10T00:00:00+00:00 [running]> on host vus-macbook-pro.local
[2023-06-12T18:15:14.961+0700] {taskinstance.py:1507} INFO - Exporting the following env vars:
AIRFLOW_CTX_DAG_OWNER=vupham
AIRFLOW_CTX_DAG_ID=ETL_psql_redshift_dag
AIRFLOW_CTX_TASK_ID=Transform_customer_df
AIRFLOW_CTX_EXECUTION_DATE=2023-06-10T00:00:00+00:00
AIRFLOW_CTX_TRY_NUMBER=1
AIRFLOW_CTX_DAG_RUN_ID=scheduled__2023-06-10T00:00:00+00:00
[2023-06-12T18:15:15.237+0700] {python.py:177} INFO - Done. Returned value was: None
[2023-06-12T18:15:15.248+0700] {taskinstance.py:1318} INFO - Marking task as SUCCESS. dag_id=ETL_psql_redshift_dag, task_id=Transform_customer_df, execution_date=20230610T000000, start_date=20230612T111514, end_date=20230612T111515
[2023-06-12T18:15:15.279+0700] {local_task_job.py:208} INFO - Task exited with return code 0
[2023-06-12T18:15:15.299+0700] {taskinstance.py:2578} INFO - 0 downstream tasks scheduled from follow-on schedule check
