[2023-06-14T09:24:04.662+0000] {taskinstance.py:1083} INFO - Dependencies all met for <TaskInstance: ETL_psql_redshift_dag.Load_to_psql manual__2023-06-14T09:23:18.124966+00:00 [queued]>
[2023-06-14T09:24:04.668+0000] {taskinstance.py:1083} INFO - Dependencies all met for <TaskInstance: ETL_psql_redshift_dag.Load_to_psql manual__2023-06-14T09:23:18.124966+00:00 [queued]>
[2023-06-14T09:24:04.668+0000] {taskinstance.py:1279} INFO - 
--------------------------------------------------------------------------------
[2023-06-14T09:24:04.668+0000] {taskinstance.py:1280} INFO - Starting attempt 1 of 3
[2023-06-14T09:24:04.669+0000] {taskinstance.py:1281} INFO - 
--------------------------------------------------------------------------------
[2023-06-14T09:24:04.676+0000] {taskinstance.py:1300} INFO - Executing <Task(PythonOperator): Load_to_psql> on 2023-06-14 09:23:18.124966+00:00
[2023-06-14T09:24:04.681+0000] {standard_task_runner.py:55} INFO - Started process 616 to run task
[2023-06-14T09:24:04.685+0000] {standard_task_runner.py:82} INFO - Running: ['***', 'tasks', 'run', 'ETL_psql_redshift_dag', 'Load_to_psql', 'manual__2023-06-14T09:23:18.124966+00:00', '--job-id', '33', '--raw', '--subdir', 'DAGS_FOLDER/dags_setup.py', '--cfg-path', '/tmp/tmpi5vllnqa']
[2023-06-14T09:24:04.687+0000] {standard_task_runner.py:83} INFO - Job 33: Subtask Load_to_psql
[2023-06-14T09:24:04.738+0000] {task_command.py:388} INFO - Running <TaskInstance: ETL_psql_redshift_dag.Load_to_psql manual__2023-06-14T09:23:18.124966+00:00 [running]> on host f2da7a3b6ffa
[2023-06-14T09:24:04.788+0000] {taskinstance.py:1509} INFO - Exporting the following env vars:
AIRFLOW_CTX_DAG_OWNER=vupham
AIRFLOW_CTX_DAG_ID=ETL_psql_redshift_dag
AIRFLOW_CTX_TASK_ID=Load_to_psql
AIRFLOW_CTX_EXECUTION_DATE=2023-06-14T09:23:18.124966+00:00
AIRFLOW_CTX_TRY_NUMBER=1
AIRFLOW_CTX_DAG_RUN_ID=manual__2023-06-14T09:23:18.124966+00:00
[2023-06-14T09:24:19.068+0000] {logging_mixin.py:137} INFO - Successfully insert data to table Sale_schema.locations
[2023-06-14T09:24:38.275+0000] {logging_mixin.py:137} INFO - Successfully insert data to table Sale_schema.customers
[2023-06-14T09:26:29.243+0000] {logging_mixin.py:137} INFO - Successfully insert data to table Sale_schema.products
[2023-06-14T09:27:38.682+0000] {logging_mixin.py:137} INFO - Successfully insert data to table Sale_schema.sales
[2023-06-14T09:28:47.257+0000] {logging_mixin.py:137} INFO - Successfully insert data to table Sale_schema.shipments
[2023-06-14T09:28:47.473+0000] {python.py:177} INFO - Done. Returned value was: None
[2023-06-14T09:28:47.801+0000] {taskinstance.py:1323} INFO - Marking task as SUCCESS. dag_id=ETL_psql_redshift_dag, task_id=Load_to_psql, execution_date=20230614T092318, start_date=20230614T092404, end_date=20230614T092847
[2023-06-14T09:28:47.918+0000] {local_task_job.py:208} INFO - Task exited with return code 0
[2023-06-14T09:28:47.951+0000] {taskinstance.py:2578} INFO - 1 downstream tasks scheduled from follow-on schedule check
