[2023-06-13T11:39:36.823+0700] {taskinstance.py:1083} INFO - Dependencies all met for <TaskInstance: ETL_psql_redshift_dag.Create_redshift_schema scheduled__2023-06-12T00:00:00+00:00 [queued]>
[2023-06-13T11:39:36.830+0700] {taskinstance.py:1083} INFO - Dependencies all met for <TaskInstance: ETL_psql_redshift_dag.Create_redshift_schema scheduled__2023-06-12T00:00:00+00:00 [queued]>
[2023-06-13T11:39:36.830+0700] {taskinstance.py:1279} INFO - 
--------------------------------------------------------------------------------
[2023-06-13T11:39:36.830+0700] {taskinstance.py:1280} INFO - Starting attempt 1 of 3
[2023-06-13T11:39:36.830+0700] {taskinstance.py:1281} INFO - 
--------------------------------------------------------------------------------
[2023-06-13T11:39:36.837+0700] {taskinstance.py:1300} INFO - Executing <Task(PythonOperator): Create_redshift_schema> on 2023-06-12 00:00:00+00:00
[2023-06-13T11:39:36.840+0700] {standard_task_runner.py:55} INFO - Started process 22204 to run task
[2023-06-13T11:39:36.844+0700] {standard_task_runner.py:82} INFO - Running: ['airflow', 'tasks', 'run', 'ETL_psql_redshift_dag', 'Create_redshift_schema', 'scheduled__2023-06-12T00:00:00+00:00', '--job-id', '76', '--raw', '--subdir', 'DAGS_FOLDER/dags_setup.py', '--cfg-path', '/var/folders/13/nw165ws91y30x7r8_6b34m_m0000gn/T/tmpn9kfg7s4']
[2023-06-13T11:39:36.845+0700] {standard_task_runner.py:83} INFO - Job 76: Subtask Create_redshift_schema
[2023-06-13T11:39:36.895+0700] {task_command.py:388} INFO - Running <TaskInstance: ETL_psql_redshift_dag.Create_redshift_schema scheduled__2023-06-12T00:00:00+00:00 [running]> on host vus-macbook-pro.local
[2023-06-13T11:39:36.949+0700] {taskinstance.py:1507} INFO - Exporting the following env vars:
AIRFLOW_CTX_DAG_OWNER=vupham
AIRFLOW_CTX_DAG_ID=ETL_psql_redshift_dag
AIRFLOW_CTX_TASK_ID=Create_redshift_schema
AIRFLOW_CTX_EXECUTION_DATE=2023-06-12T00:00:00+00:00
AIRFLOW_CTX_TRY_NUMBER=1
AIRFLOW_CTX_DAG_RUN_ID=scheduled__2023-06-12T00:00:00+00:00
[2023-06-13T11:39:39.713+0700] {logging_mixin.py:137} INFO - Create redshift schema successfully
[2023-06-13T11:39:39.715+0700] {python.py:177} INFO - Done. Returned value was: None
[2023-06-13T11:39:39.741+0700] {taskinstance.py:1318} INFO - Marking task as SUCCESS. dag_id=ETL_psql_redshift_dag, task_id=Create_redshift_schema, execution_date=20230612T000000, start_date=20230613T043936, end_date=20230613T043939
[2023-06-13T11:39:39.802+0700] {local_task_job.py:208} INFO - Task exited with return code 0
[2023-06-13T11:39:39.845+0700] {taskinstance.py:2578} INFO - 1 downstream tasks scheduled from follow-on schedule check
