[2023-06-14T14:47:37.234+0000] {taskinstance.py:1083} INFO - Dependencies all met for <TaskInstance: ETL_psql_redshift_dag.Transform_product_df manual__2023-06-14T14:47:09.982216+00:00 [queued]>
[2023-06-14T14:47:37.253+0000] {taskinstance.py:1083} INFO - Dependencies all met for <TaskInstance: ETL_psql_redshift_dag.Transform_product_df manual__2023-06-14T14:47:09.982216+00:00 [queued]>
[2023-06-14T14:47:37.254+0000] {taskinstance.py:1279} INFO - 
--------------------------------------------------------------------------------
[2023-06-14T14:47:37.255+0000] {taskinstance.py:1280} INFO - Starting attempt 1 of 3
[2023-06-14T14:47:37.256+0000] {taskinstance.py:1281} INFO - 
--------------------------------------------------------------------------------
[2023-06-14T14:47:37.278+0000] {taskinstance.py:1300} INFO - Executing <Task(PythonOperator): Transform_product_df> on 2023-06-14 14:47:09.982216+00:00
[2023-06-14T14:47:37.297+0000] {standard_task_runner.py:55} INFO - Started process 1923 to run task
[2023-06-14T14:47:37.315+0000] {standard_task_runner.py:82} INFO - Running: ['***', 'tasks', 'run', 'ETL_psql_redshift_dag', 'Transform_product_df', 'manual__2023-06-14T14:47:09.982216+00:00', '--job-id', '35', '--raw', '--subdir', 'DAGS_FOLDER/dags_setup.py', '--cfg-path', '/tmp/tmpzlo8jh50']
[2023-06-14T14:47:37.324+0000] {standard_task_runner.py:83} INFO - Job 35: Subtask Transform_product_df
[2023-06-14T14:47:37.440+0000] {task_command.py:388} INFO - Running <TaskInstance: ETL_psql_redshift_dag.Transform_product_df manual__2023-06-14T14:47:09.982216+00:00 [running]> on host 3d4df578486c
[2023-06-14T14:47:37.563+0000] {taskinstance.py:1509} INFO - Exporting the following env vars:
AIRFLOW_CTX_DAG_OWNER=vupham
AIRFLOW_CTX_DAG_ID=ETL_psql_redshift_dag
AIRFLOW_CTX_TASK_ID=Transform_product_df
AIRFLOW_CTX_EXECUTION_DATE=2023-06-14T14:47:09.982216+00:00
AIRFLOW_CTX_TRY_NUMBER=1
AIRFLOW_CTX_DAG_RUN_ID=manual__2023-06-14T14:47:09.982216+00:00
[2023-06-14T14:47:50.468+0000] {python.py:177} INFO - Done. Returned value was: None
[2023-06-14T14:47:50.486+0000] {taskinstance.py:1323} INFO - Marking task as SUCCESS. dag_id=ETL_psql_redshift_dag, task_id=Transform_product_df, execution_date=20230614T144709, start_date=20230614T144737, end_date=20230614T144750
[2023-06-14T14:47:50.551+0000] {local_task_job.py:208} INFO - Task exited with return code 0
[2023-06-14T14:47:50.573+0000] {taskinstance.py:2578} INFO - 0 downstream tasks scheduled from follow-on schedule check
