[2023-06-12T18:02:18.582+0700] {taskinstance.py:1083} INFO - Dependencies all met for <TaskInstance: ETL_psql_redshift_dag.Transform_shipment_df scheduled__2023-06-10T00:00:00+00:00 [queued]>
[2023-06-12T18:02:18.603+0700] {taskinstance.py:1083} INFO - Dependencies all met for <TaskInstance: ETL_psql_redshift_dag.Transform_shipment_df scheduled__2023-06-10T00:00:00+00:00 [queued]>
[2023-06-12T18:02:18.603+0700] {taskinstance.py:1279} INFO - 
--------------------------------------------------------------------------------
[2023-06-12T18:02:18.604+0700] {taskinstance.py:1280} INFO - Starting attempt 1 of 3
[2023-06-12T18:02:18.604+0700] {taskinstance.py:1281} INFO - 
--------------------------------------------------------------------------------
[2023-06-12T18:02:18.618+0700] {taskinstance.py:1300} INFO - Executing <Task(PythonOperator): Transform_shipment_df> on 2023-06-10 00:00:00+00:00
[2023-06-12T18:02:18.623+0700] {standard_task_runner.py:55} INFO - Started process 13033 to run task
[2023-06-12T18:02:18.627+0700] {standard_task_runner.py:82} INFO - Running: ['airflow', 'tasks', 'run', 'ETL_psql_redshift_dag', 'Transform_shipment_df', 'scheduled__2023-06-10T00:00:00+00:00', '--job-id', '27', '--raw', '--subdir', 'DAGS_FOLDER/dags_setup.py', '--cfg-path', '/var/folders/13/nw165ws91y30x7r8_6b34m_m0000gn/T/tmppbjwivnq']
[2023-06-12T18:02:18.629+0700] {standard_task_runner.py:83} INFO - Job 27: Subtask Transform_shipment_df
[2023-06-12T18:02:18.680+0700] {task_command.py:388} INFO - Running <TaskInstance: ETL_psql_redshift_dag.Transform_shipment_df scheduled__2023-06-10T00:00:00+00:00 [running]> on host vus-macbook-pro.local
[2023-06-12T18:02:18.727+0700] {taskinstance.py:1507} INFO - Exporting the following env vars:
AIRFLOW_CTX_DAG_OWNER=vupham
AIRFLOW_CTX_DAG_ID=ETL_psql_redshift_dag
AIRFLOW_CTX_TASK_ID=Transform_shipment_df
AIRFLOW_CTX_EXECUTION_DATE=2023-06-10T00:00:00+00:00
AIRFLOW_CTX_TRY_NUMBER=1
AIRFLOW_CTX_DAG_RUN_ID=scheduled__2023-06-10T00:00:00+00:00
[2023-06-12T18:02:20.414+0700] {python.py:177} INFO - Done. Returned value was: None
[2023-06-12T18:02:20.432+0700] {taskinstance.py:1318} INFO - Marking task as SUCCESS. dag_id=ETL_psql_redshift_dag, task_id=Transform_shipment_df, execution_date=20230610T000000, start_date=20230612T110218, end_date=20230612T110220
[2023-06-12T18:02:20.486+0700] {local_task_job.py:208} INFO - Task exited with return code 0
[2023-06-12T18:02:20.556+0700] {taskinstance.py:2578} INFO - 1 downstream tasks scheduled from follow-on schedule check
[2023-06-12T18:15:33.842+0700] {taskinstance.py:1083} INFO - Dependencies all met for <TaskInstance: ETL_psql_redshift_dag.Transform_shipment_df scheduled__2023-06-10T00:00:00+00:00 [queued]>
[2023-06-12T18:15:33.848+0700] {taskinstance.py:1083} INFO - Dependencies all met for <TaskInstance: ETL_psql_redshift_dag.Transform_shipment_df scheduled__2023-06-10T00:00:00+00:00 [queued]>
[2023-06-12T18:15:33.848+0700] {taskinstance.py:1279} INFO - 
--------------------------------------------------------------------------------
[2023-06-12T18:15:33.848+0700] {taskinstance.py:1280} INFO - Starting attempt 1 of 3
[2023-06-12T18:15:33.848+0700] {taskinstance.py:1281} INFO - 
--------------------------------------------------------------------------------
[2023-06-12T18:15:33.857+0700] {taskinstance.py:1300} INFO - Executing <Task(PythonOperator): Transform_shipment_df> on 2023-06-10 00:00:00+00:00
[2023-06-12T18:15:33.859+0700] {standard_task_runner.py:55} INFO - Started process 15379 to run task
[2023-06-12T18:15:33.862+0700] {standard_task_runner.py:82} INFO - Running: ['airflow', 'tasks', 'run', 'ETL_psql_redshift_dag', 'Transform_shipment_df', 'scheduled__2023-06-10T00:00:00+00:00', '--job-id', '47', '--raw', '--subdir', 'DAGS_FOLDER/dags_setup.py', '--cfg-path', '/var/folders/13/nw165ws91y30x7r8_6b34m_m0000gn/T/tmp15tbl1fp']
[2023-06-12T18:15:33.863+0700] {standard_task_runner.py:83} INFO - Job 47: Subtask Transform_shipment_df
[2023-06-12T18:15:33.910+0700] {task_command.py:388} INFO - Running <TaskInstance: ETL_psql_redshift_dag.Transform_shipment_df scheduled__2023-06-10T00:00:00+00:00 [running]> on host vus-macbook-pro.local
[2023-06-12T18:15:33.952+0700] {taskinstance.py:1507} INFO - Exporting the following env vars:
AIRFLOW_CTX_DAG_OWNER=vupham
AIRFLOW_CTX_DAG_ID=ETL_psql_redshift_dag
AIRFLOW_CTX_TASK_ID=Transform_shipment_df
AIRFLOW_CTX_EXECUTION_DATE=2023-06-10T00:00:00+00:00
AIRFLOW_CTX_TRY_NUMBER=1
AIRFLOW_CTX_DAG_RUN_ID=scheduled__2023-06-10T00:00:00+00:00
[2023-06-12T18:15:35.740+0700] {python.py:177} INFO - Done. Returned value was: None
[2023-06-12T18:15:35.748+0700] {taskinstance.py:1318} INFO - Marking task as SUCCESS. dag_id=ETL_psql_redshift_dag, task_id=Transform_shipment_df, execution_date=20230610T000000, start_date=20230612T111533, end_date=20230612T111535
[2023-06-12T18:15:35.794+0700] {local_task_job.py:208} INFO - Task exited with return code 0
[2023-06-12T18:15:35.819+0700] {taskinstance.py:2578} INFO - 1 downstream tasks scheduled from follow-on schedule check
