[2023-06-13T14:44:43.575+0000] {taskinstance.py:1083} INFO - Dependencies all met for <TaskInstance: ETL_psql_redshift_dag.Transform_shipment_df manual__2023-06-13T14:44:40.914207+00:00 [queued]>
[2023-06-13T14:44:43.591+0000] {taskinstance.py:1083} INFO - Dependencies all met for <TaskInstance: ETL_psql_redshift_dag.Transform_shipment_df manual__2023-06-13T14:44:40.914207+00:00 [queued]>
[2023-06-13T14:44:43.592+0000] {taskinstance.py:1279} INFO - 
--------------------------------------------------------------------------------
[2023-06-13T14:44:43.592+0000] {taskinstance.py:1280} INFO - Starting attempt 1 of 3
[2023-06-13T14:44:43.593+0000] {taskinstance.py:1281} INFO - 
--------------------------------------------------------------------------------
[2023-06-13T14:44:43.613+0000] {taskinstance.py:1300} INFO - Executing <Task(PythonOperator): Transform_shipment_df> on 2023-06-13 14:44:40.914207+00:00
[2023-06-13T14:44:43.621+0000] {standard_task_runner.py:55} INFO - Started process 312 to run task
[2023-06-13T14:44:43.634+0000] {standard_task_runner.py:82} INFO - Running: ['***', 'tasks', 'run', 'ETL_psql_redshift_dag', 'Transform_shipment_df', 'manual__2023-06-13T14:44:40.914207+00:00', '--job-id', '15', '--raw', '--subdir', 'DAGS_FOLDER/dags_setup.py', '--cfg-path', '/tmp/tmpen4skelc']
[2023-06-13T14:44:43.653+0000] {standard_task_runner.py:83} INFO - Job 15: Subtask Transform_shipment_df
[2023-06-13T14:44:43.776+0000] {task_command.py:388} INFO - Running <TaskInstance: ETL_psql_redshift_dag.Transform_shipment_df manual__2023-06-13T14:44:40.914207+00:00 [running]> on host 63f0fed3274d
[2023-06-13T14:44:43.919+0000] {taskinstance.py:1509} INFO - Exporting the following env vars:
AIRFLOW_CTX_DAG_OWNER=vupham
AIRFLOW_CTX_DAG_ID=ETL_psql_redshift_dag
AIRFLOW_CTX_TASK_ID=Transform_shipment_df
AIRFLOW_CTX_EXECUTION_DATE=2023-06-13T14:44:40.914207+00:00
AIRFLOW_CTX_TRY_NUMBER=1
AIRFLOW_CTX_DAG_RUN_ID=manual__2023-06-13T14:44:40.914207+00:00
[2023-06-13T14:44:50.571+0000] {python.py:177} INFO - Done. Returned value was: None
[2023-06-13T14:44:50.581+0000] {taskinstance.py:1323} INFO - Marking task as SUCCESS. dag_id=ETL_psql_redshift_dag, task_id=Transform_shipment_df, execution_date=20230613T144440, start_date=20230613T144443, end_date=20230613T144450
[2023-06-13T14:44:50.649+0000] {local_task_job.py:208} INFO - Task exited with return code 0
[2023-06-13T14:44:50.671+0000] {taskinstance.py:2578} INFO - 0 downstream tasks scheduled from follow-on schedule check
