[2023-06-14T09:11:02.808+0000] {taskinstance.py:1083} INFO - Dependencies all met for <TaskInstance: ETL_psql_redshift_dag.Transform_sale_df manual__2023-06-14T09:10:10.647035+00:00 [queued]>
[2023-06-14T09:11:02.820+0000] {taskinstance.py:1083} INFO - Dependencies all met for <TaskInstance: ETL_psql_redshift_dag.Transform_sale_df manual__2023-06-14T09:10:10.647035+00:00 [queued]>
[2023-06-14T09:11:02.821+0000] {taskinstance.py:1279} INFO - 
--------------------------------------------------------------------------------
[2023-06-14T09:11:02.822+0000] {taskinstance.py:1280} INFO - Starting attempt 1 of 3
[2023-06-14T09:11:02.822+0000] {taskinstance.py:1281} INFO - 
--------------------------------------------------------------------------------
[2023-06-14T09:11:02.853+0000] {taskinstance.py:1300} INFO - Executing <Task(PythonOperator): Transform_sale_df> on 2023-06-14 09:10:10.647035+00:00
[2023-06-14T09:11:02.866+0000] {standard_task_runner.py:55} INFO - Started process 327 to run task
[2023-06-14T09:11:02.899+0000] {standard_task_runner.py:82} INFO - Running: ['***', 'tasks', 'run', 'ETL_psql_redshift_dag', 'Transform_sale_df', 'manual__2023-06-14T09:10:10.647035+00:00', '--job-id', '12', '--raw', '--subdir', 'DAGS_FOLDER/dags_setup.py', '--cfg-path', '/tmp/tmpxy0lgqaq']
[2023-06-14T09:11:02.902+0000] {standard_task_runner.py:83} INFO - Job 12: Subtask Transform_sale_df
[2023-06-14T09:11:03.065+0000] {task_command.py:388} INFO - Running <TaskInstance: ETL_psql_redshift_dag.Transform_sale_df manual__2023-06-14T09:10:10.647035+00:00 [running]> on host f2da7a3b6ffa
[2023-06-14T09:11:03.322+0000] {taskinstance.py:1509} INFO - Exporting the following env vars:
AIRFLOW_CTX_DAG_OWNER=vupham
AIRFLOW_CTX_DAG_ID=ETL_psql_redshift_dag
AIRFLOW_CTX_TASK_ID=Transform_sale_df
AIRFLOW_CTX_EXECUTION_DATE=2023-06-14T09:10:10.647035+00:00
AIRFLOW_CTX_TRY_NUMBER=1
AIRFLOW_CTX_DAG_RUN_ID=manual__2023-06-14T09:10:10.647035+00:00
[2023-06-14T09:11:23.684+0000] {python.py:177} INFO - Done. Returned value was: None
[2023-06-14T09:11:23.700+0000] {taskinstance.py:1323} INFO - Marking task as SUCCESS. dag_id=ETL_psql_redshift_dag, task_id=Transform_sale_df, execution_date=20230614T091010, start_date=20230614T091102, end_date=20230614T091123
[2023-06-14T09:11:23.843+0000] {local_task_job.py:208} INFO - Task exited with return code 0
[2023-06-14T09:11:23.871+0000] {taskinstance.py:2578} INFO - 1 downstream tasks scheduled from follow-on schedule check
