[2023-06-13T11:45:58.897+0700] {taskinstance.py:1083} INFO - Dependencies all met for <TaskInstance: ETL_psql_redshift_dag.ETL_s3 manual__2023-06-13T04:41:58.394184+00:00 [queued]>
[2023-06-13T11:45:58.905+0700] {taskinstance.py:1083} INFO - Dependencies all met for <TaskInstance: ETL_psql_redshift_dag.ETL_s3 manual__2023-06-13T04:41:58.394184+00:00 [queued]>
[2023-06-13T11:45:58.905+0700] {taskinstance.py:1279} INFO - 
--------------------------------------------------------------------------------
[2023-06-13T11:45:58.905+0700] {taskinstance.py:1280} INFO - Starting attempt 1 of 3
[2023-06-13T11:45:58.906+0700] {taskinstance.py:1281} INFO - 
--------------------------------------------------------------------------------
[2023-06-13T11:45:58.914+0700] {taskinstance.py:1300} INFO - Executing <Task(PythonOperator): ETL_s3> on 2023-06-13 04:41:58.394184+00:00
[2023-06-13T11:45:58.917+0700] {standard_task_runner.py:55} INFO - Started process 23281 to run task
[2023-06-13T11:45:58.921+0700] {standard_task_runner.py:82} INFO - Running: ['airflow', 'tasks', 'run', 'ETL_psql_redshift_dag', 'ETL_s3', 'manual__2023-06-13T04:41:58.394184+00:00', '--job-id', '85', '--raw', '--subdir', 'DAGS_FOLDER/dags_setup.py', '--cfg-path', '/var/folders/13/nw165ws91y30x7r8_6b34m_m0000gn/T/tmpz57reg1r']
[2023-06-13T11:45:58.922+0700] {standard_task_runner.py:83} INFO - Job 85: Subtask ETL_s3
[2023-06-13T11:45:58.986+0700] {task_command.py:388} INFO - Running <TaskInstance: ETL_psql_redshift_dag.ETL_s3 manual__2023-06-13T04:41:58.394184+00:00 [running]> on host vus-macbook-pro.local
[2023-06-13T11:45:59.053+0700] {taskinstance.py:1507} INFO - Exporting the following env vars:
AIRFLOW_CTX_DAG_OWNER=vupham
AIRFLOW_CTX_DAG_ID=ETL_psql_redshift_dag
AIRFLOW_CTX_TASK_ID=ETL_s3
AIRFLOW_CTX_EXECUTION_DATE=2023-06-13T04:41:58.394184+00:00
AIRFLOW_CTX_TRY_NUMBER=1
AIRFLOW_CTX_DAG_RUN_ID=manual__2023-06-13T04:41:58.394184+00:00
[2023-06-13T11:46:09.988+0700] {logging_mixin.py:137} INFO - Loading products to s3
[2023-06-13T11:46:18.975+0700] {logging_mixin.py:137} INFO - Load successfully
[2023-06-13T11:46:18.975+0700] {logging_mixin.py:137} INFO - Loading sales to s3
[2023-06-13T11:46:24.462+0700] {logging_mixin.py:137} INFO - Load successfully
[2023-06-13T11:46:24.463+0700] {logging_mixin.py:137} INFO - Loading customers to s3
[2023-06-13T11:46:25.290+0700] {logging_mixin.py:137} INFO - Load successfully
[2023-06-13T11:46:25.290+0700] {logging_mixin.py:137} INFO - Loading shipments to s3
[2023-06-13T11:46:28.343+0700] {logging_mixin.py:137} INFO - Load successfully
[2023-06-13T11:46:28.343+0700] {logging_mixin.py:137} INFO - Loading locations to s3
[2023-06-13T11:46:30.784+0700] {logging_mixin.py:137} INFO - Load successfully
[2023-06-13T11:46:30.785+0700] {logging_mixin.py:137} INFO - Loading time to s3
[2023-06-13T11:46:30.907+0700] {logging_mixin.py:137} INFO - Load successfully
[2023-06-13T11:46:31.024+0700] {python.py:177} INFO - Done. Returned value was: None
[2023-06-13T11:46:31.034+0700] {taskinstance.py:1318} INFO - Marking task as SUCCESS. dag_id=ETL_psql_redshift_dag, task_id=ETL_s3, execution_date=20230613T044158, start_date=20230613T044558, end_date=20230613T044631
[2023-06-13T11:46:31.084+0700] {local_task_job.py:208} INFO - Task exited with return code 0
[2023-06-13T11:46:31.105+0700] {taskinstance.py:2578} INFO - 1 downstream tasks scheduled from follow-on schedule check
