[2023-06-14T14:52:46.400+0000] {taskinstance.py:1083} INFO - Dependencies all met for <TaskInstance: ETL_psql_redshift_dag.ETL_s3 manual__2023-06-14T14:47:09.982216+00:00 [queued]>
[2023-06-14T14:52:46.408+0000] {taskinstance.py:1083} INFO - Dependencies all met for <TaskInstance: ETL_psql_redshift_dag.ETL_s3 manual__2023-06-14T14:47:09.982216+00:00 [queued]>
[2023-06-14T14:52:46.408+0000] {taskinstance.py:1279} INFO - 
--------------------------------------------------------------------------------
[2023-06-14T14:52:46.409+0000] {taskinstance.py:1280} INFO - Starting attempt 1 of 3
[2023-06-14T14:52:46.409+0000] {taskinstance.py:1281} INFO - 
--------------------------------------------------------------------------------
[2023-06-14T14:52:46.416+0000] {taskinstance.py:1300} INFO - Executing <Task(PythonOperator): ETL_s3> on 2023-06-14 14:47:09.982216+00:00
[2023-06-14T14:52:46.422+0000] {standard_task_runner.py:55} INFO - Started process 1993 to run task
[2023-06-14T14:52:46.426+0000] {standard_task_runner.py:82} INFO - Running: ['***', 'tasks', 'run', 'ETL_psql_redshift_dag', 'ETL_s3', 'manual__2023-06-14T14:47:09.982216+00:00', '--job-id', '41', '--raw', '--subdir', 'DAGS_FOLDER/dags_setup.py', '--cfg-path', '/tmp/tmppjhvs_oc']
[2023-06-14T14:52:46.428+0000] {standard_task_runner.py:83} INFO - Job 41: Subtask ETL_s3
[2023-06-14T14:52:46.482+0000] {task_command.py:388} INFO - Running <TaskInstance: ETL_psql_redshift_dag.ETL_s3 manual__2023-06-14T14:47:09.982216+00:00 [running]> on host 3d4df578486c
[2023-06-14T14:52:46.530+0000] {taskinstance.py:1509} INFO - Exporting the following env vars:
AIRFLOW_CTX_DAG_OWNER=vupham
AIRFLOW_CTX_DAG_ID=ETL_psql_redshift_dag
AIRFLOW_CTX_TASK_ID=ETL_s3
AIRFLOW_CTX_EXECUTION_DATE=2023-06-14T14:47:09.982216+00:00
AIRFLOW_CTX_TRY_NUMBER=1
AIRFLOW_CTX_DAG_RUN_ID=manual__2023-06-14T14:47:09.982216+00:00
[2023-06-14T14:52:52.766+0000] {logging_mixin.py:137} INFO - Loading products to s3
[2023-06-14T14:53:02.473+0000] {logging_mixin.py:137} INFO - Load successfully
[2023-06-14T14:53:02.476+0000] {logging_mixin.py:137} INFO - Loading sales to s3
[2023-06-14T14:53:08.795+0000] {logging_mixin.py:137} INFO - Load successfully
[2023-06-14T14:53:08.800+0000] {logging_mixin.py:137} INFO - Loading customers to s3
[2023-06-14T14:53:09.660+0000] {logging_mixin.py:137} INFO - Load successfully
[2023-06-14T14:53:09.662+0000] {logging_mixin.py:137} INFO - Loading shipments to s3
[2023-06-14T14:53:12.862+0000] {logging_mixin.py:137} INFO - Load successfully
[2023-06-14T14:53:12.864+0000] {logging_mixin.py:137} INFO - Loading locations to s3
[2023-06-14T14:53:15.594+0000] {logging_mixin.py:137} INFO - Load successfully
[2023-06-14T14:53:15.598+0000] {logging_mixin.py:137} INFO - Loading time to s3
[2023-06-14T14:53:15.727+0000] {logging_mixin.py:137} INFO - Load successfully
[2023-06-14T14:53:16.375+0000] {python.py:177} INFO - Done. Returned value was: None
[2023-06-14T14:53:16.424+0000] {taskinstance.py:1323} INFO - Marking task as SUCCESS. dag_id=ETL_psql_redshift_dag, task_id=ETL_s3, execution_date=20230614T144709, start_date=20230614T145246, end_date=20230614T145316
[2023-06-14T14:53:16.696+0000] {local_task_job.py:208} INFO - Task exited with return code 0
[2023-06-14T14:53:16.749+0000] {taskinstance.py:2578} INFO - 1 downstream tasks scheduled from follow-on schedule check
