[2023-06-12T18:24:58.863+0700] {taskinstance.py:1083} INFO - Dependencies all met for <TaskInstance: ETL_psql_redshift_dag.Create_redshift_schema scheduled__2023-06-11T00:00:00+00:00 [queued]>
[2023-06-12T18:24:58.869+0700] {taskinstance.py:1083} INFO - Dependencies all met for <TaskInstance: ETL_psql_redshift_dag.Create_redshift_schema scheduled__2023-06-11T00:00:00+00:00 [queued]>
[2023-06-12T18:24:58.869+0700] {taskinstance.py:1279} INFO - 
--------------------------------------------------------------------------------
[2023-06-12T18:24:58.869+0700] {taskinstance.py:1280} INFO - Starting attempt 1 of 3
[2023-06-12T18:24:58.869+0700] {taskinstance.py:1281} INFO - 
--------------------------------------------------------------------------------
[2023-06-12T18:24:58.876+0700] {taskinstance.py:1300} INFO - Executing <Task(PythonOperator): Create_redshift_schema> on 2023-06-11 00:00:00+00:00
[2023-06-12T18:24:58.879+0700] {standard_task_runner.py:55} INFO - Started process 17238 to run task
[2023-06-12T18:24:58.882+0700] {standard_task_runner.py:82} INFO - Running: ['airflow', 'tasks', 'run', 'ETL_psql_redshift_dag', 'Create_redshift_schema', 'scheduled__2023-06-11T00:00:00+00:00', '--job-id', '65', '--raw', '--subdir', 'DAGS_FOLDER/dags_setup.py', '--cfg-path', '/var/folders/13/nw165ws91y30x7r8_6b34m_m0000gn/T/tmpacddyw3l']
[2023-06-12T18:24:58.884+0700] {standard_task_runner.py:83} INFO - Job 65: Subtask Create_redshift_schema
[2023-06-12T18:24:58.941+0700] {task_command.py:388} INFO - Running <TaskInstance: ETL_psql_redshift_dag.Create_redshift_schema scheduled__2023-06-11T00:00:00+00:00 [running]> on host vus-macbook-pro.local
[2023-06-12T18:24:58.989+0700] {taskinstance.py:1507} INFO - Exporting the following env vars:
AIRFLOW_CTX_DAG_OWNER=vupham
AIRFLOW_CTX_DAG_ID=ETL_psql_redshift_dag
AIRFLOW_CTX_TASK_ID=Create_redshift_schema
AIRFLOW_CTX_EXECUTION_DATE=2023-06-11T00:00:00+00:00
AIRFLOW_CTX_TRY_NUMBER=1
AIRFLOW_CTX_DAG_RUN_ID=scheduled__2023-06-11T00:00:00+00:00
[2023-06-12T18:25:01.736+0700] {logging_mixin.py:137} INFO - Create redshift schema successfully
[2023-06-12T18:25:01.737+0700] {python.py:177} INFO - Done. Returned value was: None
[2023-06-12T18:25:01.754+0700] {taskinstance.py:1318} INFO - Marking task as SUCCESS. dag_id=ETL_psql_redshift_dag, task_id=Create_redshift_schema, execution_date=20230611T000000, start_date=20230612T112458, end_date=20230612T112501
[2023-06-12T18:25:01.776+0700] {local_task_job.py:208} INFO - Task exited with return code 0
[2023-06-12T18:25:01.818+0700] {taskinstance.py:2578} INFO - 1 downstream tasks scheduled from follow-on schedule check
